<?xml version="1.0" encoding="UTF-8"?>
<coverage generated="1545175778382" clover="3.2.0">
  <project timestamp="1545175778382" name="All files">
    <metrics statements="854" coveredstatements="582" conditionals="769" coveredconditionals="282" methods="309" coveredmethods="176" elements="1932" coveredelements="1040" complexity="0" loc="854" ncloc="854" packages="3" files="5" classes="5">
      <package name="coverage.lcov-report">
        <metrics statements="105" coveredstatements="0" conditionals="321" coveredconditionals="0" methods="52" coveredmethods="0"/>
        <file name="block-navigation.js" path="/Users/felix/projects/jazzband/coverage/lcov-report/block-navigation.js">
          <metrics statements="27" coveredstatements="0" conditionals="15" coveredconditionals="0" methods="6" coveredmethods="0"/>
          <line num="1" count="0" type="stmt"/>
          <line num="3" count="0" type="stmt"/>
          <line num="6" count="0" type="stmt"/>
          <line num="9" count="0" type="stmt"/>
          <line num="12" count="0" type="stmt"/>
          <line num="17" count="0" type="stmt"/>
          <line num="18" count="0" type="stmt"/>
          <line num="22" count="0" type="stmt"/>
          <line num="23" count="0" type="stmt"/>
          <line num="24" count="0" type="stmt"/>
          <line num="29" count="0" type="stmt"/>
          <line num="30" count="0" type="cond" truecount="0" falsecount="4"/>
          <line num="31" count="0" type="stmt"/>
          <line num="32" count="0" type="cond" truecount="0" falsecount="2"/>
          <line num="33" count="0" type="stmt"/>
          <line num="36" count="0" type="stmt"/>
          <line num="40" count="0" type="stmt"/>
          <line num="42" count="0" type="cond" truecount="0" falsecount="4"/>
          <line num="43" count="0" type="stmt"/>
          <line num="46" count="0" type="stmt"/>
          <line num="49" count="0" type="stmt"/>
          <line num="50" count="0" type="cond" truecount="0" falsecount="5"/>
          <line num="53" count="0" type="stmt"/>
          <line num="54" count="0" type="stmt"/>
          <line num="58" count="0" type="stmt"/>
          <line num="59" count="0" type="stmt"/>
          <line num="63" count="0" type="stmt"/>
        </file>
        <file name="prettify.js" path="/Users/felix/projects/jazzband/coverage/lcov-report/prettify.js">
          <metrics statements="1" coveredstatements="0" conditionals="284" coveredconditionals="0" methods="29" coveredmethods="0"/>
          <line num="1" count="0" type="cond" truecount="0" falsecount="284"/>
        </file>
        <file name="sorter.js" path="/Users/felix/projects/jazzband/coverage/lcov-report/sorter.js">
          <metrics statements="77" coveredstatements="0" conditionals="22" coveredconditionals="0" methods="17" coveredmethods="0"/>
          <line num="1" count="0" type="stmt"/>
          <line num="4" count="0" type="stmt"/>
          <line num="10" count="0" type="stmt"/>
          <line num="12" count="0" type="stmt"/>
          <line num="14" count="0" type="stmt"/>
          <line num="16" count="0" type="stmt"/>
          <line num="20" count="0" type="stmt"/>
          <line num="22" count="0" type="stmt"/>
          <line num="26" count="0" type="stmt"/>
          <line num="27" count="0" type="stmt"/>
          <line num="28" count="0" type="stmt"/>
          <line num="33" count="0" type="stmt"/>
          <line num="34" count="0" type="cond" truecount="0" falsecount="2"/>
          <line num="35" count="0" type="stmt"/>
          <line num="36" count="0" type="stmt"/>
          <line num="39" count="0" type="stmt"/>
          <line num="44" count="0" type="stmt"/>
          <line num="47" count="0" type="stmt"/>
          <line num="50" count="0" type="stmt"/>
          <line num="51" count="0" type="stmt"/>
          <line num="52" count="0" type="stmt"/>
          <line num="53" count="0" type="stmt"/>
          <line num="54" count="0" type="cond" truecount="0" falsecount="2"/>
          <line num="55" count="0" type="stmt"/>
          <line num="57" count="0" type="stmt"/>
          <line num="59" count="0" type="stmt"/>
          <line num="63" count="0" type="stmt"/>
          <line num="66" count="0" type="stmt"/>
          <line num="67" count="0" type="stmt"/>
          <line num="72" count="0" type="stmt"/>
          <line num="73" count="0" type="stmt"/>
          <line num="74" count="0" type="stmt"/>
          <line num="75" count="0" type="stmt"/>
          <line num="76" count="0" type="cond" truecount="0" falsecount="4"/>
          <line num="78" count="0" type="stmt"/>
          <line num="79" count="0" type="stmt"/>
          <line num="80" count="0" type="stmt"/>
          <line num="81" count="0" type="stmt"/>
          <line num="84" count="0" type="cond" truecount="0" falsecount="2"/>
          <line num="85" count="0" type="stmt"/>
          <line num="86" count="0" type="stmt"/>
          <line num="90" count="0" type="stmt"/>
          <line num="91" count="0" type="stmt"/>
          <line num="92" count="0" type="stmt"/>
          <line num="95" count="0" type="stmt"/>
          <line num="97" count="0" type="stmt"/>
          <line num="98" count="0" type="stmt"/>
          <line num="103" count="0" type="stmt"/>
          <line num="104" count="0" type="stmt"/>
          <line num="106" count="0" type="stmt"/>
          <line num="107" count="0" type="stmt"/>
          <line num="111" count="0" type="cond" truecount="0" falsecount="2"/>
          <line num="117" count="0" type="stmt"/>
          <line num="118" count="0" type="stmt"/>
          <line num="120" count="0" type="stmt"/>
          <line num="121" count="0" type="stmt"/>
          <line num="123" count="0" type="cond" truecount="0" falsecount="2"/>
          <line num="124" count="0" type="stmt"/>
          <line num="126" count="0" type="stmt"/>
          <line num="127" count="0" type="stmt"/>
          <line num="128" count="0" type="stmt"/>
          <line num="129" count="0" type="stmt"/>
          <line num="130" count="0" type="stmt"/>
          <line num="133" count="0" type="stmt"/>
          <line num="134" count="0" type="cond" truecount="0" falsecount="2"/>
          <line num="137" count="0" type="stmt"/>
          <line num="138" count="0" type="cond" truecount="0" falsecount="2"/>
          <line num="139" count="0" type="stmt"/>
          <line num="141" count="0" type="stmt"/>
          <line num="147" count="0" type="stmt"/>
          <line num="148" count="0" type="cond" truecount="0" falsecount="2"/>
          <line num="149" count="0" type="stmt"/>
          <line num="151" count="0" type="stmt"/>
          <line num="152" count="0" type="stmt"/>
          <line num="153" count="0" type="stmt"/>
          <line num="154" count="0" type="stmt"/>
          <line num="158" count="0" type="stmt"/>
        </file>
      </package>
      <package name="lib">
        <metrics statements="382" coveredstatements="291" conditionals="220" coveredconditionals="135" methods="126" coveredmethods="86"/>
        <file name="util.js" path="/Users/felix/projects/jazzband/lib/util.js">
          <metrics statements="382" coveredstatements="291" conditionals="220" coveredconditionals="135" methods="126" coveredmethods="86"/>
          <line num="2" count="1" type="cond" truecount="3" falsecount="0"/>
          <line num="3" count="1" type="cond" truecount="3" falsecount="1"/>
          <line num="4" count="0" type="stmt"/>
          <line num="5" count="0" type="cond" truecount="0" falsecount="4"/>
          <line num="6" count="0" type="stmt"/>
          <line num="7" count="0" type="stmt"/>
          <line num="9" count="1" type="stmt"/>
          <line num="10" count="1" type="stmt"/>
          <line num="11" count="1" type="stmt"/>
          <line num="12" count="1" type="stmt"/>
          <line num="13" count="1" type="stmt"/>
          <line num="15" count="0" type="stmt"/>
          <line num="17" count="1" type="stmt"/>
          <line num="19" count="0" type="stmt"/>
          <line num="21" count="1" type="stmt"/>
          <line num="23" count="0" type="cond" truecount="0" falsecount="2"/>
          <line num="24" count="0" type="stmt"/>
          <line num="26" count="0" type="stmt"/>
          <line num="27" count="0" type="stmt"/>
          <line num="28" count="0" type="cond" truecount="0" falsecount="2"/>
          <line num="29" count="0" type="stmt"/>
          <line num="31" count="1" type="stmt"/>
          <line num="34" count="0" type="stmt"/>
          <line num="35" count="0" type="stmt"/>
          <line num="36" count="0" type="stmt"/>
          <line num="38" count="0" type="stmt"/>
          <line num="40" count="1" type="stmt"/>
          <line num="42" count="29" type="stmt"/>
          <line num="53" count="29" type="stmt"/>
          <line num="54" count="29" type="stmt"/>
          <line num="55" count="29" type="cond" truecount="1" falsecount="1"/>
          <line num="57" count="1" type="stmt"/>
          <line num="59" count="0" type="stmt"/>
          <line num="61" count="1" type="stmt"/>
          <line num="64" count="0" type="cond" truecount="0" falsecount="2"/>
          <line num="65" count="0" type="cond" truecount="0" falsecount="4"/>
          <line num="66" count="0" type="stmt"/>
          <line num="68" count="0" type="stmt"/>
          <line num="70" count="1" type="stmt"/>
          <line num="72" count="0" type="cond" truecount="0" falsecount="2"/>
          <line num="73" count="0" type="cond" truecount="0" falsecount="2"/>
          <line num="74" count="0" type="stmt"/>
          <line num="76" count="1" type="stmt"/>
          <line num="78" count="0" type="stmt"/>
          <line num="79" count="0" type="cond" truecount="0" falsecount="2"/>
          <line num="80" count="0" type="cond" truecount="0" falsecount="2"/>
          <line num="82" count="0" type="stmt"/>
          <line num="83" count="0" type="stmt"/>
          <line num="85" count="0" type="cond" truecount="0" falsecount="2"/>
          <line num="86" count="0" type="stmt"/>
          <line num="88" count="0" type="stmt"/>
          <line num="89" count="0" type="cond" truecount="0" falsecount="2"/>
          <line num="90" count="0" type="stmt"/>
          <line num="92" count="0" type="stmt"/>
          <line num="94" count="1" type="stmt"/>
          <line num="96" count="0" type="cond" truecount="0" falsecount="2"/>
          <line num="97" count="0" type="cond" truecount="0" falsecount="3"/>
          <line num="99" count="1" type="stmt"/>
          <line num="102" count="0" type="stmt"/>
          <line num="104" count="0" type="stmt"/>
          <line num="105" count="0" type="cond" truecount="0" falsecount="2"/>
          <line num="106" count="0" type="cond" truecount="0" falsecount="4"/>
          <line num="107" count="0" type="stmt"/>
          <line num="108" count="0" type="stmt"/>
          <line num="110" count="0" type="stmt"/>
          <line num="113" count="1" type="stmt"/>
          <line num="115" count="79" type="stmt"/>
          <line num="119" count="79" type="cond" truecount="2" falsecount="0"/>
          <line num="120" count="11" type="stmt"/>
          <line num="122" count="68" type="cond" truecount="2" falsecount="0"/>
          <line num="123" count="4" type="stmt"/>
          <line num="125" count="64" type="stmt"/>
          <line num="127" count="1" type="stmt"/>
          <line num="130" count="88" type="cond" truecount="1" falsecount="1"/>
          <line num="131" count="88" type="stmt"/>
          <line num="139" count="88" type="cond" truecount="2" falsecount="0"/>
          <line num="140" count="12" type="stmt"/>
          <line num="142" count="76" type="stmt"/>
          <line num="144" count="1" type="stmt"/>
          <line num="147" count="26" type="cond" truecount="6" falsecount="0"/>
          <line num="149" count="18" type="stmt"/>
          <line num="151" count="8" type="stmt"/>
          <line num="153" count="1" type="stmt"/>
          <line num="156" count="78" type="cond" truecount="2" falsecount="0"/>
          <line num="157" count="78" type="stmt"/>
          <line num="158" count="78" type="cond" truecount="2" falsecount="0"/>
          <line num="159" count="59" type="stmt"/>
          <line num="160" count="59" type="cond" truecount="2" falsecount="0"/>
          <line num="161" count="10" type="stmt"/>
          <line num="164" count="78" type="cond" truecount="4" falsecount="0"/>
          <line num="165" count="19" type="stmt"/>
          <line num="167" count="59" type="stmt"/>
          <line num="169" count="1" type="stmt"/>
          <line num="171" count="13" type="cond" truecount="1" falsecount="1"/>
          <line num="172" count="28" type="stmt"/>
          <line num="174" count="1" type="stmt"/>
          <line num="177" count="13" type="cond" truecount="2" falsecount="0"/>
          <line num="178" count="13" type="stmt"/>
          <line num="179" count="16" type="stmt"/>
          <line num="180" count="16" type="cond" truecount="2" falsecount="0"/>
          <line num="181" count="5" type="cond" truecount="2" falsecount="0"/>
          <line num="183" count="11" type="stmt"/>
          <line num="186" count="1" type="stmt"/>
          <line num="189" count="6" type="cond" truecount="1" falsecount="1"/>
          <line num="190" count="6" type="stmt"/>
          <line num="191" count="6" type="stmt"/>
          <line num="193" count="1" type="stmt"/>
          <line num="196" count="12" type="cond" truecount="2" falsecount="0"/>
          <line num="197" count="12" type="cond" truecount="2" falsecount="0"/>
          <line num="198" count="12" type="cond" truecount="1" falsecount="1"/>
          <line num="199" count="12" type="stmt"/>
          <line num="200" count="24" type="stmt"/>
          <line num="203" count="12" type="cond" truecount="1" falsecount="1"/>
          <line num="204" count="0" type="stmt"/>
          <line num="206" count="24" type="stmt"/>
          <line num="208" count="1" type="stmt"/>
          <line num="210" count="0" type="stmt"/>
          <line num="212" count="0" type="stmt"/>
          <line num="214" count="0" type="stmt"/>
          <line num="218" count="1" type="stmt"/>
          <line num="220" count="0" type="cond" truecount="0" falsecount="2"/>
          <line num="221" count="0" type="cond" truecount="0" falsecount="2"/>
          <line num="222" count="0" type="stmt"/>
          <line num="228" count="0" type="stmt"/>
          <line num="229" count="0" type="stmt"/>
          <line num="231" count="1" type="stmt"/>
          <line num="233" count="0" type="stmt"/>
          <line num="235" count="0" type="stmt"/>
          <line num="236" count="0" type="stmt"/>
          <line num="237" count="0" type="cond" truecount="0" falsecount="2"/>
          <line num="238" count="0" type="stmt"/>
          <line num="241" count="1" type="stmt"/>
          <line num="243" count="0" type="stmt"/>
          <line num="245" count="1" type="stmt"/>
          <line num="247" count="0" type="cond" truecount="0" falsecount="2"/>
          <line num="249" count="1" type="stmt"/>
          <line num="251" count="0" type="stmt"/>
          <line num="253" count="1" type="stmt"/>
          <line num="255" count="0" type="cond" truecount="0" falsecount="2"/>
          <line num="256" count="0" type="cond" truecount="0" falsecount="2"/>
          <line num="257" count="0" type="stmt"/>
          <line num="259" count="0" type="cond" truecount="0" falsecount="2"/>
          <line num="260" count="0" type="stmt"/>
          <line num="261" count="0" type="stmt"/>
          <line num="263" count="0" type="cond" truecount="0" falsecount="2"/>
          <line num="264" count="0" type="stmt"/>
          <line num="265" count="0" type="stmt"/>
          <line num="267" count="0" type="stmt"/>
          <line num="269" count="1" type="stmt"/>
          <line num="273" count="548" type="cond" truecount="4" falsecount="0"/>
          <line num="274" count="2" type="stmt"/>
          <line num="276" count="548" type="stmt"/>
          <line num="278" count="1" type="stmt"/>
          <line num="279" count="1" type="stmt"/>
          <line num="296" count="235" type="stmt"/>
          <line num="297" count="235" type="stmt"/>
          <line num="298" count="1868" type="stmt"/>
          <line num="299" count="235" type="cond" truecount="2" falsecount="0"/>
          <line num="302" count="235" type="stmt"/>
          <line num="304" count="1" type="stmt"/>
          <line num="306" count="9" type="cond" truecount="2" falsecount="0"/>
          <line num="307" count="9" type="stmt"/>
          <line num="308" count="9" type="stmt"/>
          <line num="309" count="154" type="stmt"/>
          <line num="311" count="1" type="stmt"/>
          <line num="313" count="6" type="cond" truecount="1" falsecount="1"/>
          <line num="314" count="6" type="stmt"/>
          <line num="315" count="6" type="cond" truecount="1" falsecount="1"/>
          <line num="316" count="0" type="stmt"/>
          <line num="317" count="0" type="stmt"/>
          <line num="319" count="6" type="stmt"/>
          <line num="321" count="1" type="stmt"/>
          <line num="323" count="110" type="stmt"/>
          <line num="324" count="313" type="cond" truecount="2" falsecount="0"/>
          <line num="327" count="1" type="stmt"/>
          <line num="329" count="40" type="stmt"/>
          <line num="331" count="1" type="stmt"/>
          <line num="333" count="46" type="cond" truecount="2" falsecount="0"/>
          <line num="335" count="1" type="stmt"/>
          <line num="337" count="16" type="stmt"/>
          <line num="339" count="1" type="stmt"/>
          <line num="341" count="0" type="stmt"/>
          <line num="343" count="1" type="stmt"/>
          <line num="345" count="8" type="stmt"/>
          <line num="347" count="1" type="stmt"/>
          <line num="349" count="24" type="stmt"/>
          <line num="351" count="1" type="stmt"/>
          <line num="353" count="3" type="stmt"/>
          <line num="355" count="1" type="stmt"/>
          <line num="357" count="46" type="stmt"/>
          <line num="359" count="1" type="stmt"/>
          <line num="361" count="0" type="cond" truecount="0" falsecount="2"/>
          <line num="363" count="1" type="stmt"/>
          <line num="365" count="502" type="cond" truecount="1" falsecount="1"/>
          <line num="366" count="502" type="stmt"/>
          <line num="368" count="1" type="stmt"/>
          <line num="370" count="11" type="stmt"/>
          <line num="371" count="11" type="stmt"/>
          <line num="372" count="11" type="stmt"/>
          <line num="374" count="11" type="cond" truecount="2" falsecount="0"/>
          <line num="375" count="5" type="stmt"/>
          <line num="379" count="6" type="stmt"/>
          <line num="380" count="6" type="stmt"/>
          <line num="382" count="11" type="cond" truecount="2" falsecount="0"/>
          <line num="383" count="6" type="stmt"/>
          <line num="385" count="5" type="stmt"/>
          <line num="387" count="1" type="stmt"/>
          <line num="393" count="5" type="stmt"/>
          <line num="394" count="5" type="stmt"/>
          <line num="395" count="5" type="cond" truecount="2" falsecount="0"/>
          <line num="396" count="2" type="stmt"/>
          <line num="398" count="3" type="cond" truecount="1" falsecount="1"/>
          <line num="399" count="3" type="stmt"/>
          <line num="402" count="0" type="stmt"/>
          <line num="405" count="1" type="stmt"/>
          <line num="407" count="5" type="stmt"/>
          <line num="409" count="1" type="stmt"/>
          <line num="411" count="3" type="stmt"/>
          <line num="412" count="3" type="stmt"/>
          <line num="414" count="1" type="stmt"/>
          <line num="416" count="8" type="stmt"/>
          <line num="417" count="8" type="stmt"/>
          <line num="419" count="1" type="stmt"/>
          <line num="421" count="13" type="stmt"/>
          <line num="422" count="27" type="stmt"/>
          <line num="424" count="1" type="stmt"/>
          <line num="426" count="0" type="stmt"/>
          <line num="428" count="1" type="stmt"/>
          <line num="430" count="0" type="stmt"/>
          <line num="432" count="1" type="stmt"/>
          <line num="434" count="0" type="stmt"/>
          <line num="436" count="1" type="stmt"/>
          <line num="438" count="0" type="cond" truecount="0" falsecount="2"/>
          <line num="439" count="0" type="stmt"/>
          <line num="441" count="0" type="cond" truecount="0" falsecount="2"/>
          <line num="442" count="0" type="stmt"/>
          <line num="444" count="0" type="stmt"/>
          <line num="446" count="1" type="stmt"/>
          <line num="448" count="18" type="stmt"/>
          <line num="451" count="13" type="cond" truecount="2" falsecount="0"/>
          <line num="453" count="13" type="stmt"/>
          <line num="454" count="13" type="stmt"/>
          <line num="455" count="13" type="cond" truecount="2" falsecount="0"/>
          <line num="457" count="5" type="stmt"/>
          <line num="458" count="5" type="stmt"/>
          <line num="459" count="82" type="cond" truecount="2" falsecount="0"/>
          <line num="460" count="67" type="stmt"/>
          <line num="462" count="15" type="cond" truecount="2" falsecount="0"/>
          <line num="463" count="5" type="stmt"/>
          <line num="465" count="82" type="stmt"/>
          <line num="468" count="5" type="stmt"/>
          <line num="469" count="82" type="cond" truecount="2" falsecount="0"/>
          <line num="470" count="5" type="stmt"/>
          <line num="472" count="82" type="stmt"/>
          <line num="475" count="5" type="stmt"/>
          <line num="476" count="82" type="cond" truecount="2" falsecount="0"/>
          <line num="477" count="5" type="stmt"/>
          <line num="478" count="5" type="stmt"/>
          <line num="480" count="82" type="stmt"/>
          <line num="481" count="82" type="stmt"/>
          <line num="484" count="5" type="stmt"/>
          <line num="485" count="88" type="cond" truecount="2" falsecount="0"/>
          <line num="486" count="88" type="stmt"/>
          <line num="489" count="5" type="stmt"/>
          <line num="490" count="88" type="stmt"/>
          <line num="491" count="88" type="cond" truecount="1" falsecount="1"/>
          <line num="492" count="88" type="stmt"/>
          <line num="495" count="88" type="stmt"/>
          <line num="496" count="88" type="stmt"/>
          <line num="498" count="5" type="stmt"/>
          <line num="500" count="5" type="stmt"/>
          <line num="501" count="5" type="stmt"/>
          <line num="502" count="949" type="cond" truecount="2" falsecount="0"/>
          <line num="503" count="93" type="stmt"/>
          <line num="505" count="949" type="cond" truecount="6" falsecount="0"/>
          <line num="506" count="17" type="stmt"/>
          <line num="507" count="17" type="stmt"/>
          <line num="509" count="949" type="stmt"/>
          <line num="513" count="8" type="stmt"/>
          <line num="515" count="13" type="stmt"/>
          <line num="520" count="1" type="stmt"/>
          <line num="522" count="24" type="cond" truecount="2" falsecount="0"/>
          <line num="523" count="24" type="stmt"/>
          <line num="529" count="24" type="cond" truecount="2" falsecount="0"/>
          <line num="531" count="3" type="stmt"/>
          <line num="541" count="21" type="stmt"/>
          <line num="549" count="24" type="stmt"/>
          <line num="551" count="1" type="stmt"/>
          <line num="553" count="8" type="cond" truecount="1" falsecount="1"/>
          <line num="554" count="8" type="stmt"/>
          <line num="555" count="8" type="stmt"/>
          <line num="557" count="62" type="stmt"/>
          <line num="558" count="67" type="stmt"/>
          <line num="559" count="62" type="cond" truecount="2" falsecount="0"/>
          <line num="560" count="46" type="stmt"/>
          <line num="564" count="46" type="cond" truecount="2" falsecount="0"/>
          <line num="565" count="2" type="cond" truecount="1" falsecount="1"/>
          <line num="566" count="0" type="stmt"/>
          <line num="568" count="2" type="stmt"/>
          <line num="570" count="46" type="stmt"/>
          <line num="572" count="46" type="cond" truecount="2" falsecount="0"/>
          <line num="573" count="2" type="cond" truecount="1" falsecount="1"/>
          <line num="574" count="0" type="stmt"/>
          <line num="576" count="2" type="stmt"/>
          <line num="578" count="51" type="stmt"/>
          <line num="579" count="49" type="stmt"/>
          <line num="580" count="46" type="cond" truecount="2" falsecount="0"/>
          <line num="581" count="2" type="stmt"/>
          <line num="583" count="51" type="stmt"/>
          <line num="585" count="46" type="stmt"/>
          <line num="586" count="46" type="stmt"/>
          <line num="587" count="46" type="stmt"/>
          <line num="590" count="46" type="cond" truecount="1" falsecount="1"/>
          <line num="591" count="0" type="stmt"/>
          <line num="593" count="46" type="cond" truecount="2" falsecount="0"/>
          <line num="594" count="43" type="stmt"/>
          <line num="596" count="46" type="cond" truecount="1" falsecount="1"/>
          <line num="597" count="0" type="stmt"/>
          <line num="599" count="46" type="stmt"/>
          <line num="602" count="46" type="stmt"/>
          <line num="605" count="46" type="cond" truecount="1" falsecount="1"/>
          <line num="606" count="0" type="stmt"/>
          <line num="608" count="46" type="cond" truecount="4" falsecount="0"/>
          <line num="609" count="41" type="cond" truecount="2" falsecount="0"/>
          <line num="613" count="5" type="stmt"/>
          <line num="616" count="1" type="stmt"/>
          <line num="618" count="2" type="stmt"/>
          <line num="621" count="1" type="stmt"/>
          <line num="623" count="1" type="stmt"/>
          <line num="624" count="1" type="stmt"/>
          <line num="626" count="1" type="stmt"/>
          <line num="628" count="1" type="stmt"/>
          <line num="629" count="4" type="cond" truecount="2" falsecount="0"/>
          <line num="630" count="4" type="cond" truecount="2" falsecount="0"/>
          <line num="631" count="4" type="cond" truecount="4" falsecount="0"/>
          <line num="632" count="4" type="stmt"/>
          <line num="634" count="1" type="stmt"/>
          <line num="635" count="1" type="stmt"/>
          <line num="636" count="1" type="stmt"/>
          <line num="638" count="1" type="stmt"/>
          <line num="649" count="12" type="stmt"/>
          <line num="651" count="496" type="stmt"/>
          <line num="653" count="12" type="stmt"/>
          <line num="654" count="64" type="stmt"/>
          <line num="655" count="422" type="stmt"/>
          <line num="656" count="248" type="cond" truecount="2" falsecount="0"/>
          <line num="657" count="64" type="stmt"/>
          <line num="658" count="64" type="stmt"/>
          <line num="660" count="12" type="stmt"/>
          <line num="662" count="1" type="stmt"/>
          <line num="664" count="1" type="cond" truecount="1" falsecount="1"/>
          <line num="665" count="1" type="stmt"/>
          <line num="666" count="1" type="stmt"/>
          <line num="667" count="1" type="stmt"/>
          <line num="668" count="1" type="cond" truecount="1" falsecount="1"/>
          <line num="669" count="0" type="stmt"/>
          <line num="671" count="1" type="cond" truecount="1" falsecount="1"/>
          <line num="673" count="1" type="cond" truecount="1" falsecount="1"/>
          <line num="675" count="1" type="stmt"/>
          <line num="677" count="1" type="stmt"/>
          <line num="680" count="9" type="stmt"/>
          <line num="682" count="1" type="stmt"/>
          <line num="684" count="6" type="stmt"/>
          <line num="685" count="15" type="stmt"/>
          <line num="688" count="1" type="stmt"/>
          <line num="690" count="9" type="stmt"/>
          <line num="691" count="23" type="stmt"/>
          <line num="694" count="1" type="stmt"/>
          <line num="696" count="0" type="cond" truecount="0" falsecount="2"/>
          <line num="698" count="1" type="stmt"/>
          <line num="709" count="10" type="cond" truecount="2" falsecount="0"/>
          <line num="710" count="30" type="stmt"/>
          <line num="711" count="10" type="cond" truecount="2" falsecount="0"/>
          <line num="712" count="27" type="stmt"/>
          <line num="714" count="1" type="stmt"/>
          <line num="716" count="1" type="stmt"/>
          <line num="718" count="3" type="cond" truecount="1" falsecount="1"/>
          <line num="719" count="3" type="stmt"/>
          <line num="721" count="1" type="stmt"/>
          <line num="723" count="5" type="cond" truecount="1" falsecount="1"/>
          <line num="724" count="5" type="stmt"/>
          <line num="726" count="1" type="stmt"/>
        </file>
      </package>
      <package name="src">
        <metrics statements="367" coveredstatements="291" conditionals="228" coveredconditionals="147" methods="131" coveredmethods="90"/>
        <file name="util.ts" path="/Users/felix/projects/jazzband/src/util.ts">
          <metrics statements="367" coveredstatements="291" conditionals="228" coveredconditionals="147" methods="131" coveredmethods="90"/>
          <line num="1" count="2" type="stmt"/>
          <line num="2" count="2" type="stmt"/>
          <line num="3" count="2" type="stmt"/>
          <line num="4" count="2" type="stmt"/>
          <line num="7" count="2" type="stmt"/>
          <line num="8" count="0" type="stmt"/>
          <line num="11" count="2" type="stmt"/>
          <line num="12" count="0" type="stmt"/>
          <line num="15" count="2" type="stmt"/>
          <line num="16" count="0" type="cond" truecount="0" falsecount="2"/>
          <line num="17" count="0" type="stmt"/>
          <line num="19" count="0" type="stmt"/>
          <line num="20" count="0" type="stmt"/>
          <line num="21" count="0" type="cond" truecount="0" falsecount="2"/>
          <line num="22" count="0" type="stmt"/>
          <line num="25" count="2" type="stmt"/>
          <line num="26" count="0" type="stmt"/>
          <line num="27" count="0" type="stmt"/>
          <line num="28" count="0" type="stmt"/>
          <line num="30" count="0" type="stmt"/>
          <line num="33" count="2" type="stmt"/>
          <line num="34" count="29" type="stmt"/>
          <line num="45" count="29" type="stmt"/>
          <line num="46" count="29" type="stmt"/>
          <line num="47" count="29" type="cond" truecount="1" falsecount="1"/>
          <line num="50" count="2" type="stmt"/>
          <line num="51" count="0" type="stmt"/>
          <line num="55" count="2" type="cond" truecount="0" falsecount="2"/>
          <line num="56" count="0" type="cond" truecount="0" falsecount="4"/>
          <line num="57" count="0" type="stmt"/>
          <line num="59" count="0" type="stmt"/>
          <line num="62" count="2" type="cond" truecount="0" falsecount="4"/>
          <line num="63" count="0" type="stmt"/>
          <line num="66" count="2" type="cond" truecount="0" falsecount="2"/>
          <line num="67" count="0" type="cond" truecount="0" falsecount="2"/>
          <line num="69" count="0" type="stmt"/>
          <line num="70" count="0" type="stmt"/>
          <line num="72" count="0" type="cond" truecount="0" falsecount="2"/>
          <line num="73" count="0" type="stmt"/>
          <line num="75" count="0" type="stmt"/>
          <line num="76" count="0" type="cond" truecount="0" falsecount="2"/>
          <line num="77" count="0" type="stmt"/>
          <line num="79" count="0" type="stmt"/>
          <line num="82" count="2" type="cond" truecount="0" falsecount="2"/>
          <line num="83" count="0" type="cond" truecount="0" falsecount="3"/>
          <line num="87" count="2" type="stmt"/>
          <line num="89" count="0" type="stmt"/>
          <line num="90" count="0" type="cond" truecount="0" falsecount="2"/>
          <line num="91" count="0" type="cond" truecount="0" falsecount="4"/>
          <line num="92" count="0" type="stmt"/>
          <line num="93" count="0" type="stmt"/>
          <line num="95" count="0" type="stmt"/>
          <line num="99" count="2" type="stmt"/>
          <line num="100" count="79" type="stmt"/>
          <line num="104" count="79" type="cond" truecount="2" falsecount="0"/>
          <line num="105" count="11" type="stmt"/>
          <line num="107" count="68" type="cond" truecount="2" falsecount="0"/>
          <line num="108" count="4" type="stmt"/>
          <line num="110" count="64" type="stmt"/>
          <line num="114" count="2" type="stmt"/>
          <line num="115" count="88" type="cond" truecount="1" falsecount="1"/>
          <line num="117" count="88" type="stmt"/>
          <line num="126" count="88" type="cond" truecount="2" falsecount="0"/>
          <line num="127" count="12" type="stmt"/>
          <line num="129" count="76" type="stmt"/>
          <line num="135" count="2" type="stmt"/>
          <line num="136" count="26" type="cond" truecount="2" falsecount="0"/>
          <line num="140" count="18" type="stmt"/>
          <line num="142" count="8" type="stmt"/>
          <line num="146" count="121" type="cond" truecount="2" falsecount="0"/>
          <line num="147" count="78" type="stmt"/>
          <line num="148" count="78" type="cond" truecount="2" falsecount="0"/>
          <line num="149" count="59" type="stmt"/>
          <line num="150" count="59" type="cond" truecount="2" falsecount="0"/>
          <line num="151" count="10" type="stmt"/>
          <line num="154" count="78" type="cond" truecount="4" falsecount="0"/>
          <line num="155" count="19" type="stmt"/>
          <line num="157" count="59" type="stmt"/>
          <line num="160" count="13" type="cond" truecount="1" falsecount="1"/>
          <line num="161" count="28" type="stmt"/>
          <line num="165" count="14" type="cond" truecount="2" falsecount="0"/>
          <line num="166" count="13" type="stmt"/>
          <line num="167" count="16" type="stmt"/>
          <line num="168" count="16" type="cond" truecount="2" falsecount="0"/>
          <line num="169" count="5" type="cond" truecount="2" falsecount="0"/>
          <line num="171" count="11" type="stmt"/>
          <line num="176" count="12" type="cond" truecount="1" falsecount="1"/>
          <line num="177" count="6" type="stmt"/>
          <line num="178" count="6" type="stmt"/>
          <line num="182" count="24" type="cond" truecount="5" falsecount="1"/>
          <line num="183" count="12" type="stmt"/>
          <line num="184" count="24" type="stmt"/>
          <line num="187" count="12" type="cond" truecount="1" falsecount="1"/>
          <line num="188" count="0" type="stmt"/>
          <line num="190" count="24" type="stmt"/>
          <line num="193" count="2" type="stmt"/>
          <line num="194" count="0" type="stmt"/>
          <line num="196" count="0" type="stmt"/>
          <line num="198" count="0" type="stmt"/>
          <line num="203" count="2" type="cond" truecount="0" falsecount="4"/>
          <line num="204" count="0" type="stmt"/>
          <line num="210" count="0" type="stmt"/>
          <line num="211" count="0" type="stmt"/>
          <line num="224" count="2" type="stmt"/>
          <line num="226" count="0" type="stmt"/>
          <line num="227" count="0" type="stmt"/>
          <line num="228" count="0" type="cond" truecount="0" falsecount="2"/>
          <line num="229" count="0" type="stmt"/>
          <line num="233" count="2" type="stmt"/>
          <line num="234" count="0" type="stmt"/>
          <line num="237" count="2" type="stmt"/>
          <line num="238" count="0" type="cond" truecount="0" falsecount="2"/>
          <line num="241" count="2" type="stmt"/>
          <line num="242" count="0" type="stmt"/>
          <line num="245" count="2" type="cond" truecount="0" falsecount="2"/>
          <line num="246" count="0" type="cond" truecount="0" falsecount="2"/>
          <line num="247" count="0" type="stmt"/>
          <line num="249" count="0" type="cond" truecount="0" falsecount="2"/>
          <line num="250" count="0" type="stmt"/>
          <line num="251" count="0" type="stmt"/>
          <line num="253" count="0" type="cond" truecount="0" falsecount="2"/>
          <line num="254" count="0" type="stmt"/>
          <line num="255" count="0" type="stmt"/>
          <line num="257" count="0" type="stmt"/>
          <line num="260" count="2" type="stmt"/>
          <line num="261" count="8" type="stmt"/>
          <line num="262" count="8" type="stmt"/>
          <line num="268" count="2" type="stmt"/>
          <line num="269" count="548" type="cond" truecount="4" falsecount="0"/>
          <line num="270" count="2" type="stmt"/>
          <line num="272" count="548" type="stmt"/>
          <line num="275" count="2" type="stmt"/>
          <line num="292" count="2" type="stmt"/>
          <line num="293" count="235" type="stmt"/>
          <line num="294" count="235" type="stmt"/>
          <line num="295" count="1868" type="stmt"/>
          <line num="296" count="235" type="cond" truecount="2" falsecount="0"/>
          <line num="299" count="235" type="stmt"/>
          <line num="302" count="2" type="stmt"/>
          <line num="303" count="0" type="stmt"/>
          <line num="310" count="16" type="cond" truecount="2" falsecount="0"/>
          <line num="311" count="9" type="stmt"/>
          <line num="312" count="9" type="stmt"/>
          <line num="313" count="154" type="stmt"/>
          <line num="316" count="12" type="cond" truecount="1" falsecount="1"/>
          <line num="317" count="6" type="stmt"/>
          <line num="318" count="6" type="cond" truecount="1" falsecount="1"/>
          <line num="319" count="0" type="stmt"/>
          <line num="320" count="0" type="stmt"/>
          <line num="322" count="6" type="stmt"/>
          <line num="325" count="2" type="stmt"/>
          <line num="326" count="110" type="stmt"/>
          <line num="327" count="313" type="cond" truecount="2" falsecount="0"/>
          <line num="331" count="2" type="stmt"/>
          <line num="332" count="40" type="stmt"/>
          <line num="335" count="2" type="stmt"/>
          <line num="336" count="46" type="cond" truecount="2" falsecount="0"/>
          <line num="339" count="2" type="stmt"/>
          <line num="340" count="16" type="stmt"/>
          <line num="344" count="2" type="stmt"/>
          <line num="345" count="8" type="stmt"/>
          <line num="348" count="2" type="stmt"/>
          <line num="349" count="24" type="stmt"/>
          <line num="352" count="2" type="stmt"/>
          <line num="353" count="3" type="stmt"/>
          <line num="356" count="2" type="stmt"/>
          <line num="357" count="46" type="stmt"/>
          <line num="360" count="2" type="stmt"/>
          <line num="361" count="0" type="cond" truecount="0" falsecount="2"/>
          <line num="364" count="502" type="cond" truecount="1" falsecount="1"/>
          <line num="365" count="502" type="stmt"/>
          <line num="368" count="2" type="stmt"/>
          <line num="369" count="11" type="stmt"/>
          <line num="370" count="11" type="stmt"/>
          <line num="371" count="11" type="stmt"/>
          <line num="373" count="11" type="cond" truecount="2" falsecount="0"/>
          <line num="374" count="5" type="stmt"/>
          <line num="377" count="6" type="stmt"/>
          <line num="378" count="6" type="stmt"/>
          <line num="380" count="11" type="cond" truecount="2" falsecount="0"/>
          <line num="381" count="6" type="stmt"/>
          <line num="383" count="5" type="stmt"/>
          <line num="391" count="2" type="stmt"/>
          <line num="392" count="5" type="stmt"/>
          <line num="393" count="5" type="stmt"/>
          <line num="394" count="5" type="cond" truecount="2" falsecount="0"/>
          <line num="395" count="2" type="stmt"/>
          <line num="396" count="3" type="cond" truecount="1" falsecount="1"/>
          <line num="397" count="3" type="stmt"/>
          <line num="399" count="0" type="stmt"/>
          <line num="403" count="2" type="stmt"/>
          <line num="404" count="5" type="stmt"/>
          <line num="407" count="2" type="stmt"/>
          <line num="408" count="3" type="stmt"/>
          <line num="409" count="3" type="stmt"/>
          <line num="413" count="2" type="stmt"/>
          <line num="414" count="13" type="stmt"/>
          <line num="415" count="27" type="stmt"/>
          <line num="418" count="2" type="stmt"/>
          <line num="419" count="0" type="stmt"/>
          <line num="422" count="2" type="stmt"/>
          <line num="423" count="0" type="stmt"/>
          <line num="426" count="2" type="stmt"/>
          <line num="427" count="0" type="stmt"/>
          <line num="431" count="2" type="stmt"/>
          <line num="432" count="0" type="cond" truecount="0" falsecount="2"/>
          <line num="433" count="0" type="stmt"/>
          <line num="434" count="0" type="cond" truecount="0" falsecount="2"/>
          <line num="435" count="0" type="stmt"/>
          <line num="437" count="0" type="stmt"/>
          <line num="441" count="18" type="stmt"/>
          <line num="444" count="18" type="cond" truecount="2" falsecount="0"/>
          <line num="446" count="13" type="stmt"/>
          <line num="447" count="13" type="stmt"/>
          <line num="449" count="13" type="cond" truecount="2" falsecount="0"/>
          <line num="451" count="5" type="stmt"/>
          <line num="452" count="5" type="stmt"/>
          <line num="453" count="82" type="cond" truecount="2" falsecount="0"/>
          <line num="454" count="67" type="stmt"/>
          <line num="455" count="15" type="cond" truecount="2" falsecount="0"/>
          <line num="456" count="5" type="stmt"/>
          <line num="458" count="82" type="stmt"/>
          <line num="461" count="5" type="stmt"/>
          <line num="462" count="82" type="cond" truecount="2" falsecount="0"/>
          <line num="463" count="5" type="stmt"/>
          <line num="465" count="82" type="stmt"/>
          <line num="468" count="5" type="stmt"/>
          <line num="469" count="82" type="cond" truecount="2" falsecount="0"/>
          <line num="470" count="5" type="stmt"/>
          <line num="471" count="5" type="stmt"/>
          <line num="473" count="82" type="stmt"/>
          <line num="474" count="82" type="stmt"/>
          <line num="477" count="5" type="stmt"/>
          <line num="478" count="88" type="cond" truecount="2" falsecount="0"/>
          <line num="479" count="88" type="stmt"/>
          <line num="482" count="5" type="stmt"/>
          <line num="483" count="88" type="stmt"/>
          <line num="484" count="88" type="cond" truecount="1" falsecount="1"/>
          <line num="485" count="88" type="stmt"/>
          <line num="488" count="88" type="stmt"/>
          <line num="489" count="88" type="stmt"/>
          <line num="492" count="5" type="stmt"/>
          <line num="494" count="5" type="stmt"/>
          <line num="495" count="5" type="stmt"/>
          <line num="496" count="949" type="cond" truecount="2" falsecount="0"/>
          <line num="497" count="93" type="stmt"/>
          <line num="499" count="949" type="cond" truecount="6" falsecount="0"/>
          <line num="500" count="17" type="stmt"/>
          <line num="501" count="17" type="stmt"/>
          <line num="503" count="949" type="stmt"/>
          <line num="506" count="8" type="stmt"/>
          <line num="508" count="13" type="stmt"/>
          <line num="514" count="32" type="cond" truecount="2" falsecount="0"/>
          <line num="515" count="24" type="stmt"/>
          <line num="521" count="24" type="cond" truecount="2" falsecount="0"/>
          <line num="523" count="3" type="stmt"/>
          <line num="532" count="21" type="stmt"/>
          <line num="540" count="24" type="stmt"/>
          <line num="543" count="16" type="cond" truecount="1" falsecount="1"/>
          <line num="544" count="8" type="stmt"/>
          <line num="545" count="8" type="stmt"/>
          <line num="547" count="62" type="stmt"/>
          <line num="548" count="67" type="stmt"/>
          <line num="549" count="62" type="cond" truecount="2" falsecount="0"/>
          <line num="550" count="46" type="stmt"/>
          <line num="554" count="46" type="cond" truecount="2" falsecount="0"/>
          <line num="555" count="2" type="cond" truecount="1" falsecount="1"/>
          <line num="556" count="0" type="stmt"/>
          <line num="558" count="2" type="stmt"/>
          <line num="560" count="46" type="stmt"/>
          <line num="562" count="46" type="cond" truecount="2" falsecount="0"/>
          <line num="563" count="2" type="cond" truecount="1" falsecount="1"/>
          <line num="564" count="0" type="stmt"/>
          <line num="566" count="2" type="stmt"/>
          <line num="568" count="51" type="stmt"/>
          <line num="569" count="49" type="stmt"/>
          <line num="570" count="46" type="cond" truecount="2" falsecount="0"/>
          <line num="571" count="2" type="stmt"/>
          <line num="573" count="51" type="stmt"/>
          <line num="575" count="46" type="stmt"/>
          <line num="576" count="46" type="stmt"/>
          <line num="577" count="46" type="stmt"/>
          <line num="580" count="46" type="cond" truecount="1" falsecount="1"/>
          <line num="581" count="0" type="stmt"/>
          <line num="583" count="46" type="cond" truecount="2" falsecount="0"/>
          <line num="584" count="43" type="stmt"/>
          <line num="586" count="46" type="cond" truecount="1" falsecount="1"/>
          <line num="587" count="0" type="stmt"/>
          <line num="589" count="46" type="stmt"/>
          <line num="592" count="46" type="stmt"/>
          <line num="595" count="46" type="cond" truecount="1" falsecount="1"/>
          <line num="596" count="0" type="stmt"/>
          <line num="598" count="46" type="cond" truecount="4" falsecount="0"/>
          <line num="599" count="41" type="stmt"/>
          <line num="603" count="5" type="stmt"/>
          <line num="607" count="2" type="stmt"/>
          <line num="608" count="2" type="stmt"/>
          <line num="612" count="2" type="stmt"/>
          <line num="613" count="1" type="stmt"/>
          <line num="614" count="1" type="stmt"/>
          <line num="619" count="2" type="stmt"/>
          <line num="620" count="1" type="stmt"/>
          <line num="621" count="4" type="cond" truecount="2" falsecount="0"/>
          <line num="622" count="4" type="cond" truecount="2" falsecount="0"/>
          <line num="623" count="4" type="cond" truecount="4" falsecount="0"/>
          <line num="624" count="4" type="stmt"/>
          <line num="626" count="1" type="stmt"/>
          <line num="627" count="1" type="stmt"/>
          <line num="628" count="1" type="stmt"/>
          <line num="641" count="2" type="stmt"/>
          <line num="642" count="12" type="stmt"/>
          <line num="644" count="496" type="stmt"/>
          <line num="646" count="12" type="stmt"/>
          <line num="647" count="64" type="stmt"/>
          <line num="648" count="422" type="stmt"/>
          <line num="649" count="248" type="cond" truecount="2" falsecount="0"/>
          <line num="650" count="64" type="stmt"/>
          <line num="651" count="64" type="stmt"/>
          <line num="654" count="12" type="stmt"/>
          <line num="657" count="2" type="cond" truecount="1" falsecount="1"/>
          <line num="663" count="1" type="stmt"/>
          <line num="664" count="1" type="stmt"/>
          <line num="665" count="1" type="stmt"/>
          <line num="666" count="1" type="cond" truecount="1" falsecount="1"/>
          <line num="667" count="0" type="stmt"/>
          <line num="669" count="1" type="cond" truecount="1" falsecount="1"/>
          <line num="671" count="1" type="cond" truecount="1" falsecount="1"/>
          <line num="674" count="1" type="stmt"/>
          <line num="678" count="2" type="stmt"/>
          <line num="679" count="9" type="stmt"/>
          <line num="682" count="2" type="stmt"/>
          <line num="683" count="6" type="stmt"/>
          <line num="684" count="15" type="stmt"/>
          <line num="687" count="2" type="stmt"/>
          <line num="688" count="9" type="stmt"/>
          <line num="689" count="23" type="stmt"/>
          <line num="693" count="2" type="stmt"/>
          <line num="694" count="0" type="cond" truecount="0" falsecount="2"/>
          <line num="707" count="11" type="cond" truecount="2" falsecount="0"/>
          <line num="708" count="30" type="stmt"/>
          <line num="709" count="10" type="cond" truecount="2" falsecount="0"/>
          <line num="710" count="27" type="stmt"/>
          <line num="712" count="1" type="stmt"/>
          <line num="715" count="6" type="cond" truecount="1" falsecount="1"/>
          <line num="716" count="3" type="stmt"/>
          <line num="719" count="10" type="cond" truecount="1" falsecount="1"/>
          <line num="720" count="5" type="stmt"/>
          <line num="723" count="2" type="stmt"/>
          <line num="726" count="147" type="cond" truecount="2" falsecount="0"/>
          <line num="727" count="154" type="cond" truecount="2" falsecount="0"/>
          <line num="728" count="154" type="cond" truecount="2" falsecount="0"/>
          <line num="729" count="154" type="cond" truecount="2" falsecount="0"/>
          <line num="731" count="123" type="cond" truecount="5" falsecount="0"/>
          <line num="732" count="9" type="stmt"/>
          <line num="738" count="114" type="stmt"/>
          <line num="739" count="114" type="cond" truecount="2" falsecount="0"/>
          <line num="740" count="76" type="cond" truecount="2" falsecount="0"/>
          <line num="742" count="38" type="cond" truecount="1" falsecount="1"/>
          <line num="743" count="38" type="stmt"/>
          <line num="744" count="38" type="stmt"/>
          <line num="745" count="38" type="stmt"/>
          <line num="746" count="83" type="stmt"/>
          <line num="756" count="2" type="stmt"/>
          <line num="757" count="3" type="stmt"/>
          <line num="758" count="9" type="stmt"/>
          <line num="759" count="3" type="stmt"/>
          <line num="762" count="2" type="stmt"/>
        </file>
      </package>
    </metrics>
  </project>
</coverage>
