{"/Users/felix/projects/jazzband/coverage/lcov-report/block-navigation.js": {"path":"/Users/felix/projects/jazzband/coverage/lcov-report/block-navigation.js","statementMap":{"0":{"start":{"line":1,"column":18},"end":{"line":62,"column":3}},"1":{"start":{"line":3,"column":31},"end":{"line":3,"column":74}},"2":{"start":{"line":6,"column":20},"end":{"line":6,"column":76}},"3":{"start":{"line":9,"column":17},"end":{"line":9,"column":78}},"4":{"start":{"line":12,"column":32},"end":{"line":12,"column":67}},"5":{"start":{"line":17,"column":4},"end":{"line":17,"column":79}},"6":{"start":{"line":18,"column":4},"end":{"line":18,"column":69}},"7":{"start":{"line":22,"column":4},"end":{"line":22,"column":23}},"8":{"start":{"line":23,"column":4},"end":{"line":23,"column":25}},"9":{"start":{"line":24,"column":4},"end":{"line":25,"column":81}},"10":{"start":{"line":29,"column":20},"end":{"line":29,"column":21}},"11":{"start":{"line":30,"column":4},"end":{"line":34,"column":5}},"12":{"start":{"line":31,"column":6},"end":{"line":31,"column":53}},"13":{"start":{"line":32,"column":11},"end":{"line":34,"column":5}},"14":{"start":{"line":33,"column":6},"end":{"line":33,"column":35}},"15":{"start":{"line":36,"column":4},"end":{"line":36,"column":27}},"16":{"start":{"line":40,"column":20},"end":{"line":40,"column":21}},"17":{"start":{"line":42,"column":4},"end":{"line":44,"column":5}},"18":{"start":{"line":43,"column":6},"end":{"line":43,"column":35}},"19":{"start":{"line":46,"column":4},"end":{"line":46,"column":27}},"20":{"start":{"line":49,"column":2},"end":{"line":61,"column":4}},"21":{"start":{"line":50,"column":4},"end":{"line":60,"column":5}},"22":{"start":{"line":53,"column":8},"end":{"line":53,"column":19}},"23":{"start":{"line":54,"column":8},"end":{"line":54,"column":14}},"24":{"start":{"line":58,"column":8},"end":{"line":58,"column":23}},"25":{"start":{"line":59,"column":8},"end":{"line":59,"column":14}},"26":{"start":{"line":63,"column":0},"end":{"line":63,"column":47}}},"fnMap":{"0":{"name":"init","decl":{"start":{"line":1,"column":27},"end":{"line":1,"column":31}},"loc":{"start":{"line":1,"column":35},"end":{"line":62,"column":1}},"line":1},"1":{"name":"toggleClass","decl":{"start":{"line":16,"column":11},"end":{"line":16,"column":22}},"loc":{"start":{"line":16,"column":30},"end":{"line":19,"column":3}},"line":16},"2":{"name":"makeCurrent","decl":{"start":{"line":21,"column":11},"end":{"line":21,"column":22}},"loc":{"start":{"line":21,"column":30},"end":{"line":26,"column":3}},"line":21},"3":{"name":"goToPrevious","decl":{"start":{"line":28,"column":11},"end":{"line":28,"column":23}},"loc":{"start":{"line":28,"column":26},"end":{"line":37,"column":3}},"line":28},"4":{"name":"goToNext","decl":{"start":{"line":39,"column":11},"end":{"line":39,"column":19}},"loc":{"start":{"line":39,"column":22},"end":{"line":47,"column":3}},"line":39},"5":{"name":"jump","decl":{"start":{"line":49,"column":18},"end":{"line":49,"column":22}},"loc":{"start":{"line":49,"column":30},"end":{"line":61,"column":3}},"line":49}},"branchMap":{"0":{"loc":{"start":{"line":30,"column":4},"end":{"line":34,"column":5}},"type":"if","locations":[{"start":{"line":30,"column":4},"end":{"line":34,"column":5}},{"start":{"line":30,"column":4},"end":{"line":34,"column":5}}],"line":30},"1":{"loc":{"start":{"line":30,"column":8},"end":{"line":30,"column":62}},"type":"binary-expr","locations":[{"start":{"line":30,"column":8},"end":{"line":30,"column":40}},{"start":{"line":30,"column":44},"end":{"line":30,"column":62}}],"line":30},"2":{"loc":{"start":{"line":32,"column":11},"end":{"line":34,"column":5}},"type":"if","locations":[{"start":{"line":32,"column":11},"end":{"line":34,"column":5}},{"start":{"line":32,"column":11},"end":{"line":34,"column":5}}],"line":32},"3":{"loc":{"start":{"line":42,"column":4},"end":{"line":44,"column":5}},"type":"if","locations":[{"start":{"line":42,"column":4},"end":{"line":44,"column":5}},{"start":{"line":42,"column":4},"end":{"line":44,"column":5}}],"line":42},"4":{"loc":{"start":{"line":42,"column":8},"end":{"line":42,"column":95}},"type":"binary-expr","locations":[{"start":{"line":42,"column":8},"end":{"line":42,"column":40}},{"start":{"line":42,"column":44},"end":{"line":42,"column":95}}],"line":42},"5":{"loc":{"start":{"line":50,"column":4},"end":{"line":60,"column":5}},"type":"switch","locations":[{"start":{"line":51,"column":6},"end":{"line":51,"column":14}},{"start":{"line":52,"column":6},"end":{"line":54,"column":14}},{"start":{"line":55,"column":6},"end":{"line":55,"column":14}},{"start":{"line":56,"column":6},"end":{"line":56,"column":14}},{"start":{"line":57,"column":6},"end":{"line":59,"column":14}}],"line":50}},"s":{"0":0,"1":0,"2":0,"3":0,"4":0,"5":0,"6":0,"7":0,"8":0,"9":0,"10":0,"11":0,"12":0,"13":0,"14":0,"15":0,"16":0,"17":0,"18":0,"19":0,"20":0,"21":0,"22":0,"23":0,"24":0,"25":0,"26":0},"f":{"0":0,"1":0,"2":0,"3":0,"4":0,"5":0},"b":{"0":[0,0],"1":[0,0],"2":[0,0],"3":[0,0],"4":[0,0],"5":[0,0,0,0,0]}}
,"/Users/felix/projects/jazzband/coverage/lcov-report/prettify.js": {"path":"/Users/felix/projects/jazzband/coverage/lcov-report/prettify.js","statementMap":{"0":{"start":{"line":1,"column":0},"end":{"line":1,"column":39}},"1":{"start":{"line":1,"column":39},"end":{"line":1,"column":15785}},"2":{"start":{"line":1,"column":57},"end":{"line":1,"column":103}},"3":{"start":{"line":1,"column":110},"end":{"line":1,"column":270}},"4":{"start":{"line":1,"column":277},"end":{"line":1,"column":379}},"5":{"start":{"line":1,"column":386},"end":{"line":1,"column":644}},"6":{"start":{"line":1,"column":651},"end":{"line":1,"column":794}},"7":{"start":{"line":1,"column":801},"end":{"line":1,"column":1069}},"8":{"start":{"line":1,"column":1076},"end":{"line":1,"column":1234}},"9":{"start":{"line":1,"column":1241},"end":{"line":1,"column":1321}},"10":{"start":{"line":1,"column":1328},"end":{"line":1,"column":1504}},"11":{"start":{"line":1,"column":1511},"end":{"line":1,"column":1665}},"12":{"start":{"line":1,"column":1672},"end":{"line":1,"column":1844}},"13":{"start":{"line":1,"column":1851},"end":{"line":1,"column":1917}},"14":{"start":{"line":1,"column":1924},"end":{"line":1,"column":1939}},"15":{"start":{"line":1,"column":1946},"end":{"line":1,"column":2058}},"16":{"start":{"line":1,"column":2065},"end":{"line":1,"column":2070}},"17":{"start":{"line":1,"column":2077},"end":{"line":1,"column":2082}},"18":{"start":{"line":1,"column":2089},"end":{"line":1,"column":2094}},"19":{"start":{"line":1,"column":2101},"end":{"line":1,"column":2106}},"20":{"start":{"line":1,"column":2113},"end":{"line":1,"column":2118}},"21":{"start":{"line":1,"column":2125},"end":{"line":1,"column":2130}},"22":{"start":{"line":1,"column":2137},"end":{"line":1,"column":2142}},"23":{"start":{"line":1,"column":2149},"end":{"line":1,"column":2154}},"24":{"start":{"line":1,"column":2161},"end":{"line":1,"column":2166}},"25":{"start":{"line":1,"column":2173},"end":{"line":1,"column":2178}},"26":{"start":{"line":1,"column":2185},"end":{"line":1,"column":2190}},"27":{"start":{"line":1,"column":2197},"end":{"line":1,"column":2202}},"28":{"start":{"line":1,"column":2209},"end":{"line":1,"column":2217}},"29":{"start":{"line":1,"column":2224},"end":{"line":1,"column":2523}},"30":{"start":{"line":1,"column":2545},"end":{"line":1,"column":2546}},"31":{"start":{"line":1,"column":2553},"end":{"line":1,"column":2558}},"32":{"start":{"line":1,"column":2566},"end":{"line":1,"column":2571}},"33":{"start":{"line":1,"column":2572},"end":{"line":1,"column":2754}},"34":{"start":{"line":1,"column":2611},"end":{"line":1,"column":2615}},"35":{"start":{"line":1,"column":2616},"end":{"line":1,"column":2753}},"36":{"start":{"line":1,"column":2634},"end":{"line":1,"column":2641}},"37":{"start":{"line":1,"column":2647},"end":{"line":1,"column":2752}},"38":{"start":{"line":1,"column":2730},"end":{"line":1,"column":2737}},"39":{"start":{"line":1,"column":2737},"end":{"line":1,"column":2746}},"40":{"start":{"line":1,"column":2746},"end":{"line":1,"column":2751}},"41":{"start":{"line":1,"column":2760},"end":{"line":1,"column":2789}},"42":{"start":{"line":1,"column":2813},"end":{"line":1,"column":2829}},"43":{"start":{"line":1,"column":2830},"end":{"line":1,"column":2852}},"44":{"start":{"line":1,"column":2842},"end":{"line":1,"column":2851}},"45":{"start":{"line":1,"column":2859},"end":{"line":1,"column":2871}},"46":{"start":{"line":1,"column":2872},"end":{"line":1,"column":2881}},"47":{"start":{"line":1,"column":2881},"end":{"line":1,"column":3054}},"48":{"start":{"line":1,"column":2888},"end":{"line":1,"column":2897}},"49":{"start":{"line":1,"column":2903},"end":{"line":1,"column":3053}},"50":{"start":{"line":1,"column":2924},"end":{"line":1,"column":2958}},"51":{"start":{"line":1,"column":2964},"end":{"line":1,"column":3052}},"52":{"start":{"line":1,"column":2987},"end":{"line":1,"column":3022}},"53":{"start":{"line":1,"column":3028},"end":{"line":1,"column":3051}},"54":{"start":{"line":1,"column":3070},"end":{"line":1,"column":3123}},"55":{"start":{"line":1,"column":3080},"end":{"line":1,"column":3122}},"56":{"start":{"line":1,"column":3130},"end":{"line":1,"column":3153}},"57":{"start":{"line":1,"column":3154},"end":{"line":1,"column":3209}},"58":{"start":{"line":1,"column":3198},"end":{"line":1,"column":3208}},"59":{"start":{"line":1,"column":3209},"end":{"line":1,"column":3218}},"60":{"start":{"line":1,"column":3241},"end":{"line":1,"column":3392}},"61":{"start":{"line":1,"column":3400},"end":{"line":1,"column":3402}},"62":{"start":{"line":1,"column":3410},"end":{"line":1,"column":3412}},"63":{"start":{"line":1,"column":3420},"end":{"line":1,"column":3431}},"64":{"start":{"line":1,"column":3432},"end":{"line":1,"column":3796}},"65":{"start":{"line":1,"column":3482},"end":{"line":1,"column":3488}},"66":{"start":{"line":1,"column":3489},"end":{"line":1,"column":3795}},"67":{"start":{"line":1,"column":3514},"end":{"line":1,"column":3525}},"68":{"start":{"line":1,"column":3538},"end":{"line":1,"column":3544}},"69":{"start":{"line":1,"column":3552},"end":{"line":1,"column":3613}},"70":{"start":{"line":1,"column":3580},"end":{"line":1,"column":3596}},"71":{"start":{"line":1,"column":3596},"end":{"line":1,"column":3601}},"72":{"start":{"line":1,"column":3607},"end":{"line":1,"column":3612}},"73":{"start":{"line":1,"column":3613},"end":{"line":1,"column":3630}},"74":{"start":{"line":1,"column":3630},"end":{"line":1,"column":3794}},"75":{"start":{"line":1,"column":3651},"end":{"line":1,"column":3720}},"76":{"start":{"line":1,"column":3671},"end":{"line":1,"column":3719}},"77":{"start":{"line":1,"column":3720},"end":{"line":1,"column":3793}},"78":{"start":{"line":1,"column":3741},"end":{"line":1,"column":3792}},"79":{"start":{"line":1,"column":3796},"end":{"line":1,"column":3857}},"80":{"start":{"line":1,"column":3820},"end":{"line":1,"column":3854}},"81":{"start":{"line":1,"column":3864},"end":{"line":1,"column":3866}},"82":{"start":{"line":1,"column":3874},"end":{"line":1,"column":3883}},"83":{"start":{"line":1,"column":3884},"end":{"line":1,"column":3998}},"84":{"start":{"line":1,"column":3923},"end":{"line":1,"column":3929}},"85":{"start":{"line":1,"column":3930},"end":{"line":1,"column":3997}},"86":{"start":{"line":1,"column":3949},"end":{"line":1,"column":3976}},"87":{"start":{"line":1,"column":3982},"end":{"line":1,"column":3996}},"88":{"start":{"line":1,"column":4005},"end":{"line":1,"column":4010}},"89":{"start":{"line":1,"column":4011},"end":{"line":1,"column":4031}},"90":{"start":{"line":1,"column":4018},"end":{"line":1,"column":4030}},"91":{"start":{"line":1,"column":4031},"end":{"line":1,"column":4052}},"92":{"start":{"line":1,"column":4052},"end":{"line":1,"column":4182}},"93":{"start":{"line":1,"column":4091},"end":{"line":1,"column":4097}},"94":{"start":{"line":1,"column":4098},"end":{"line":1,"column":4116}},"95":{"start":{"line":1,"column":4116},"end":{"line":1,"column":4181}},"96":{"start":{"line":1,"column":4132},"end":{"line":1,"column":4163}},"97":{"start":{"line":1,"column":4150},"end":{"line":1,"column":4162}},"98":{"start":{"line":1,"column":4163},"end":{"line":1,"column":4180}},"99":{"start":{"line":1,"column":4182},"end":{"line":1,"column":4195}},"100":{"start":{"line":1,"column":4195},"end":{"line":1,"column":4213}},"101":{"start":{"line":1,"column":4236},"end":{"line":1,"column":4424}},"102":{"start":{"line":1,"column":4432},"end":{"line":1,"column":4441}},"103":{"start":{"line":1,"column":4449},"end":{"line":1,"column":4451}},"104":{"start":{"line":1,"column":4452},"end":{"line":1,"column":4595}},"105":{"start":{"line":1,"column":4489},"end":{"line":1,"column":4495}},"106":{"start":{"line":1,"column":4496},"end":{"line":1,"column":4594}},"107":{"start":{"line":1,"column":4509},"end":{"line":1,"column":4513}},"108":{"start":{"line":1,"column":4519},"end":{"line":1,"column":4593}},"109":{"start":{"line":1,"column":4550},"end":{"line":1,"column":4566}},"110":{"start":{"line":1,"column":4567},"end":{"line":1,"column":4592}},"111":{"start":{"line":1,"column":4582},"end":{"line":1,"column":4591}},"112":{"start":{"line":1,"column":4595},"end":{"line":1,"column":4656}},"113":{"start":{"line":1,"column":4627},"end":{"line":1,"column":4655}},"114":{"start":{"line":1,"column":4643},"end":{"line":1,"column":4654}},"115":{"start":{"line":1,"column":4656},"end":{"line":1,"column":4845}},"116":{"start":{"line":1,"column":4693},"end":{"line":1,"column":4699}},"117":{"start":{"line":1,"column":4700},"end":{"line":1,"column":4844}},"118":{"start":{"line":1,"column":4713},"end":{"line":1,"column":4718}},"119":{"start":{"line":1,"column":4718},"end":{"line":1,"column":4754}},"120":{"start":{"line":1,"column":4741},"end":{"line":1,"column":4753}},"121":{"start":{"line":1,"column":4760},"end":{"line":1,"column":4843}},"122":{"start":{"line":1,"column":4791},"end":{"line":1,"column":4807}},"123":{"start":{"line":1,"column":4808},"end":{"line":1,"column":4842}},"124":{"start":{"line":1,"column":4823},"end":{"line":1,"column":4841}},"125":{"start":{"line":1,"column":4845},"end":{"line":1,"column":4919}},"126":{"start":{"line":1,"column":4875},"end":{"line":1,"column":4918}},"127":{"start":{"line":1,"column":4908},"end":{"line":1,"column":4917}},"128":{"start":{"line":1,"column":4919},"end":{"line":1,"column":5178}},"129":{"start":{"line":1,"column":4940},"end":{"line":1,"column":5177}},"130":{"start":{"line":1,"column":4972},"end":{"line":1,"column":4978}},"131":{"start":{"line":1,"column":4986},"end":{"line":1,"column":4998}},"132":{"start":{"line":1,"column":4999},"end":{"line":1,"column":5176}},"133":{"start":{"line":1,"column":5026},"end":{"line":1,"column":5038}},"134":{"start":{"line":1,"column":5044},"end":{"line":1,"column":5175}},"135":{"start":{"line":1,"column":5058},"end":{"line":1,"column":5174}},"136":{"start":{"line":1,"column":5108},"end":{"line":1,"column":5124}},"137":{"start":{"line":1,"column":5125},"end":{"line":1,"column":5172}},"138":{"start":{"line":1,"column":5178},"end":{"line":1,"column":5196}},"139":{"start":{"line":1,"column":5204},"end":{"line":1,"column":5206}},"140":{"start":{"line":1,"column":5207},"end":{"line":1,"column":5327}},"141":{"start":{"line":1,"column":5246},"end":{"line":1,"column":5250}},"142":{"start":{"line":1,"column":5251},"end":{"line":1,"column":5302}},"143":{"start":{"line":1,"column":5279},"end":{"line":1,"column":5301}},"144":{"start":{"line":1,"column":5302},"end":{"line":1,"column":5326}},"145":{"start":{"line":1,"column":5327},"end":{"line":1,"column":5370}},"146":{"start":{"line":1,"column":5391},"end":{"line":1,"column":5415}},"147":{"start":{"line":1,"column":5422},"end":{"line":1,"column":5424}},"148":{"start":{"line":1,"column":5431},"end":{"line":1,"column":5432}},"149":{"start":{"line":1,"column":5439},"end":{"line":1,"column":5441}},"150":{"start":{"line":1,"column":5448},"end":{"line":1,"column":5449}},"151":{"start":{"line":1,"column":5456},"end":{"line":1,"column":5617}},"152":{"start":{"line":1,"column":5475},"end":{"line":1,"column":5502}},"153":{"start":{"line":1,"column":5508},"end":{"line":1,"column":5616}},"154":{"start":{"line":1,"column":5536},"end":{"line":1,"column":5615}},"155":{"start":{"line":1,"column":5623},"end":{"line":1,"column":5650}},"156":{"start":{"line":1,"column":5667},"end":{"line":1,"column":6045}},"157":{"start":{"line":1,"column":5694},"end":{"line":1,"column":5726}},"158":{"start":{"line":1,"column":5719},"end":{"line":1,"column":5725}},"159":{"start":{"line":1,"column":5726},"end":{"line":1,"column":5780}},"160":{"start":{"line":1,"column":5773},"end":{"line":1,"column":5779}},"161":{"start":{"line":1,"column":5787},"end":{"line":1,"column":5798}},"162":{"start":{"line":1,"column":5799},"end":{"line":1,"column":5863}},"163":{"start":{"line":1,"column":5824},"end":{"line":1,"column":5834}},"164":{"start":{"line":1,"column":5834},"end":{"line":1,"column":5846}},"165":{"start":{"line":1,"column":5846},"end":{"line":1,"column":5862}},"166":{"start":{"line":1,"column":5863},"end":{"line":1,"column":5869}},"167":{"start":{"line":1,"column":5890},"end":{"line":1,"column":5902}},"168":{"start":{"line":1,"column":5903},"end":{"line":1,"column":6039}},"169":{"start":{"line":1,"column":5917},"end":{"line":1,"column":5991}},"170":{"start":{"line":1,"column":5924},"end":{"line":1,"column":5956}},"171":{"start":{"line":1,"column":5962},"end":{"line":1,"column":5990}},"172":{"start":{"line":1,"column":5991},"end":{"line":1,"column":5999}},"173":{"start":{"line":1,"column":5999},"end":{"line":1,"column":6009}},"174":{"start":{"line":1,"column":6009},"end":{"line":1,"column":6022}},"175":{"start":{"line":1,"column":6022},"end":{"line":1,"column":6038}},"176":{"start":{"line":1,"column":6039},"end":{"line":1,"column":6044}},"177":{"start":{"line":1,"column":6046},"end":{"line":1,"column":6052}},"178":{"start":{"line":1,"column":6052},"end":{"line":1,"column":6107}},"179":{"start":{"line":1,"column":6128},"end":{"line":1,"column":6142}},"180":{"start":{"line":1,"column":6135},"end":{"line":1,"column":6141}},"181":{"start":{"line":1,"column":6148},"end":{"line":1,"column":6172}},"182":{"start":{"line":1,"column":6173},"end":{"line":1,"column":6178}},"183":{"start":{"line":1,"column":6178},"end":{"line":1,"column":6207}},"184":{"start":{"line":1,"column":6214},"end":{"line":1,"column":6218}},"185":{"start":{"line":1,"column":6239},"end":{"line":1,"column":6248}},"186":{"start":{"line":1,"column":6249},"end":{"line":1,"column":6362}},"187":{"start":{"line":1,"column":6297},"end":{"line":1,"column":6307}},"188":{"start":{"line":1,"column":6308},"end":{"line":1,"column":6361}},"189":{"start":{"line":1,"column":6362},"end":{"line":1,"column":6386}},"190":{"start":{"line":1,"column":6409},"end":{"line":1,"column":6411}},"191":{"start":{"line":1,"column":6418},"end":{"line":1,"column":6700}},"192":{"start":{"line":1,"column":6437},"end":{"line":1,"column":6448}},"193":{"start":{"line":1,"column":6456},"end":{"line":1,"column":6458}},"194":{"start":{"line":1,"column":6466},"end":{"line":1,"column":6468}},"195":{"start":{"line":1,"column":6469},"end":{"line":1,"column":6665}},"196":{"start":{"line":1,"column":6511},"end":{"line":1,"column":6517}},"197":{"start":{"line":1,"column":6525},"end":{"line":1,"column":6529}},"198":{"start":{"line":1,"column":6530},"end":{"line":1,"column":6588}},"199":{"start":{"line":1,"column":6537},"end":{"line":1,"column":6587}},"200":{"start":{"line":1,"column":6568},"end":{"line":1,"column":6586}},"201":{"start":{"line":1,"column":6595},"end":{"line":1,"column":6599}},"202":{"start":{"line":1,"column":6607},"end":{"line":1,"column":6612}},"203":{"start":{"line":1,"column":6613},"end":{"line":1,"column":6664}},"204":{"start":{"line":1,"column":6640},"end":{"line":1,"column":6652}},"205":{"start":{"line":1,"column":6652},"end":{"line":1,"column":6663}},"206":{"start":{"line":1,"column":6665},"end":{"line":1,"column":6688}},"207":{"start":{"line":1,"column":6688},"end":{"line":1,"column":6695}},"208":{"start":{"line":1,"column":6706},"end":{"line":1,"column":6714}},"209":{"start":{"line":1,"column":6721},"end":{"line":1,"column":7510}},"210":{"start":{"line":1,"column":6740},"end":{"line":1,"column":6753}},"211":{"start":{"line":1,"column":6756},"end":{"line":1,"column":6766}},"212":{"start":{"line":1,"column":6774},"end":{"line":1,"column":6779}},"213":{"start":{"line":1,"column":6787},"end":{"line":1,"column":6788}},"214":{"start":{"line":1,"column":6796},"end":{"line":1,"column":6810}},"215":{"start":{"line":1,"column":6818},"end":{"line":1,"column":6820}},"216":{"start":{"line":1,"column":6821},"end":{"line":1,"column":7492}},"217":{"start":{"line":1,"column":6866},"end":{"line":1,"column":6872}},"218":{"start":{"line":1,"column":6880},"end":{"line":1,"column":6886}},"219":{"start":{"line":1,"column":6894},"end":{"line":1,"column":6900}},"220":{"start":{"line":1,"column":6908},"end":{"line":1,"column":7216}},"221":{"start":{"line":1,"column":6933},"end":{"line":1,"column":6941}},"222":{"start":{"line":1,"column":6954},"end":{"line":1,"column":6969}},"223":{"start":{"line":1,"column":6970},"end":{"line":1,"column":7099}},"224":{"start":{"line":1,"column":6977},"end":{"line":1,"column":6996}},"225":{"start":{"line":1,"column":6996},"end":{"line":1,"column":7004}},"226":{"start":{"line":1,"column":7010},"end":{"line":1,"column":7085}},"227":{"start":{"line":1,"column":7034},"end":{"line":1,"column":7043}},"228":{"start":{"line":1,"column":7043},"end":{"line":1,"column":7062}},"229":{"start":{"line":1,"column":7062},"end":{"line":1,"column":7084}},"230":{"start":{"line":1,"column":7069},"end":{"line":1,"column":7078}},"231":{"start":{"line":1,"column":7078},"end":{"line":1,"column":7083}},"232":{"start":{"line":1,"column":7085},"end":{"line":1,"column":7098}},"233":{"start":{"line":1,"column":7093},"end":{"line":1,"column":7097}},"234":{"start":{"line":1,"column":7099},"end":{"line":1,"column":7144}},"235":{"start":{"line":1,"column":7144},"end":{"line":1,"column":7197}},"236":{"start":{"line":1,"column":7183},"end":{"line":1,"column":7192}},"237":{"start":{"line":1,"column":7192},"end":{"line":1,"column":7196}},"238":{"start":{"line":1,"column":7197},"end":{"line":1,"column":7215}},"239":{"start":{"line":1,"column":7205},"end":{"line":1,"column":7214}},"240":{"start":{"line":1,"column":7223},"end":{"line":1,"column":7225}},"241":{"start":{"line":1,"column":7226},"end":{"line":1,"column":7240}},"242":{"start":{"line":1,"column":7240},"end":{"line":1,"column":7491}},"243":{"start":{"line":1,"column":7248},"end":{"line":1,"column":7264}},"244":{"start":{"line":1,"column":7277},"end":{"line":1,"column":7282}},"245":{"start":{"line":1,"column":7290},"end":{"line":1,"column":7304}},"246":{"start":{"line":1,"column":7312},"end":{"line":1,"column":7324}},"247":{"start":{"line":1,"column":7325},"end":{"line":1,"column":7377}},"248":{"start":{"line":1,"column":7335},"end":{"line":1,"column":7361}},"249":{"start":{"line":1,"column":7361},"end":{"line":1,"column":7376}},"250":{"start":{"line":1,"column":7384},"end":{"line":1,"column":7399}},"251":{"start":{"line":1,"column":7400},"end":{"line":1,"column":7432}},"252":{"start":{"line":1,"column":7432},"end":{"line":1,"column":7458}},"253":{"start":{"line":1,"column":7458},"end":{"line":1,"column":7490}},"254":{"start":{"line":1,"column":7492},"end":{"line":1,"column":7509}},"255":{"start":{"line":1,"column":7511},"end":{"line":1,"column":7519}},"256":{"start":{"line":1,"column":7540},"end":{"line":1,"column":7542}},"257":{"start":{"line":1,"column":7545},"end":{"line":1,"column":7547}},"258":{"start":{"line":1,"column":7548},"end":{"line":1,"column":8035}},"259":{"start":{"line":1,"column":7574},"end":{"line":1,"column":7781}},"260":{"start":{"line":1,"column":7787},"end":{"line":1,"column":8034}},"261":{"start":{"line":1,"column":7810},"end":{"line":1,"column":7936}},"262":{"start":{"line":1,"column":7942},"end":{"line":1,"column":8033}},"263":{"start":{"line":1,"column":8035},"end":{"line":1,"column":8104}},"264":{"start":{"line":1,"column":8057},"end":{"line":1,"column":8103}},"265":{"start":{"line":1,"column":8110},"end":{"line":1,"column":8124}},"266":{"start":{"line":1,"column":8125},"end":{"line":1,"column":8474}},"267":{"start":{"line":1,"column":8131},"end":{"line":1,"column":8473}},"268":{"start":{"line":1,"column":8152},"end":{"line":1,"column":8346}},"269":{"start":{"line":1,"column":8160},"end":{"line":1,"column":8220}},"270":{"start":{"line":1,"column":8226},"end":{"line":1,"column":8345}},"271":{"start":{"line":1,"column":8346},"end":{"line":1,"column":8433}},"272":{"start":{"line":1,"column":8439},"end":{"line":1,"column":8472}},"273":{"start":{"line":1,"column":8474},"end":{"line":1,"column":8571}},"274":{"start":{"line":1,"column":8495},"end":{"line":1,"column":8528}},"275":{"start":{"line":1,"column":8528},"end":{"line":1,"column":8570}},"276":{"start":{"line":1,"column":8571},"end":{"line":1,"column":8746}},"277":{"start":{"line":1,"column":8598},"end":{"line":1,"column":8693}},"278":{"start":{"line":1,"column":8695},"end":{"line":1,"column":8745}},"279":{"start":{"line":1,"column":8752},"end":{"line":1,"column":8759}},"280":{"start":{"line":1,"column":8760},"end":{"line":1,"column":8780}},"281":{"start":{"line":1,"column":8766},"end":{"line":1,"column":8779}},"282":{"start":{"line":1,"column":8786},"end":{"line":1,"column":8822}},"283":{"start":{"line":1,"column":8823},"end":{"line":1,"column":8904}},"284":{"start":{"line":1,"column":8836},"end":{"line":1,"column":8903}},"285":{"start":{"line":1,"column":8904},"end":{"line":1,"column":8942}},"286":{"start":{"line":1,"column":8942},"end":{"line":1,"column":9257}},"287":{"start":{"line":1,"column":9257},"end":{"line":1,"column":9270}},"288":{"start":{"line":1,"column":9277},"end":{"line":1,"column":9371}},"289":{"start":{"line":1,"column":9395},"end":{"line":1,"column":9419}},"290":{"start":{"line":1,"column":9427},"end":{"line":1,"column":9437}},"291":{"start":{"line":1,"column":9445},"end":{"line":1,"column":9460}},"292":{"start":{"line":1,"column":9467},"end":{"line":1,"column":9622}},"293":{"start":{"line":1,"column":9486},"end":{"line":1,"column":9513}},"294":{"start":{"line":1,"column":9519},"end":{"line":1,"column":9621}},"295":{"start":{"line":1,"column":9547},"end":{"line":1,"column":9620}},"296":{"start":{"line":1,"column":9628},"end":{"line":1,"column":9655}},"297":{"start":{"line":1,"column":9663},"end":{"line":1,"column":9685}},"298":{"start":{"line":1,"column":9686},"end":{"line":1,"column":9735}},"299":{"start":{"line":1,"column":9706},"end":{"line":1,"column":9734}},"300":{"start":{"line":1,"column":9741},"end":{"line":1,"column":9745}},"301":{"start":{"line":1,"column":9762},"end":{"line":1,"column":10258}},"302":{"start":{"line":1,"column":9789},"end":{"line":1,"column":9820}},"303":{"start":{"line":1,"column":9814},"end":{"line":1,"column":9819}},"304":{"start":{"line":1,"column":9820},"end":{"line":1,"column":9959}},"305":{"start":{"line":1,"column":9843},"end":{"line":1,"column":9850}},"306":{"start":{"line":1,"column":9850},"end":{"line":1,"column":9898}},"307":{"start":{"line":1,"column":9868},"end":{"line":1,"column":9897}},"308":{"start":{"line":1,"column":9904},"end":{"line":1,"column":9958}},"309":{"start":{"line":1,"column":9951},"end":{"line":1,"column":9957}},"310":{"start":{"line":1,"column":9959},"end":{"line":1,"column":9965}},"311":{"start":{"line":1,"column":9979},"end":{"line":1,"column":10252}},"312":{"start":{"line":1,"column":9992},"end":{"line":1,"column":10004}},"313":{"start":{"line":1,"column":10012},"end":{"line":1,"column":10024}},"314":{"start":{"line":1,"column":10025},"end":{"line":1,"column":10251}},"315":{"start":{"line":1,"column":10039},"end":{"line":1,"column":10063}},"316":{"start":{"line":1,"column":10064},"end":{"line":1,"column":10080}},"317":{"start":{"line":1,"column":10087},"end":{"line":1,"column":10122}},"318":{"start":{"line":1,"column":10123},"end":{"line":1,"column":10205}},"319":{"start":{"line":1,"column":10137},"end":{"line":1,"column":10150}},"320":{"start":{"line":1,"column":10151},"end":{"line":1,"column":10204}},"321":{"start":{"line":1,"column":10205},"end":{"line":1,"column":10212}},"322":{"start":{"line":1,"column":10212},"end":{"line":1,"column":10250}},"323":{"start":{"line":1,"column":10220},"end":{"line":1,"column":10249}},"324":{"start":{"line":1,"column":10252},"end":{"line":1,"column":10257}},"325":{"start":{"line":1,"column":10275},"end":{"line":1,"column":10331}},"326":{"start":{"line":1,"column":10298},"end":{"line":1,"column":10315}},"327":{"start":{"line":1,"column":10315},"end":{"line":1,"column":10330}},"328":{"start":{"line":1,"column":10323},"end":{"line":1,"column":10329}},"329":{"start":{"line":1,"column":10357},"end":{"line":1,"column":10382}},"330":{"start":{"line":1,"column":10390},"end":{"line":1,"column":10403}},"331":{"start":{"line":1,"column":10404},"end":{"line":1,"column":10530}},"332":{"start":{"line":1,"column":10418},"end":{"line":1,"column":10426}},"333":{"start":{"line":1,"column":10434},"end":{"line":1,"column":10448}},"334":{"start":{"line":1,"column":10449},"end":{"line":1,"column":10468}},"335":{"start":{"line":1,"column":10468},"end":{"line":1,"column":10529}},"336":{"start":{"line":1,"column":10492},"end":{"line":1,"column":10510}},"337":{"start":{"line":1,"column":10510},"end":{"line":1,"column":10528}},"338":{"start":{"line":1,"column":10530},"end":{"line":1,"column":10539}},"339":{"start":{"line":1,"column":10547},"end":{"line":1,"column":10567}},"340":{"start":{"line":1,"column":10568},"end":{"line":1,"column":10623}},"341":{"start":{"line":1,"column":10617},"end":{"line":1,"column":10622}},"342":{"start":{"line":1,"column":10623},"end":{"line":1,"column":10633}},"343":{"start":{"line":1,"column":10634},"end":{"line":1,"column":10671}},"344":{"start":{"line":1,"column":10662},"end":{"line":1,"column":10670}},"345":{"start":{"line":1,"column":10671},"end":{"line":1,"column":10717}},"346":{"start":{"line":1,"column":10687},"end":{"line":1,"column":10716}},"347":{"start":{"line":1,"column":10724},"end":{"line":1,"column":10746}},"348":{"start":{"line":1,"column":10747},"end":{"line":1,"column":10771}},"349":{"start":{"line":1,"column":10777},"end":{"line":1,"column":10802}},"350":{"start":{"line":1,"column":10803},"end":{"line":1,"column":10951}},"351":{"start":{"line":1,"column":10835},"end":{"line":1,"column":10843}},"352":{"start":{"line":1,"column":10843},"end":{"line":1,"column":10871}},"353":{"start":{"line":1,"column":10871},"end":{"line":1,"column":10932}},"354":{"start":{"line":1,"column":10890},"end":{"line":1,"column":10931}},"355":{"start":{"line":1,"column":10932},"end":{"line":1,"column":10950}},"356":{"start":{"line":1,"column":10951},"end":{"line":1,"column":10968}},"357":{"start":{"line":1,"column":10991},"end":{"line":1,"column":11027}},"358":{"start":{"line":1,"column":11035},"end":{"line":1,"column":11040}},"359":{"start":{"line":1,"column":11048},"end":{"line":1,"column":11061}},"360":{"start":{"line":1,"column":11069},"end":{"line":1,"column":11078}},"361":{"start":{"line":1,"column":11085},"end":{"line":1,"column":11086}},"362":{"start":{"line":1,"column":11094},"end":{"line":1,"column":11102}},"363":{"start":{"line":1,"column":11109},"end":{"line":1,"column":11118}},"364":{"start":{"line":1,"column":11126},"end":{"line":1,"column":11127}},"365":{"start":{"line":1,"column":11134},"end":{"line":1,"column":11148}},"366":{"start":{"line":1,"column":11155},"end":{"line":1,"column":11163}},"367":{"start":{"line":1,"column":11170},"end":{"line":1,"column":11171}},"368":{"start":{"line":1,"column":11172},"end":{"line":1,"column":11180}},"369":{"start":{"line":1,"column":11190},"end":{"line":1,"column":11273}},"370":{"start":{"line":1,"column":11209},"end":{"line":1,"column":11272}},"371":{"start":{"line":1,"column":11229},"end":{"line":1,"column":11245}},"372":{"start":{"line":1,"column":11245},"end":{"line":1,"column":11260}},"373":{"start":{"line":1,"column":11266},"end":{"line":1,"column":11271}},"374":{"start":{"line":1,"column":11273},"end":{"line":1,"column":11278}},"375":{"start":{"line":1,"column":11278},"end":{"line":1,"column":11395}},"376":{"start":{"line":1,"column":11304},"end":{"line":1,"column":11309}},"377":{"start":{"line":1,"column":11317},"end":{"line":1,"column":11324}},"378":{"start":{"line":1,"column":11331},"end":{"line":1,"column":11335}},"379":{"start":{"line":1,"column":11336},"end":{"line":1,"column":11368}},"380":{"start":{"line":1,"column":11363},"end":{"line":1,"column":11367}},"381":{"start":{"line":1,"column":11368},"end":{"line":1,"column":11379}},"382":{"start":{"line":1,"column":11379},"end":{"line":1,"column":11390}},"383":{"start":{"line":1,"column":11390},"end":{"line":1,"column":11394}},"384":{"start":{"line":1,"column":11395},"end":{"line":1,"column":11409}},"385":{"start":{"line":1,"column":11416},"end":{"line":1,"column":11420}},"386":{"start":{"line":1,"column":11421},"end":{"line":1,"column":11892}},"387":{"start":{"line":1,"column":11440},"end":{"line":1,"column":11446}},"388":{"start":{"line":1,"column":11453},"end":{"line":1,"column":11465}},"389":{"start":{"line":1,"column":11473},"end":{"line":1,"column":11477}},"390":{"start":{"line":1,"column":11485},"end":{"line":1,"column":11495}},"391":{"start":{"line":1,"column":11502},"end":{"line":1,"column":11516}},"392":{"start":{"line":1,"column":11524},"end":{"line":1,"column":11532}},"393":{"start":{"line":1,"column":11539},"end":{"line":1,"column":11857}},"394":{"start":{"line":1,"column":11582},"end":{"line":1,"column":11610}},"395":{"start":{"line":1,"column":11589},"end":{"line":1,"column":11609}},"396":{"start":{"line":1,"column":11610},"end":{"line":1,"column":11625}},"397":{"start":{"line":1,"column":11632},"end":{"line":1,"column":11648}},"398":{"start":{"line":1,"column":11656},"end":{"line":1,"column":11680}},"399":{"start":{"line":1,"column":11681},"end":{"line":1,"column":11701}},"400":{"start":{"line":1,"column":11708},"end":{"line":1,"column":11721}},"401":{"start":{"line":1,"column":11722},"end":{"line":1,"column":11745}},"402":{"start":{"line":1,"column":11745},"end":{"line":1,"column":11764}},"403":{"start":{"line":1,"column":11764},"end":{"line":1,"column":11856}},"404":{"start":{"line":1,"column":11772},"end":{"line":1,"column":11821}},"405":{"start":{"line":1,"column":11821},"end":{"line":1,"column":11855}},"406":{"start":{"line":1,"column":11857},"end":{"line":1,"column":11861}},"407":{"start":{"line":1,"column":11861},"end":{"line":1,"column":11876}},"408":{"start":{"line":1,"column":11870},"end":{"line":1,"column":11875}},"409":{"start":{"line":1,"column":11876},"end":{"line":1,"column":11891}},"410":{"start":{"line":1,"column":11886},"end":{"line":1,"column":11890}},"411":{"start":{"line":1,"column":11899},"end":{"line":1,"column":11901}},"412":{"start":{"line":1,"column":11918},"end":{"line":1,"column":12069}},"413":{"start":{"line":1,"column":11952},"end":{"line":1,"column":11956}},"414":{"start":{"line":1,"column":11957},"end":{"line":1,"column":12068}},"415":{"start":{"line":1,"column":11982},"end":{"line":1,"column":11988}},"416":{"start":{"line":1,"column":11994},"end":{"line":1,"column":12067}},"417":{"start":{"line":1,"column":12013},"end":{"line":1,"column":12066}},"418":{"start":{"line":1,"column":12086},"end":{"line":1,"column":12166}},"419":{"start":{"line":1,"column":12116},"end":{"line":1,"column":12165}},"420":{"start":{"line":1,"column":12166},"end":{"line":1,"column":12177}},"421":{"start":{"line":1,"column":12178},"end":{"line":1,"column":12200}},"422":{"start":{"line":1,"column":12200},"end":{"line":1,"column":12643}},"423":{"start":{"line":1,"column":12643},"end":{"line":1,"column":13152}},"424":{"start":{"line":1,"column":13152},"end":{"line":1,"column":13189}},"425":{"start":{"line":1,"column":13189},"end":{"line":1,"column":13287}},"426":{"start":{"line":1,"column":13287},"end":{"line":1,"column":13331}},"427":{"start":{"line":1,"column":13331},"end":{"line":1,"column":13424}},"428":{"start":{"line":1,"column":13424},"end":{"line":1,"column":13472}},"429":{"start":{"line":1,"column":13472},"end":{"line":1,"column":13550}},"430":{"start":{"line":1,"column":13550},"end":{"line":1,"column":13646}},"431":{"start":{"line":1,"column":13646},"end":{"line":1,"column":13743}},"432":{"start":{"line":1,"column":13743},"end":{"line":1,"column":13828}},"433":{"start":{"line":1,"column":13828},"end":{"line":1,"column":13893}},"434":{"start":{"line":1,"column":13893},"end":{"line":1,"column":14024}},"435":{"start":{"line":1,"column":14024},"end":{"line":1,"column":14060}},"436":{"start":{"line":1,"column":14080},"end":{"line":1,"column":14095}},"437":{"start":{"line":1,"column":14096},"end":{"line":1,"column":14267}},"438":{"start":{"line":1,"column":14106},"end":{"line":1,"column":14121}},"439":{"start":{"line":1,"column":14128},"end":{"line":1,"column":14140}},"440":{"start":{"line":1,"column":14141},"end":{"line":1,"column":14156}},"441":{"start":{"line":1,"column":14156},"end":{"line":1,"column":14172}},"442":{"start":{"line":1,"column":14172},"end":{"line":1,"column":14184}},"443":{"start":{"line":1,"column":14184},"end":{"line":1,"column":14194}},"444":{"start":{"line":1,"column":14194},"end":{"line":1,"column":14198}},"445":{"start":{"line":1,"column":14208},"end":{"line":1,"column":14266}},"446":{"start":{"line":1,"column":14232},"end":{"line":1,"column":14265}},"447":{"start":{"line":1,"column":14292},"end":{"line":1,"column":14321}},"448":{"start":{"line":1,"column":14322},"end":{"line":1,"column":14336}},"449":{"start":{"line":1,"column":14336},"end":{"line":1,"column":14349}},"450":{"start":{"line":1,"column":14342},"end":{"line":1,"column":14348}},"451":{"start":{"line":1,"column":14355},"end":{"line":1,"column":14399}},"452":{"start":{"line":1,"column":14400},"end":{"line":1,"column":14405}},"453":{"start":{"line":1,"column":14405},"end":{"line":1,"column":14423}},"454":{"start":{"line":1,"column":14454},"end":{"line":1,"column":14494}},"455":{"start":{"line":1,"column":14502},"end":{"line":1,"column":14531}},"456":{"start":{"line":1,"column":14538},"end":{"line":1,"column":14540}},"457":{"start":{"line":1,"column":14541},"end":{"line":1,"column":14629}},"458":{"start":{"line":1,"column":14573},"end":{"line":1,"column":14628}},"459":{"start":{"line":1,"column":14610},"end":{"line":1,"column":14627}},"460":{"start":{"line":1,"column":14629},"end":{"line":1,"column":14637}},"461":{"start":{"line":1,"column":14643},"end":{"line":1,"column":14647}},"462":{"start":{"line":1,"column":14648},"end":{"line":1,"column":14698}},"463":{"start":{"line":1,"column":14659},"end":{"line":1,"column":14697}},"464":{"start":{"line":1,"column":14677},"end":{"line":1,"column":14695}},"465":{"start":{"line":1,"column":14704},"end":{"line":1,"column":14705}},"466":{"start":{"line":1,"column":14719},"end":{"line":1,"column":14751}},"467":{"start":{"line":1,"column":14759},"end":{"line":1,"column":14776}},"468":{"start":{"line":1,"column":14798},"end":{"line":1,"column":14852}},"469":{"start":{"line":1,"column":14854},"end":{"line":1,"column":15434}},"470":{"start":{"line":1,"column":14894},"end":{"line":1,"column":14898}},"471":{"start":{"line":1,"column":14906},"end":{"line":1,"column":14918}},"472":{"start":{"line":1,"column":14919},"end":{"line":1,"column":15433}},"473":{"start":{"line":1,"column":14959},"end":{"line":1,"column":14971}},"474":{"start":{"line":1,"column":14979},"end":{"line":1,"column":15046}},"475":{"start":{"line":1,"column":15020},"end":{"line":1,"column":15045}},"476":{"start":{"line":1,"column":15046},"end":{"line":1,"column":15062}},"477":{"start":{"line":1,"column":15053},"end":{"line":1,"column":15061}},"478":{"start":{"line":1,"column":15069},"end":{"line":1,"column":15074}},"479":{"start":{"line":1,"column":15075},"end":{"line":1,"column":15256}},"480":{"start":{"line":1,"column":15121},"end":{"line":1,"column":15255}},"481":{"start":{"line":1,"column":15241},"end":{"line":1,"column":15249}},"482":{"start":{"line":1,"column":15249},"end":{"line":1,"column":15254}},"483":{"start":{"line":1,"column":15256},"end":{"line":1,"column":15432}},"484":{"start":{"line":1,"column":15271},"end":{"line":1,"column":15316}},"485":{"start":{"line":1,"column":15317},"end":{"line":1,"column":15361}},"486":{"start":{"line":1,"column":15361},"end":{"line":1,"column":15377}},"487":{"start":{"line":1,"column":15368},"end":{"line":1,"column":15376}},"488":{"start":{"line":1,"column":15377},"end":{"line":1,"column":15427}},"489":{"start":{"line":1,"column":15427},"end":{"line":1,"column":15431}},"490":{"start":{"line":1,"column":15434},"end":{"line":1,"column":15485}},"491":{"start":{"line":1,"column":15449},"end":{"line":1,"column":15466}},"492":{"start":{"line":1,"column":15472},"end":{"line":1,"column":15484}},"493":{"start":{"line":1,"column":15479},"end":{"line":1,"column":15483}},"494":{"start":{"line":1,"column":15486},"end":{"line":1,"column":15489}},"495":{"start":{"line":1,"column":15490},"end":{"line":1,"column":15514}},"496":{"start":{"line":1,"column":15514},"end":{"line":1,"column":15535}},"497":{"start":{"line":1,"column":15535},"end":{"line":1,"column":15780}},"498":{"start":{"line":1,"column":15785},"end":{"line":1,"column":16550}},"499":{"start":{"line":1,"column":16550},"end":{"line":1,"column":17330}},"500":{"start":{"line":1,"column":17330},"end":{"line":1,"column":17476}},"501":{"start":{"line":1,"column":17476},"end":{"line":1,"column":17568}}},"fnMap":{"0":{"name":"(anonymous_0)","decl":{"start":{"line":1,"column":40},"end":{"line":1,"column":41}},"loc":{"start":{"line":1,"column":50},"end":{"line":1,"column":15781}},"line":1},"1":{"name":"k","decl":{"start":{"line":1,"column":2533},"end":{"line":1,"column":2534}},"loc":{"start":{"line":1,"column":2537},"end":{"line":1,"column":5371}},"line":1},"2":{"name":"ab","decl":{"start":{"line":1,"column":2799},"end":{"line":1,"column":2801}},"loc":{"start":{"line":1,"column":2805},"end":{"line":1,"column":3055}},"line":1},"3":{"name":"T","decl":{"start":{"line":1,"column":3064},"end":{"line":1,"column":3065}},"loc":{"start":{"line":1,"column":3069},"end":{"line":1,"column":3219}},"line":1},"4":{"name":"X","decl":{"start":{"line":1,"column":3228},"end":{"line":1,"column":3229}},"loc":{"start":{"line":1,"column":3233},"end":{"line":1,"column":4214}},"line":1},"5":{"name":"(anonymous_5)","decl":{"start":{"line":1,"column":3804},"end":{"line":1,"column":3805}},"loc":{"start":{"line":1,"column":3819},"end":{"line":1,"column":3855}},"line":1},"6":{"name":"W","decl":{"start":{"line":1,"column":4223},"end":{"line":1,"column":4224}},"loc":{"start":{"line":1,"column":4228},"end":{"line":1,"column":5197}},"line":1},"7":{"name":"(anonymous_7)","decl":{"start":{"line":1,"column":5088},"end":{"line":1,"column":5089}},"loc":{"start":{"line":1,"column":5100},"end":{"line":1,"column":5173}},"line":1},"8":{"name":"a","decl":{"start":{"line":1,"column":5380},"end":{"line":1,"column":5381}},"loc":{"start":{"line":1,"column":5384},"end":{"line":1,"column":6108}},"line":1},"9":{"name":"aa","decl":{"start":{"line":1,"column":5660},"end":{"line":1,"column":5662}},"loc":{"start":{"line":1,"column":5666},"end":{"line":1,"column":6046}},"line":1},"10":{"name":"B","decl":{"start":{"line":1,"column":6117},"end":{"line":1,"column":6118}},"loc":{"start":{"line":1,"column":6127},"end":{"line":1,"column":6208}},"line":1},"11":{"name":"o","decl":{"start":{"line":1,"column":6228},"end":{"line":1,"column":6229}},"loc":{"start":{"line":1,"column":6232},"end":{"line":1,"column":6387}},"line":1},"12":{"name":"g","decl":{"start":{"line":1,"column":6396},"end":{"line":1,"column":6397}},"loc":{"start":{"line":1,"column":6402},"end":{"line":1,"column":7520}},"line":1},"13":{"name":"(anonymous_13)","decl":{"start":{"line":1,"column":6419},"end":{"line":1,"column":6420}},"loc":{"start":{"line":1,"column":6429},"end":{"line":1,"column":6696}},"line":1},"14":{"name":"(anonymous_14)","decl":{"start":{"line":1,"column":6721},"end":{"line":1,"column":6722}},"loc":{"start":{"line":1,"column":6733},"end":{"line":1,"column":7510}},"line":1},"15":{"name":"i","decl":{"start":{"line":1,"column":7529},"end":{"line":1,"column":7530}},"loc":{"start":{"line":1,"column":7533},"end":{"line":1,"column":9271}},"line":1},"16":{"name":"Q","decl":{"start":{"line":1,"column":9381},"end":{"line":1,"column":9382}},"loc":{"start":{"line":1,"column":9388},"end":{"line":1,"column":10969}},"line":1},"17":{"name":"ae","decl":{"start":{"line":1,"column":9755},"end":{"line":1,"column":9757}},"loc":{"start":{"line":1,"column":9761},"end":{"line":1,"column":10259}},"line":1},"18":{"name":"ad","decl":{"start":{"line":1,"column":10268},"end":{"line":1,"column":10270}},"loc":{"start":{"line":1,"column":10274},"end":{"line":1,"column":10634}},"line":1},"19":{"name":"ai","decl":{"start":{"line":1,"column":10340},"end":{"line":1,"column":10342}},"loc":{"start":{"line":1,"column":10349},"end":{"line":1,"column":10540}},"line":1},"20":{"name":"D","decl":{"start":{"line":1,"column":10978},"end":{"line":1,"column":10979}},"loc":{"start":{"line":1,"column":10983},"end":{"line":1,"column":11893}},"line":1},"21":{"name":"c","decl":{"start":{"line":1,"column":11911},"end":{"line":1,"column":11912}},"loc":{"start":{"line":1,"column":11917},"end":{"line":1,"column":12070}},"line":1},"22":{"name":"q","decl":{"start":{"line":1,"column":12079},"end":{"line":1,"column":12080}},"loc":{"start":{"line":1,"column":12085},"end":{"line":1,"column":12178}},"line":1},"23":{"name":"d","decl":{"start":{"line":1,"column":14069},"end":{"line":1,"column":14070}},"loc":{"start":{"line":1,"column":14073},"end":{"line":1,"column":14268}},"line":1},"24":{"name":"y","decl":{"start":{"line":1,"column":14277},"end":{"line":1,"column":14278}},"loc":{"start":{"line":1,"column":14285},"end":{"line":1,"column":14424}},"line":1},"25":{"name":"b","decl":{"start":{"line":1,"column":14433},"end":{"line":1,"column":14434}},"loc":{"start":{"line":1,"column":14438},"end":{"line":1,"column":15490}},"line":1},"26":{"name":"Y","decl":{"start":{"line":1,"column":14448},"end":{"line":1,"column":14449}},"loc":{"start":{"line":1,"column":14453},"end":{"line":1,"column":14495}},"line":1},"27":{"name":"(anonymous_27)","decl":{"start":{"line":1,"column":14666},"end":{"line":1,"column":14667}},"loc":{"start":{"line":1,"column":14676},"end":{"line":1,"column":14696}},"line":1},"28":{"name":"U","decl":{"start":{"line":1,"column":14786},"end":{"line":1,"column":14787}},"loc":{"start":{"line":1,"column":14789},"end":{"line":1,"column":15486}},"line":1}},"branchMap":{"0":{"loc":{"start":{"line":1,"column":2616},"end":{"line":1,"column":2753}},"type":"if","locations":[{"start":{"line":1,"column":2616},"end":{"line":1,"column":2753}},{"start":{"line":1,"column":2616},"end":{"line":1,"column":2753}}],"line":1},"1":{"loc":{"start":{"line":1,"column":2647},"end":{"line":1,"column":2752}},"type":"if","locations":[{"start":{"line":1,"column":2647},"end":{"line":1,"column":2752}},{"start":{"line":1,"column":2647},"end":{"line":1,"column":2752}}],"line":1},"2":{"loc":{"start":{"line":1,"column":2830},"end":{"line":1,"column":2852}},"type":"if","locations":[{"start":{"line":1,"column":2830},"end":{"line":1,"column":2852}},{"start":{"line":1,"column":2830},"end":{"line":1,"column":2852}}],"line":1},"3":{"loc":{"start":{"line":1,"column":2881},"end":{"line":1,"column":3054}},"type":"if","locations":[{"start":{"line":1,"column":2881},"end":{"line":1,"column":3054}},{"start":{"line":1,"column":2881},"end":{"line":1,"column":3054}}],"line":1},"4":{"loc":{"start":{"line":1,"column":2903},"end":{"line":1,"column":3053}},"type":"if","locations":[{"start":{"line":1,"column":2903},"end":{"line":1,"column":3053}},{"start":{"line":1,"column":2903},"end":{"line":1,"column":3053}}],"line":1},"5":{"loc":{"start":{"line":1,"column":2906},"end":{"line":1,"column":2922}},"type":"binary-expr","locations":[{"start":{"line":1,"column":2906},"end":{"line":1,"column":2913}},{"start":{"line":1,"column":2915},"end":{"line":1,"column":2922}}],"line":1},"6":{"loc":{"start":{"line":1,"column":2964},"end":{"line":1,"column":3052}},"type":"if","locations":[{"start":{"line":1,"column":2964},"end":{"line":1,"column":3052}},{"start":{"line":1,"column":2964},"end":{"line":1,"column":3052}}],"line":1},"7":{"loc":{"start":{"line":1,"column":2967},"end":{"line":1,"column":2985}},"type":"binary-expr","locations":[{"start":{"line":1,"column":2967},"end":{"line":1,"column":2975}},{"start":{"line":1,"column":2977},"end":{"line":1,"column":2985}}],"line":1},"8":{"loc":{"start":{"line":1,"column":3070},"end":{"line":1,"column":3123}},"type":"if","locations":[{"start":{"line":1,"column":3070},"end":{"line":1,"column":3123}},{"start":{"line":1,"column":3070},"end":{"line":1,"column":3123}}],"line":1},"9":{"loc":{"start":{"line":1,"column":3087},"end":{"line":1,"column":3105}},"type":"cond-expr","locations":[{"start":{"line":1,"column":3093},"end":{"line":1,"column":3099}},{"start":{"line":1,"column":3100},"end":{"line":1,"column":3105}}],"line":1},"10":{"loc":{"start":{"line":1,"column":3154},"end":{"line":1,"column":3209}},"type":"if","locations":[{"start":{"line":1,"column":3154},"end":{"line":1,"column":3209}},{"start":{"line":1,"column":3154},"end":{"line":1,"column":3209}}],"line":1},"11":{"loc":{"start":{"line":1,"column":3157},"end":{"line":1,"column":3196}},"type":"binary-expr","locations":[{"start":{"line":1,"column":3157},"end":{"line":1,"column":3166}},{"start":{"line":1,"column":3168},"end":{"line":1,"column":3176}},{"start":{"line":1,"column":3178},"end":{"line":1,"column":3186}},{"start":{"line":1,"column":3188},"end":{"line":1,"column":3196}}],"line":1},"12":{"loc":{"start":{"line":1,"column":3489},"end":{"line":1,"column":3795}},"type":"if","locations":[{"start":{"line":1,"column":3489},"end":{"line":1,"column":3795}},{"start":{"line":1,"column":3489},"end":{"line":1,"column":3795}}],"line":1},"13":{"loc":{"start":{"line":1,"column":3552},"end":{"line":1,"column":3613}},"type":"if","locations":[{"start":{"line":1,"column":3552},"end":{"line":1,"column":3613}},{"start":{"line":1,"column":3552},"end":{"line":1,"column":3613}}],"line":1},"14":{"loc":{"start":{"line":1,"column":3555},"end":{"line":1,"column":3578}},"type":"binary-expr","locations":[{"start":{"line":1,"column":3555},"end":{"line":1,"column":3562}},{"start":{"line":1,"column":3564},"end":{"line":1,"column":3578}}],"line":1},"15":{"loc":{"start":{"line":1,"column":3630},"end":{"line":1,"column":3794}},"type":"if","locations":[{"start":{"line":1,"column":3630},"end":{"line":1,"column":3794}},{"start":{"line":1,"column":3630},"end":{"line":1,"column":3794}}],"line":1},"16":{"loc":{"start":{"line":1,"column":3635},"end":{"line":1,"column":3648}},"type":"binary-expr","locations":[{"start":{"line":1,"column":3635},"end":{"line":1,"column":3640}},{"start":{"line":1,"column":3642},"end":{"line":1,"column":3648}}],"line":1},"17":{"loc":{"start":{"line":1,"column":3651},"end":{"line":1,"column":3720}},"type":"if","locations":[{"start":{"line":1,"column":3651},"end":{"line":1,"column":3720}},{"start":{"line":1,"column":3651},"end":{"line":1,"column":3720}}],"line":1},"18":{"loc":{"start":{"line":1,"column":3656},"end":{"line":1,"column":3668}},"type":"binary-expr","locations":[{"start":{"line":1,"column":3656},"end":{"line":1,"column":3661}},{"start":{"line":1,"column":3663},"end":{"line":1,"column":3668}}],"line":1},"19":{"loc":{"start":{"line":1,"column":3720},"end":{"line":1,"column":3793}},"type":"if","locations":[{"start":{"line":1,"column":3720},"end":{"line":1,"column":3793}},{"start":{"line":1,"column":3720},"end":{"line":1,"column":3793}}],"line":1},"20":{"loc":{"start":{"line":1,"column":3725},"end":{"line":1,"column":3738}},"type":"binary-expr","locations":[{"start":{"line":1,"column":3725},"end":{"line":1,"column":3730}},{"start":{"line":1,"column":3732},"end":{"line":1,"column":3738}}],"line":1},"21":{"loc":{"start":{"line":1,"column":3826},"end":{"line":1,"column":3854}},"type":"binary-expr","locations":[{"start":{"line":1,"column":3827},"end":{"line":1,"column":3838}},{"start":{"line":1,"column":3842},"end":{"line":1,"column":3853}}],"line":1},"22":{"loc":{"start":{"line":1,"column":3930},"end":{"line":1,"column":3997}},"type":"if","locations":[{"start":{"line":1,"column":3930},"end":{"line":1,"column":3997}},{"start":{"line":1,"column":3930},"end":{"line":1,"column":3997}}],"line":1},"23":{"loc":{"start":{"line":1,"column":4011},"end":{"line":1,"column":4031}},"type":"if","locations":[{"start":{"line":1,"column":4011},"end":{"line":1,"column":4031}},{"start":{"line":1,"column":4011},"end":{"line":1,"column":4031}}],"line":1},"24":{"loc":{"start":{"line":1,"column":4116},"end":{"line":1,"column":4181}},"type":"if","locations":[{"start":{"line":1,"column":4116},"end":{"line":1,"column":4181}},{"start":{"line":1,"column":4116},"end":{"line":1,"column":4181}}],"line":1},"25":{"loc":{"start":{"line":1,"column":4132},"end":{"line":1,"column":4163}},"type":"if","locations":[{"start":{"line":1,"column":4132},"end":{"line":1,"column":4163}},{"start":{"line":1,"column":4132},"end":{"line":1,"column":4163}}],"line":1},"26":{"loc":{"start":{"line":1,"column":4496},"end":{"line":1,"column":4594}},"type":"if","locations":[{"start":{"line":1,"column":4496},"end":{"line":1,"column":4594}},{"start":{"line":1,"column":4496},"end":{"line":1,"column":4594}}],"line":1},"27":{"loc":{"start":{"line":1,"column":4519},"end":{"line":1,"column":4593}},"type":"if","locations":[{"start":{"line":1,"column":4519},"end":{"line":1,"column":4593}},{"start":{"line":1,"column":4519},"end":{"line":1,"column":4593}}],"line":1},"28":{"loc":{"start":{"line":1,"column":4567},"end":{"line":1,"column":4592}},"type":"if","locations":[{"start":{"line":1,"column":4567},"end":{"line":1,"column":4592}},{"start":{"line":1,"column":4567},"end":{"line":1,"column":4592}}],"line":1},"29":{"loc":{"start":{"line":1,"column":4570},"end":{"line":1,"column":4580}},"type":"binary-expr","locations":[{"start":{"line":1,"column":4570},"end":{"line":1,"column":4572}},{"start":{"line":1,"column":4574},"end":{"line":1,"column":4580}}],"line":1},"30":{"loc":{"start":{"line":1,"column":4627},"end":{"line":1,"column":4655}},"type":"if","locations":[{"start":{"line":1,"column":4627},"end":{"line":1,"column":4655}},{"start":{"line":1,"column":4627},"end":{"line":1,"column":4655}}],"line":1},"31":{"loc":{"start":{"line":1,"column":4700},"end":{"line":1,"column":4844}},"type":"if","locations":[{"start":{"line":1,"column":4700},"end":{"line":1,"column":4844}},{"start":{"line":1,"column":4700},"end":{"line":1,"column":4844}}],"line":1},"32":{"loc":{"start":{"line":1,"column":4718},"end":{"line":1,"column":4754}},"type":"if","locations":[{"start":{"line":1,"column":4718},"end":{"line":1,"column":4754}},{"start":{"line":1,"column":4718},"end":{"line":1,"column":4754}}],"line":1},"33":{"loc":{"start":{"line":1,"column":4760},"end":{"line":1,"column":4843}},"type":"if","locations":[{"start":{"line":1,"column":4760},"end":{"line":1,"column":4843}},{"start":{"line":1,"column":4760},"end":{"line":1,"column":4843}}],"line":1},"34":{"loc":{"start":{"line":1,"column":4808},"end":{"line":1,"column":4842}},"type":"if","locations":[{"start":{"line":1,"column":4808},"end":{"line":1,"column":4842}},{"start":{"line":1,"column":4808},"end":{"line":1,"column":4842}}],"line":1},"35":{"loc":{"start":{"line":1,"column":4811},"end":{"line":1,"column":4821}},"type":"binary-expr","locations":[{"start":{"line":1,"column":4811},"end":{"line":1,"column":4813}},{"start":{"line":1,"column":4815},"end":{"line":1,"column":4821}}],"line":1},"36":{"loc":{"start":{"line":1,"column":4875},"end":{"line":1,"column":4918}},"type":"if","locations":[{"start":{"line":1,"column":4875},"end":{"line":1,"column":4918}},{"start":{"line":1,"column":4875},"end":{"line":1,"column":4918}}],"line":1},"37":{"loc":{"start":{"line":1,"column":4878},"end":{"line":1,"column":4906}},"type":"binary-expr","locations":[{"start":{"line":1,"column":4878},"end":{"line":1,"column":4890}},{"start":{"line":1,"column":4892},"end":{"line":1,"column":4906}}],"line":1},"38":{"loc":{"start":{"line":1,"column":4919},"end":{"line":1,"column":5178}},"type":"if","locations":[{"start":{"line":1,"column":4919},"end":{"line":1,"column":5178}},{"start":{"line":1,"column":4919},"end":{"line":1,"column":5178}}],"line":1},"39":{"loc":{"start":{"line":1,"column":4922},"end":{"line":1,"column":4938}},"type":"binary-expr","locations":[{"start":{"line":1,"column":4922},"end":{"line":1,"column":4935}},{"start":{"line":1,"column":4937},"end":{"line":1,"column":4938}}],"line":1},"40":{"loc":{"start":{"line":1,"column":4999},"end":{"line":1,"column":5176}},"type":"if","locations":[{"start":{"line":1,"column":4999},"end":{"line":1,"column":5176}},{"start":{"line":1,"column":4999},"end":{"line":1,"column":5176}}],"line":1},"41":{"loc":{"start":{"line":1,"column":5002},"end":{"line":1,"column":5024}},"type":"binary-expr","locations":[{"start":{"line":1,"column":5002},"end":{"line":1,"column":5014}},{"start":{"line":1,"column":5016},"end":{"line":1,"column":5024}}],"line":1},"42":{"loc":{"start":{"line":1,"column":5044},"end":{"line":1,"column":5175}},"type":"if","locations":[{"start":{"line":1,"column":5044},"end":{"line":1,"column":5175}},{"start":{"line":1,"column":5044},"end":{"line":1,"column":5175}}],"line":1},"43":{"loc":{"start":{"line":1,"column":5251},"end":{"line":1,"column":5302}},"type":"if","locations":[{"start":{"line":1,"column":5251},"end":{"line":1,"column":5302}},{"start":{"line":1,"column":5251},"end":{"line":1,"column":5302}}],"line":1},"44":{"loc":{"start":{"line":1,"column":5254},"end":{"line":1,"column":5277}},"type":"binary-expr","locations":[{"start":{"line":1,"column":5254},"end":{"line":1,"column":5263}},{"start":{"line":1,"column":5265},"end":{"line":1,"column":5277}}],"line":1},"45":{"loc":{"start":{"line":1,"column":5358},"end":{"line":1,"column":5369}},"type":"cond-expr","locations":[{"start":{"line":1,"column":5361},"end":{"line":1,"column":5365}},{"start":{"line":1,"column":5366},"end":{"line":1,"column":5369}}],"line":1},"46":{"loc":{"start":{"line":1,"column":5456},"end":{"line":1,"column":5617}},"type":"if","locations":[{"start":{"line":1,"column":5456},"end":{"line":1,"column":5617}},{"start":{"line":1,"column":5456},"end":{"line":1,"column":5617}}],"line":1},"47":{"loc":{"start":{"line":1,"column":5508},"end":{"line":1,"column":5616}},"type":"if","locations":[{"start":{"line":1,"column":5508},"end":{"line":1,"column":5616}},{"start":{"line":1,"column":5508},"end":{"line":1,"column":5616}}],"line":1},"48":{"loc":{"start":{"line":1,"column":5623},"end":{"line":1,"column":5650}},"type":"binary-expr","locations":[{"start":{"line":1,"column":5623},"end":{"line":1,"column":5624}},{"start":{"line":1,"column":5626},"end":{"line":1,"column":5650}}],"line":1},"49":{"loc":{"start":{"line":1,"column":5667},"end":{"line":1,"column":6045}},"type":"switch","locations":[{"start":{"line":1,"column":5687},"end":{"line":1,"column":5869}},{"start":{"line":1,"column":5869},"end":{"line":1,"column":5876}},{"start":{"line":1,"column":5876},"end":{"line":1,"column":6044}}],"line":1},"50":{"loc":{"start":{"line":1,"column":5694},"end":{"line":1,"column":5726}},"type":"if","locations":[{"start":{"line":1,"column":5694},"end":{"line":1,"column":5726}},{"start":{"line":1,"column":5694},"end":{"line":1,"column":5726}}],"line":1},"51":{"loc":{"start":{"line":1,"column":5799},"end":{"line":1,"column":5863}},"type":"if","locations":[{"start":{"line":1,"column":5799},"end":{"line":1,"column":5863}},{"start":{"line":1,"column":5799},"end":{"line":1,"column":5863}}],"line":1},"52":{"loc":{"start":{"line":1,"column":5802},"end":{"line":1,"column":5822}},"type":"binary-expr","locations":[{"start":{"line":1,"column":5802},"end":{"line":1,"column":5811}},{"start":{"line":1,"column":5813},"end":{"line":1,"column":5822}}],"line":1},"53":{"loc":{"start":{"line":1,"column":5903},"end":{"line":1,"column":6039}},"type":"if","locations":[{"start":{"line":1,"column":5903},"end":{"line":1,"column":6039}},{"start":{"line":1,"column":5903},"end":{"line":1,"column":6039}}],"line":1},"54":{"loc":{"start":{"line":1,"column":5917},"end":{"line":1,"column":5991}},"type":"if","locations":[{"start":{"line":1,"column":5917},"end":{"line":1,"column":5991}},{"start":{"line":1,"column":5917},"end":{"line":1,"column":5991}}],"line":1},"55":{"loc":{"start":{"line":1,"column":6128},"end":{"line":1,"column":6142}},"type":"if","locations":[{"start":{"line":1,"column":6128},"end":{"line":1,"column":6142}},{"start":{"line":1,"column":6128},"end":{"line":1,"column":6142}}],"line":1},"56":{"loc":{"start":{"line":1,"column":6310},"end":{"line":1,"column":6361}},"type":"cond-expr","locations":[{"start":{"line":1,"column":6319},"end":{"line":1,"column":6324}},{"start":{"line":1,"column":6326},"end":{"line":1,"column":6361}}],"line":1},"57":{"loc":{"start":{"line":1,"column":6319},"end":{"line":1,"column":6324}},"type":"cond-expr","locations":[{"start":{"line":1,"column":6321},"end":{"line":1,"column":6322}},{"start":{"line":1,"column":6323},"end":{"line":1,"column":6324}}],"line":1},"58":{"loc":{"start":{"line":1,"column":6326},"end":{"line":1,"column":6361}},"type":"cond-expr","locations":[{"start":{"line":1,"column":6335},"end":{"line":1,"column":6358}},{"start":{"line":1,"column":6360},"end":{"line":1,"column":6361}}],"line":1},"59":{"loc":{"start":{"line":1,"column":6335},"end":{"line":1,"column":6358}},"type":"cond-expr","locations":[{"start":{"line":1,"column":6355},"end":{"line":1,"column":6356}},{"start":{"line":1,"column":6357},"end":{"line":1,"column":6358}}],"line":1},"60":{"loc":{"start":{"line":1,"column":6369},"end":{"line":1,"column":6386}},"type":"cond-expr","locations":[{"start":{"line":1,"column":6375},"end":{"line":1,"column":6384}},{"start":{"line":1,"column":6385},"end":{"line":1,"column":6386}}],"line":1},"61":{"loc":{"start":{"line":1,"column":6530},"end":{"line":1,"column":6588}},"type":"if","locations":[{"start":{"line":1,"column":6530},"end":{"line":1,"column":6588}},{"start":{"line":1,"column":6530},"end":{"line":1,"column":6588}}],"line":1},"62":{"loc":{"start":{"line":1,"column":6613},"end":{"line":1,"column":6664}},"type":"if","locations":[{"start":{"line":1,"column":6613},"end":{"line":1,"column":6664}},{"start":{"line":1,"column":6613},"end":{"line":1,"column":6664}}],"line":1},"63":{"loc":{"start":{"line":1,"column":6796},"end":{"line":1,"column":6810}},"type":"binary-expr","locations":[{"start":{"line":1,"column":6796},"end":{"line":1,"column":6806}},{"start":{"line":1,"column":6808},"end":{"line":1,"column":6810}}],"line":1},"64":{"loc":{"start":{"line":1,"column":6908},"end":{"line":1,"column":7216}},"type":"if","locations":[{"start":{"line":1,"column":6908},"end":{"line":1,"column":7216}},{"start":{"line":1,"column":6908},"end":{"line":1,"column":7216}}],"line":1},"65":{"loc":{"start":{"line":1,"column":6970},"end":{"line":1,"column":7099}},"type":"if","locations":[{"start":{"line":1,"column":6970},"end":{"line":1,"column":7099}},{"start":{"line":1,"column":6970},"end":{"line":1,"column":7099}}],"line":1},"66":{"loc":{"start":{"line":1,"column":7062},"end":{"line":1,"column":7084}},"type":"if","locations":[{"start":{"line":1,"column":7062},"end":{"line":1,"column":7084}},{"start":{"line":1,"column":7062},"end":{"line":1,"column":7084}}],"line":1},"67":{"loc":{"start":{"line":1,"column":7085},"end":{"line":1,"column":7098}},"type":"if","locations":[{"start":{"line":1,"column":7085},"end":{"line":1,"column":7098}},{"start":{"line":1,"column":7085},"end":{"line":1,"column":7098}}],"line":1},"68":{"loc":{"start":{"line":1,"column":7102},"end":{"line":1,"column":7143}},"type":"binary-expr","locations":[{"start":{"line":1,"column":7102},"end":{"line":1,"column":7114}},{"start":{"line":1,"column":7116},"end":{"line":1,"column":7143}}],"line":1},"69":{"loc":{"start":{"line":1,"column":7144},"end":{"line":1,"column":7197}},"type":"if","locations":[{"start":{"line":1,"column":7144},"end":{"line":1,"column":7197}},{"start":{"line":1,"column":7144},"end":{"line":1,"column":7197}}],"line":1},"70":{"loc":{"start":{"line":1,"column":7147},"end":{"line":1,"column":7181}},"type":"binary-expr","locations":[{"start":{"line":1,"column":7147},"end":{"line":1,"column":7149}},{"start":{"line":1,"column":7151},"end":{"line":1,"column":7181}}],"line":1},"71":{"loc":{"start":{"line":1,"column":7153},"end":{"line":1,"column":7180}},"type":"binary-expr","locations":[{"start":{"line":1,"column":7153},"end":{"line":1,"column":7155}},{"start":{"line":1,"column":7157},"end":{"line":1,"column":7180}}],"line":1},"72":{"loc":{"start":{"line":1,"column":7197},"end":{"line":1,"column":7215}},"type":"if","locations":[{"start":{"line":1,"column":7197},"end":{"line":1,"column":7215}},{"start":{"line":1,"column":7197},"end":{"line":1,"column":7215}}],"line":1},"73":{"loc":{"start":{"line":1,"column":7240},"end":{"line":1,"column":7491}},"type":"if","locations":[{"start":{"line":1,"column":7240},"end":{"line":1,"column":7491}},{"start":{"line":1,"column":7240},"end":{"line":1,"column":7491}}],"line":1},"74":{"loc":{"start":{"line":1,"column":7325},"end":{"line":1,"column":7377}},"type":"if","locations":[{"start":{"line":1,"column":7325},"end":{"line":1,"column":7377}},{"start":{"line":1,"column":7325},"end":{"line":1,"column":7377}}],"line":1},"75":{"loc":{"start":{"line":1,"column":7548},"end":{"line":1,"column":8035}},"type":"if","locations":[{"start":{"line":1,"column":7548},"end":{"line":1,"column":8035}},{"start":{"line":1,"column":7548},"end":{"line":1,"column":8035}}],"line":1},"76":{"loc":{"start":{"line":1,"column":7787},"end":{"line":1,"column":8034}},"type":"if","locations":[{"start":{"line":1,"column":7787},"end":{"line":1,"column":8034}},{"start":{"line":1,"column":7787},"end":{"line":1,"column":8034}}],"line":1},"77":{"loc":{"start":{"line":1,"column":8035},"end":{"line":1,"column":8104}},"type":"if","locations":[{"start":{"line":1,"column":8035},"end":{"line":1,"column":8104}},{"start":{"line":1,"column":8035},"end":{"line":1,"column":8104}}],"line":1},"78":{"loc":{"start":{"line":1,"column":8125},"end":{"line":1,"column":8474}},"type":"if","locations":[{"start":{"line":1,"column":8125},"end":{"line":1,"column":8474}},{"start":{"line":1,"column":8125},"end":{"line":1,"column":8474}}],"line":1},"79":{"loc":{"start":{"line":1,"column":8131},"end":{"line":1,"column":8473}},"type":"if","locations":[{"start":{"line":1,"column":8131},"end":{"line":1,"column":8473}},{"start":{"line":1,"column":8131},"end":{"line":1,"column":8473}}],"line":1},"80":{"loc":{"start":{"line":1,"column":8152},"end":{"line":1,"column":8346}},"type":"if","locations":[{"start":{"line":1,"column":8152},"end":{"line":1,"column":8346}},{"start":{"line":1,"column":8152},"end":{"line":1,"column":8346}}],"line":1},"81":{"loc":{"start":{"line":1,"column":8474},"end":{"line":1,"column":8571}},"type":"if","locations":[{"start":{"line":1,"column":8474},"end":{"line":1,"column":8571}},{"start":{"line":1,"column":8474},"end":{"line":1,"column":8571}}],"line":1},"82":{"loc":{"start":{"line":1,"column":8571},"end":{"line":1,"column":8746}},"type":"if","locations":[{"start":{"line":1,"column":8571},"end":{"line":1,"column":8746}},{"start":{"line":1,"column":8571},"end":{"line":1,"column":8746}}],"line":1},"83":{"loc":{"start":{"line":1,"column":8760},"end":{"line":1,"column":8780}},"type":"if","locations":[{"start":{"line":1,"column":8760},"end":{"line":1,"column":8780}},{"start":{"line":1,"column":8760},"end":{"line":1,"column":8780}}],"line":1},"84":{"loc":{"start":{"line":1,"column":8823},"end":{"line":1,"column":8904}},"type":"if","locations":[{"start":{"line":1,"column":8823},"end":{"line":1,"column":8904}},{"start":{"line":1,"column":8823},"end":{"line":1,"column":8904}}],"line":1},"85":{"loc":{"start":{"line":1,"column":9467},"end":{"line":1,"column":9622}},"type":"if","locations":[{"start":{"line":1,"column":9467},"end":{"line":1,"column":9622}},{"start":{"line":1,"column":9467},"end":{"line":1,"column":9622}}],"line":1},"86":{"loc":{"start":{"line":1,"column":9519},"end":{"line":1,"column":9621}},"type":"if","locations":[{"start":{"line":1,"column":9519},"end":{"line":1,"column":9621}},{"start":{"line":1,"column":9519},"end":{"line":1,"column":9621}}],"line":1},"87":{"loc":{"start":{"line":1,"column":9628},"end":{"line":1,"column":9655}},"type":"binary-expr","locations":[{"start":{"line":1,"column":9628},"end":{"line":1,"column":9629}},{"start":{"line":1,"column":9631},"end":{"line":1,"column":9655}}],"line":1},"88":{"loc":{"start":{"line":1,"column":9762},"end":{"line":1,"column":10258}},"type":"switch","locations":[{"start":{"line":1,"column":9782},"end":{"line":1,"column":9965}},{"start":{"line":1,"column":9965},"end":{"line":1,"column":9972}},{"start":{"line":1,"column":9972},"end":{"line":1,"column":10257}}],"line":1},"89":{"loc":{"start":{"line":1,"column":9789},"end":{"line":1,"column":9820}},"type":"if","locations":[{"start":{"line":1,"column":9789},"end":{"line":1,"column":9820}},{"start":{"line":1,"column":9789},"end":{"line":1,"column":9820}}],"line":1},"90":{"loc":{"start":{"line":1,"column":9820},"end":{"line":1,"column":9959}},"type":"if","locations":[{"start":{"line":1,"column":9820},"end":{"line":1,"column":9959}},{"start":{"line":1,"column":9820},"end":{"line":1,"column":9959}}],"line":1},"91":{"loc":{"start":{"line":1,"column":9850},"end":{"line":1,"column":9898}},"type":"if","locations":[{"start":{"line":1,"column":9850},"end":{"line":1,"column":9898}},{"start":{"line":1,"column":9850},"end":{"line":1,"column":9898}}],"line":1},"92":{"loc":{"start":{"line":1,"column":9979},"end":{"line":1,"column":10252}},"type":"if","locations":[{"start":{"line":1,"column":9979},"end":{"line":1,"column":10252}},{"start":{"line":1,"column":9979},"end":{"line":1,"column":10252}}],"line":1},"93":{"loc":{"start":{"line":1,"column":10025},"end":{"line":1,"column":10251}},"type":"if","locations":[{"start":{"line":1,"column":10025},"end":{"line":1,"column":10251}},{"start":{"line":1,"column":10025},"end":{"line":1,"column":10251}}],"line":1},"94":{"loc":{"start":{"line":1,"column":10123},"end":{"line":1,"column":10205}},"type":"if","locations":[{"start":{"line":1,"column":10123},"end":{"line":1,"column":10205}},{"start":{"line":1,"column":10123},"end":{"line":1,"column":10205}}],"line":1},"95":{"loc":{"start":{"line":1,"column":10212},"end":{"line":1,"column":10250}},"type":"if","locations":[{"start":{"line":1,"column":10212},"end":{"line":1,"column":10250}},{"start":{"line":1,"column":10212},"end":{"line":1,"column":10250}}],"line":1},"96":{"loc":{"start":{"line":1,"column":10315},"end":{"line":1,"column":10330}},"type":"if","locations":[{"start":{"line":1,"column":10315},"end":{"line":1,"column":10330}},{"start":{"line":1,"column":10315},"end":{"line":1,"column":10330}}],"line":1},"97":{"loc":{"start":{"line":1,"column":10357},"end":{"line":1,"column":10382}},"type":"cond-expr","locations":[{"start":{"line":1,"column":10360},"end":{"line":1,"column":10379}},{"start":{"line":1,"column":10380},"end":{"line":1,"column":10382}}],"line":1},"98":{"loc":{"start":{"line":1,"column":10404},"end":{"line":1,"column":10530}},"type":"if","locations":[{"start":{"line":1,"column":10404},"end":{"line":1,"column":10530}},{"start":{"line":1,"column":10404},"end":{"line":1,"column":10530}}],"line":1},"99":{"loc":{"start":{"line":1,"column":10579},"end":{"line":1,"column":10614}},"type":"binary-expr","locations":[{"start":{"line":1,"column":10580},"end":{"line":1,"column":10596}},{"start":{"line":1,"column":10599},"end":{"line":1,"column":10614}}],"line":1},"100":{"loc":{"start":{"line":1,"column":10671},"end":{"line":1,"column":10717}},"type":"if","locations":[{"start":{"line":1,"column":10671},"end":{"line":1,"column":10717}},{"start":{"line":1,"column":10671},"end":{"line":1,"column":10717}}],"line":1},"101":{"loc":{"start":{"line":1,"column":10777},"end":{"line":1,"column":10802}},"type":"binary-expr","locations":[{"start":{"line":1,"column":10777},"end":{"line":1,"column":10799}},{"start":{"line":1,"column":10801},"end":{"line":1,"column":10802}}],"line":1},"102":{"loc":{"start":{"line":1,"column":10871},"end":{"line":1,"column":10932}},"type":"if","locations":[{"start":{"line":1,"column":10871},"end":{"line":1,"column":10932}},{"start":{"line":1,"column":10871},"end":{"line":1,"column":10932}}],"line":1},"103":{"loc":{"start":{"line":1,"column":11209},"end":{"line":1,"column":11272}},"type":"if","locations":[{"start":{"line":1,"column":11209},"end":{"line":1,"column":11272}},{"start":{"line":1,"column":11209},"end":{"line":1,"column":11272}}],"line":1},"104":{"loc":{"start":{"line":1,"column":11342},"end":{"line":1,"column":11361}},"type":"binary-expr","locations":[{"start":{"line":1,"column":11342},"end":{"line":1,"column":11348}},{"start":{"line":1,"column":11350},"end":{"line":1,"column":11361}}],"line":1},"105":{"loc":{"start":{"line":1,"column":11453},"end":{"line":1,"column":11465}},"type":"binary-expr","locations":[{"start":{"line":1,"column":11453},"end":{"line":1,"column":11461}},{"start":{"line":1,"column":11463},"end":{"line":1,"column":11465}}],"line":1},"106":{"loc":{"start":{"line":1,"column":11485},"end":{"line":1,"column":11495}},"type":"binary-expr","locations":[{"start":{"line":1,"column":11485},"end":{"line":1,"column":11491}},{"start":{"line":1,"column":11493},"end":{"line":1,"column":11495}}],"line":1},"107":{"loc":{"start":{"line":1,"column":11539},"end":{"line":1,"column":11857}},"type":"if","locations":[{"start":{"line":1,"column":11539},"end":{"line":1,"column":11857}},{"start":{"line":1,"column":11539},"end":{"line":1,"column":11857}}],"line":1},"108":{"loc":{"start":{"line":1,"column":11542},"end":{"line":1,"column":11580}},"type":"binary-expr","locations":[{"start":{"line":1,"column":11542},"end":{"line":1,"column":11557}},{"start":{"line":1,"column":11560},"end":{"line":1,"column":11579}}],"line":1},"109":{"loc":{"start":{"line":1,"column":11582},"end":{"line":1,"column":11610}},"type":"if","locations":[{"start":{"line":1,"column":11582},"end":{"line":1,"column":11610}},{"start":{"line":1,"column":11582},"end":{"line":1,"column":11610}}],"line":1},"110":{"loc":{"start":{"line":1,"column":11764},"end":{"line":1,"column":11856}},"type":"if","locations":[{"start":{"line":1,"column":11764},"end":{"line":1,"column":11856}},{"start":{"line":1,"column":11764},"end":{"line":1,"column":11856}}],"line":1},"111":{"loc":{"start":{"line":1,"column":11861},"end":{"line":1,"column":11876}},"type":"if","locations":[{"start":{"line":1,"column":11861},"end":{"line":1,"column":11876}},{"start":{"line":1,"column":11861},"end":{"line":1,"column":11876}}],"line":1},"112":{"loc":{"start":{"line":1,"column":11876},"end":{"line":1,"column":11891}},"type":"if","locations":[{"start":{"line":1,"column":11876},"end":{"line":1,"column":11891}},{"start":{"line":1,"column":11876},"end":{"line":1,"column":11891}}],"line":1},"113":{"loc":{"start":{"line":1,"column":11957},"end":{"line":1,"column":12068}},"type":"if","locations":[{"start":{"line":1,"column":11957},"end":{"line":1,"column":12068}},{"start":{"line":1,"column":11957},"end":{"line":1,"column":12068}}],"line":1},"114":{"loc":{"start":{"line":1,"column":11994},"end":{"line":1,"column":12067}},"type":"if","locations":[{"start":{"line":1,"column":11994},"end":{"line":1,"column":12067}},{"start":{"line":1,"column":11994},"end":{"line":1,"column":12067}}],"line":1},"115":{"loc":{"start":{"line":1,"column":12086},"end":{"line":1,"column":12166}},"type":"if","locations":[{"start":{"line":1,"column":12086},"end":{"line":1,"column":12166}},{"start":{"line":1,"column":12086},"end":{"line":1,"column":12166}}],"line":1},"116":{"loc":{"start":{"line":1,"column":12091},"end":{"line":1,"column":12113}},"type":"binary-expr","locations":[{"start":{"line":1,"column":12091},"end":{"line":1,"column":12092}},{"start":{"line":1,"column":12094},"end":{"line":1,"column":12113}}],"line":1},"117":{"loc":{"start":{"line":1,"column":12118},"end":{"line":1,"column":12165}},"type":"cond-expr","locations":[{"start":{"line":1,"column":12134},"end":{"line":1,"column":12150}},{"start":{"line":1,"column":12151},"end":{"line":1,"column":12165}}],"line":1},"118":{"loc":{"start":{"line":1,"column":14208},"end":{"line":1,"column":14266}},"type":"if","locations":[{"start":{"line":1,"column":14208},"end":{"line":1,"column":14266}},{"start":{"line":1,"column":14208},"end":{"line":1,"column":14266}}],"line":1},"119":{"loc":{"start":{"line":1,"column":14244},"end":{"line":1,"column":14264}},"type":"cond-expr","locations":[{"start":{"line":1,"column":14255},"end":{"line":1,"column":14262}},{"start":{"line":1,"column":14263},"end":{"line":1,"column":14264}}],"line":1},"120":{"loc":{"start":{"line":1,"column":14244},"end":{"line":1,"column":14254}},"type":"binary-expr","locations":[{"start":{"line":1,"column":14244},"end":{"line":1,"column":14245}},{"start":{"line":1,"column":14247},"end":{"line":1,"column":14254}}],"line":1},"121":{"loc":{"start":{"line":1,"column":14336},"end":{"line":1,"column":14349}},"type":"if","locations":[{"start":{"line":1,"column":14336},"end":{"line":1,"column":14349}},{"start":{"line":1,"column":14336},"end":{"line":1,"column":14349}}],"line":1},"122":{"loc":{"start":{"line":1,"column":14648},"end":{"line":1,"column":14698}},"type":"if","locations":[{"start":{"line":1,"column":14648},"end":{"line":1,"column":14698}},{"start":{"line":1,"column":14648},"end":{"line":1,"column":14698}}],"line":1},"123":{"loc":{"start":{"line":1,"column":14798},"end":{"line":1,"column":14852}},"type":"cond-expr","locations":[{"start":{"line":1,"column":14832},"end":{"line":1,"column":14843}},{"start":{"line":1,"column":14844},"end":{"line":1,"column":14852}}],"line":1},"124":{"loc":{"start":{"line":1,"column":14859},"end":{"line":1,"column":14881}},"type":"binary-expr","locations":[{"start":{"line":1,"column":14859},"end":{"line":1,"column":14869}},{"start":{"line":1,"column":14871},"end":{"line":1,"column":14881}}],"line":1},"125":{"loc":{"start":{"line":1,"column":14919},"end":{"line":1,"column":15433}},"type":"if","locations":[{"start":{"line":1,"column":14919},"end":{"line":1,"column":15433}},{"start":{"line":1,"column":14919},"end":{"line":1,"column":15433}}],"line":1},"126":{"loc":{"start":{"line":1,"column":14979},"end":{"line":1,"column":15046}},"type":"if","locations":[{"start":{"line":1,"column":14979},"end":{"line":1,"column":15046}},{"start":{"line":1,"column":14979},"end":{"line":1,"column":15046}}],"line":1},"127":{"loc":{"start":{"line":1,"column":14982},"end":{"line":1,"column":15018}},"type":"binary-expr","locations":[{"start":{"line":1,"column":14982},"end":{"line":1,"column":14985}},{"start":{"line":1,"column":14988},"end":{"line":1,"column":14996}},{"start":{"line":1,"column":14999},"end":{"line":1,"column":15018}}],"line":1},"128":{"loc":{"start":{"line":1,"column":15046},"end":{"line":1,"column":15062}},"type":"if","locations":[{"start":{"line":1,"column":15046},"end":{"line":1,"column":15062}},{"start":{"line":1,"column":15046},"end":{"line":1,"column":15062}}],"line":1},"129":{"loc":{"start":{"line":1,"column":15121},"end":{"line":1,"column":15255}},"type":"if","locations":[{"start":{"line":1,"column":15121},"end":{"line":1,"column":15255}},{"start":{"line":1,"column":15121},"end":{"line":1,"column":15255}}],"line":1},"130":{"loc":{"start":{"line":1,"column":15124},"end":{"line":1,"column":15239}},"type":"binary-expr","locations":[{"start":{"line":1,"column":15125},"end":{"line":1,"column":15143}},{"start":{"line":1,"column":15145},"end":{"line":1,"column":15164}},{"start":{"line":1,"column":15166},"end":{"line":1,"column":15184}},{"start":{"line":1,"column":15187},"end":{"line":1,"column":15199}},{"start":{"line":1,"co
[...]
ne":336,"column":41}},{"start":{"line":336,"column":45},"end":{"line":336,"column":68}}]},"53":{"loc":{"start":{"line":361,"column":29},"end":{"line":361,"column":47}},"type":"cond-expr","locations":[{"start":{"line":361,"column":29},"end":{"line":361,"column":47}},{"start":{"line":361,"column":50},"end":{"line":361,"column":51}}]},"54":{"loc":{"start":{"line":364,"column":38},"end":{"line":364,"column":53}},"type":"if","locations":[{"start":{"line":364,"column":38},"end":{"line":364,"column":53}},{"start":{"line":364,"column":38},"end":{"line":364,"column":53}}]},"55":{"loc":{"start":{"line":373,"column":4},"end":{"line":379,"column":5}},"type":"if","locations":[{"start":{"line":373,"column":4},"end":{"line":379,"column":5}},{"start":{"line":373,"column":4},"end":{"line":379,"column":5}}]},"56":{"loc":{"start":{"line":380,"column":4},"end":{"line":382,"column":5}},"type":"if","locations":[{"start":{"line":380,"column":4},"end":{"line":382,"column":5}},{"start":{"line":380,"column":4},"end":{"line":382,"column":5}}]},"57":{"loc":{"start":{"line":394,"column":4},"end":{"line":400,"column":5}},"type":"if","locations":[{"start":{"line":394,"column":4},"end":{"line":400,"column":5}},{"start":{"line":394,"column":4},"end":{"line":400,"column":5}}]},"58":{"loc":{"start":{"line":396,"column":11},"end":{"line":400,"column":5}},"type":"if","locations":[{"start":{"line":396,"column":11},"end":{"line":400,"column":5}},{"start":{"line":396,"column":11},"end":{"line":400,"column":5}}]},"59":{"loc":{"start":{"line":432,"column":4},"end":{"line":436,"column":5}},"type":"if","locations":[{"start":{"line":432,"column":4},"end":{"line":436,"column":5}},{"start":{"line":432,"column":4},"end":{"line":436,"column":5}}]},"60":{"loc":{"start":{"line":434,"column":11},"end":{"line":436,"column":5}},"type":"if","locations":[{"start":{"line":434,"column":11},"end":{"line":436,"column":5}},{"start":{"line":434,"column":11},"end":{"line":436,"column":5}}]},"61":{"loc":{"start":{"line":444,"column":44},"end":{"line":444,"column":61}},"type":"if","locations":[{"start":{"line":444,"column":44},"end":{"line":444,"column":61}},{"start":{"line":444,"column":44},"end":{"line":444,"column":61}}]},"62":{"loc":{"start":{"line":449,"column":4},"end":{"line":507,"column":5}},"type":"if","locations":[{"start":{"line":449,"column":4},"end":{"line":507,"column":5}},{"start":{"line":449,"column":4},"end":{"line":507,"column":5}}]},"63":{"loc":{"start":{"line":453,"column":12},"end":{"line":457,"column":13}},"type":"if","locations":[{"start":{"line":453,"column":12},"end":{"line":457,"column":13}},{"start":{"line":453,"column":12},"end":{"line":457,"column":13}}]},"64":{"loc":{"start":{"line":455,"column":19},"end":{"line":457,"column":13}},"type":"if","locations":[{"start":{"line":455,"column":19},"end":{"line":457,"column":13}},{"start":{"line":455,"column":19},"end":{"line":457,"column":13}}]},"65":{"loc":{"start":{"line":462,"column":12},"end":{"line":464,"column":13}},"type":"if","locations":[{"start":{"line":462,"column":12},"end":{"line":464,"column":13}},{"start":{"line":462,"column":12},"end":{"line":464,"column":13}}]},"66":{"loc":{"start":{"line":469,"column":12},"end":{"line":472,"column":13}},"type":"if","locations":[{"start":{"line":469,"column":12},"end":{"line":472,"column":13}},{"start":{"line":469,"column":12},"end":{"line":472,"column":13}}]},"67":{"loc":{"start":{"line":478,"column":50},"end":{"line":478,"column":64}},"type":"binary-expr","locations":[{"start":{"line":478,"column":50},"end":{"line":478,"column":64}},{"start":{"line":478,"column":68},"end":{"line":478,"column":69}}]},"68":{"loc":{"start":{"line":484,"column":12},"end":{"line":486,"column":13}},"type":"if","locations":[{"start":{"line":484,"column":12},"end":{"line":486,"column":13}},{"start":{"line":484,"column":12},"end":{"line":486,"column":13}}]},"69":{"loc":{"start":{"line":496,"column":12},"end":{"line":498,"column":13}},"type":"if","locations":[{"start":{"line":496,"column":12},"end":{"line":498,"column":13}},{"start":{"line":496,"column":12},"end":{"line":498,"column":13}}]},"70":{"loc":{"start":{"line":499,"column":12},"end":{"line":502,"column":13}},"type":"if","locations":[{"start":{"line":499,"column":12},"end":{"line":502,"column":13}},{"start":{"line":499,"column":12},"end":{"line":502,"column":13}}]},"71":{"loc":{"start":{"line":499,"column":16},"end":{"line":499,"column":28}},"type":"binary-expr","locations":[{"start":{"line":499,"column":16},"end":{"line":499,"column":28}},{"start":{"line":499,"column":32},"end":{"line":499,"column":51}},{"start":{"line":499,"column":55},"end":{"line":499,"column":64}},{"start":{"line":499,"column":68},"end":{"line":499,"column":94}}]},"72":{"loc":{"start":{"line":514,"column":44},"end":{"line":514,"column":59}},"type":"if","locations":[{"start":{"line":514,"column":44},"end":{"line":514,"column":59}},{"start":{"line":514,"column":44},"end":{"line":514,"column":59}}]},"73":{"loc":{"start":{"line":521,"column":4},"end":{"line":539,"column":5}},"type":"if","locations":[{"start":{"line":521,"column":4},"end":{"line":539,"column":5}},{"start":{"line":521,"column":4},"end":{"line":539,"column":5}}]},"74":{"loc":{"start":{"line":543,"column":43},"end":{"line":543,"column":58}},"type":"if","locations":[{"start":{"line":543,"column":43},"end":{"line":543,"column":58}},{"start":{"line":543,"column":43},"end":{"line":543,"column":58}}]},"75":{"loc":{"start":{"line":549,"column":27},"end":{"line":549,"column":35}},"type":"binary-expr","locations":[{"start":{"line":549,"column":27},"end":{"line":549,"column":35}},{"start":{"line":549,"column":39},"end":{"line":549,"column":53}}]},"76":{"loc":{"start":{"line":554,"column":12},"end":{"line":559,"column":13}},"type":"if","locations":[{"start":{"line":554,"column":12},"end":{"line":559,"column":13}},{"start":{"line":554,"column":12},"end":{"line":559,"column":13}}]},"77":{"loc":{"start":{"line":555,"column":16},"end":{"line":557,"column":17}},"type":"if","locations":[{"start":{"line":555,"column":16},"end":{"line":557,"column":17}},{"start":{"line":555,"column":16},"end":{"line":557,"column":17}}]},"78":{"loc":{"start":{"line":562,"column":12},"end":{"line":567,"column":13}},"type":"if","locations":[{"start":{"line":562,"column":12},"end":{"line":567,"column":13}},{"start":{"line":562,"column":12},"end":{"line":567,"column":13}}]},"79":{"loc":{"start":{"line":563,"column":16},"end":{"line":565,"column":17}},"type":"if","locations":[{"start":{"line":563,"column":16},"end":{"line":565,"column":17}},{"start":{"line":563,"column":16},"end":{"line":565,"column":17}}]},"80":{"loc":{"start":{"line":570,"column":12},"end":{"line":572,"column":13}},"type":"if","locations":[{"start":{"line":570,"column":12},"end":{"line":572,"column":13}},{"start":{"line":570,"column":12},"end":{"line":572,"column":13}}]},"81":{"loc":{"start":{"line":580,"column":12},"end":{"line":582,"column":13}},"type":"if","locations":[{"start":{"line":580,"column":12},"end":{"line":582,"column":13}},{"start":{"line":580,"column":12},"end":{"line":582,"column":13}}]},"82":{"loc":{"start":{"line":583,"column":12},"end":{"line":585,"column":13}},"type":"if","locations":[{"start":{"line":583,"column":12},"end":{"line":585,"column":13}},{"start":{"line":583,"column":12},"end":{"line":585,"column":13}}]},"83":{"loc":{"start":{"line":586,"column":12},"end":{"line":588,"column":13}},"type":"if","locations":[{"start":{"line":586,"column":12},"end":{"line":588,"column":13}},{"start":{"line":586,"column":12},"end":{"line":588,"column":13}}]},"84":{"loc":{"start":{"line":595,"column":12},"end":{"line":597,"column":13}},"type":"if","locations":[{"start":{"line":595,"column":12},"end":{"line":597,"column":13}},{"start":{"line":595,"column":12},"end":{"line":597,"column":13}}]},"85":{"loc":{"start":{"line":598,"column":12},"end":{"line":602,"column":13}},"type":"if","locations":[{"start":{"line":598,"column":12},"end":{"line":602,"column":13}},{"start":{"line":598,"column":12},"end":{"line":602,"column":13}}]},"86":{"loc":{"start":{"line":598,"column":16},"end":{"line":598,"column":30}},"type":"binary-expr","locations":[{"start":{"line":598,"column":16},"end":{"line":598,"column":30}},{"start":{"line":598,"column":34},"end":{"line":598,"column":67}}]},"87":{"loc":{"start":{"line":600,"column":20},"end":{"line":600,"column":37}},"type":"cond-expr","locations":[{"start":{"line":600,"column":20},"end":{"line":600,"column":37}},{"start":{"line":601,"column":20},"end":{"line":601,"column":34}}]},"88":{"loc":{"start":{"line":621,"column":37},"end":{"line":621,"column":47}},"type":"cond-expr","locations":[{"start":{"line":621,"column":37},"end":{"line":621,"column":47}},{"start":{"line":621,"column":50},"end":{"line":621,"column":51}}]},"89":{"loc":{"start":{"line":622,"column":39},"end":{"line":622,"column":49}},"type":"cond-expr","locations":[{"start":{"line":622,"column":39},"end":{"line":622,"column":49}},{"start":{"line":622,"column":52},"end":{"line":622,"column":53}}]},"90":{"loc":{"start":{"line":623,"column":56},"end":{"line":623,"column":66}},"type":"cond-expr","locations":[{"start":{"line":623,"column":56},"end":{"line":623,"column":66}},{"start":{"line":623,"column":69},"end":{"line":623,"column":70}}]},"91":{"loc":{"start":{"line":623,"column":24},"end":{"line":623,"column":35}},"type":"binary-expr","locations":[{"start":{"line":623,"column":24},"end":{"line":623,"column":35}},{"start":{"line":623,"column":39},"end":{"line":623,"column":52}}]},"92":{"loc":{"start":{"line":649,"column":82},"end":{"line":649,"column":84}},"type":"cond-expr","locations":[{"start":{"line":649,"column":82},"end":{"line":649,"column":84}},{"start":{"line":649,"column":87},"end":{"line":649,"column":88}}]},"93":{"loc":{"start":{"line":657,"column":34},"end":{"line":662,"column":5}},"type":"cond-expr","locations":[{"start":{"line":657,"column":34},"end":{"line":662,"column":5}},{"start":{"line":657,"column":34},"end":{"line":662,"column":6}}]},"94":{"loc":{"start":{"line":666,"column":4},"end":{"line":668,"column":5}},"type":"if","locations":[{"start":{"line":666,"column":4},"end":{"line":668,"column":5}},{"start":{"line":666,"column":4},"end":{"line":668,"column":5}}]},"95":{"loc":{"start":{"line":669,"column":4},"end":{"line":670,"column":5}},"type":"if","locations":[{"start":{"line":669,"column":4},"end":{"line":670,"column":5}},{"start":{"line":669,"column":4},"end":{"line":670,"column":5}}]},"96":{"loc":{"start":{"line":671,"column":4},"end":{"line":673,"column":5}},"type":"if","locations":[{"start":{"line":671,"column":4},"end":{"line":673,"column":5}},{"start":{"line":671,"column":4},"end":{"line":673,"column":5}}]},"97":{"loc":{"start":{"line":694,"column":73},"end":{"line":694,"column":80}},"type":"cond-expr","locations":[{"start":{"line":694,"column":73},"end":{"line":694,"column":80}},{"start":{"line":694,"column":83},"end":{"line":694,"column":86}}]},"98":{"loc":{"start":{"line":707,"column":49},"end":{"line":707,"column":59}},"type":"if","locations":[{"start":{"line":707,"column":49},"end":{"line":707,"column":59}},{"start":{"line":707,"column":49},"end":{"line":707,"column":59}}]},"99":{"loc":{"start":{"line":709,"column":4},"end":{"line":711,"column":5}},"type":"if","locations":[{"start":{"line":709,"column":4},"end":{"line":711,"column":5}},{"start":{"line":709,"column":4},"end":{"line":711,"column":5}}]},"100":{"loc":{"start":{"line":715,"column":50},"end":{"line":715,"column":60}},"type":"if","locations":[{"start":{"line":715,"column":50},"end":{"line":715,"column":60}},{"start":{"line":715,"column":50},"end":{"line":715,"column":60}}]},"101":{"loc":{"start":{"line":719,"column":48},"end":{"line":719,"column":58}},"type":"if","locations":[{"start":{"line":719,"column":48},"end":{"line":719,"column":58}},{"start":{"line":719,"column":48},"end":{"line":719,"column":58}}]},"102":{"loc":{"start":{"line":726,"column":4},"end":{"line":726,"column":20}},"type":"if","locations":[{"start":{"line":726,"column":4},"end":{"line":726,"column":20}},{"start":{"line":726,"column":4},"end":{"line":726,"column":20}}]},"103":{"loc":{"start":{"line":727,"column":4},"end":{"line":727,"column":13}},"type":"if","locations":[{"start":{"line":727,"column":4},"end":{"line":727,"column":13}},{"start":{"line":727,"column":4},"end":{"line":727,"column":13}}]},"104":{"loc":{"start":{"line":728,"column":4},"end":{"line":728,"column":17}},"type":"if","locations":[{"start":{"line":728,"column":4},"end":{"line":728,"column":17}},{"start":{"line":728,"column":4},"end":{"line":728,"column":17}}]},"105":{"loc":{"start":{"line":729,"column":4},"end":{"line":729,"column":16}},"type":"if","locations":[{"start":{"line":729,"column":4},"end":{"line":729,"column":16}},{"start":{"line":729,"column":4},"end":{"line":729,"column":16}}]},"106":{"loc":{"start":{"line":731,"column":4},"end":{"line":736,"column":5}},"type":"if","locations":[{"start":{"line":731,"column":4},"end":{"line":736,"column":5}},{"start":{"line":731,"column":4},"end":{"line":736,"column":5}}]},"107":{"loc":{"start":{"line":731,"column":8},"end":{"line":731,"column":16}},"type":"binary-expr","locations":[{"start":{"line":731,"column":8},"end":{"line":731,"column":16}},{"start":{"line":731,"column":20},"end":{"line":731,"column":39}},{"start":{"line":731,"column":43},"end":{"line":731,"column":60}}]},"108":{"loc":{"start":{"line":739,"column":4},"end":{"line":741,"column":5}},"type":"if","locations":[{"start":{"line":739,"column":4},"end":{"line":741,"column":5}},{"start":{"line":739,"column":4},"end":{"line":741,"column":5}}]},"109":{"loc":{"start":{"line":740,"column":26},"end":{"line":740,"column":80}},"type":"cond-expr","locations":[{"start":{"line":740,"column":26},"end":{"line":740,"column":80}},{"start":{"line":740,"column":83},"end":{"line":740,"column":87}}]},"110":{"loc":{"start":{"line":742,"column":4},"end":{"line":753,"column":5}},"type":"if","locations":[{"start":{"line":742,"column":4},"end":{"line":753,"column":5}},{"start":{"line":742,"column":4},"end":{"line":753,"column":5}}]}},"s":{"0":2,"1":2,"2":2,"3":2,"4":0,"5":2,"6":0,"7":0,"8":2,"9":0,"10":0,"11":0,"12":0,"13":0,"14":0,"15":0,"16":2,"17":0,"18":0,"19":0,"20":0,"21":2,"22":29,"23":29,"24":29,"25":29,"26":2,"27":0,"28":2,"29":0,"30":0,"31":0,"32":0,"33":2,"34":0,"35":0,"36":0,"37":0,"38":2,"39":0,"40":0,"41":0,"42":0,"43":0,"44":0,"45":0,"46":0,"47":0,"48":0,"49":0,"50":0,"51":2,"52":0,"53":0,"54":2,"55":0,"56":0,"57":0,"58":0,"59":0,"60":0,"61":0,"62":2,"63":79,"64":79,"65":11,"66":68,"67":4,"68":64,"69":2,"70":88,"71":88,"72":88,"73":12,"74":76,"75":2,"76":26,"77":18,"78":8,"79":2,"80":121,"81":78,"82":78,"83":59,"84":59,"85":10,"86":78,"87":19,"88":59,"89":2,"90":13,"91":13,"92":28,"93":2,"94":14,"95":13,"96":16,"97":16,"98":5,"99":11,"100":2,"101":12,"102":6,"103":6,"104":2,"105":14,"106":18,"107":24,"108":12,"109":24,"110":12,"111":0,"112":12,"113":24,"114":2,"115":0,"116":0,"117":0,"118":0,"119":2,"120":0,"121":0,"122":0,"123":0,"124":0,"125":2,"126":0,"127":0,"128":0,"129":0,"130":0,"131":0,"132":0,"133":0,"134":0,"135":0,"136":0,"137":2,"138":0,"139":2,"140":0,"141":2,"142":0,"143":0,"144":2,"145":0,"146":0,"147":0,"148":0,"149":0,"150":0,"151":0,"152":0,"153":0,"154":0,"155":0,"156":0,"157":0,"158":0,"159":2,"160":8,"161":8,"162":2,"163":548,"164":2,"165":548,"166":2,"167":2,"168":235,"169":235,"170":1868,"171":235,"172":235,"173":2,"174":0,"175":2,"176":16,"177":9,"178":9,"179":9,"180":154,"181":2,"182":12,"183":6,"184":6,"185":0,"186":0,"187":6,"188":2,"189":110,"190":313,"191":2,"192":40,"193":2,"194":14,"195":46,"196":2,"197":16,"198":2,"199":2,"200":8,"201":2,"202":8,"203":24,"204":2,"205":1,"206":3,"207":2,"208":13,"209":46,"210":2,"211":0,"212":2,"213":502,"214":502,"215":2,"216":11,"217":11,"218":11,"219":11,"220":5,"221":6,"222":6,"223":11,"224":6,"225":5,"226":2,"227":5,"228":5,"229":5,"230":2,"231":3,"232":3,"233":0,"234":2,"235":5,"236":2,"237":3,"238":3,"239":2,"240":13,"241":27,"242":2,"243":0,"244":2,"245":0,"246":2,"247":0,"248":2,"249":0,"250":0,"251":0,"252":0,"253":0,"254":2,"255":18,"256":18,"257":13,"258":13,"259":13,"260":5,"261":5,"262":82,"263":67,"264":15,"265":5,"266":82,"267":5,"268":82,"269":5,"270":82,"271":5,"272":82,"273":5,"274":5,"275":5,"276":82,"277":82,"278":5,"279":88,"280":88,"281":5,"282":88,"283":88,"284":88,"285":88,"286":88,"287":5,"288":5,"289":5,"290":949,"291":93,"292":949,"293":17,"294":17,"295":949,"296":8,"297":13,"298":2,"299":32,"300":24,"301":24,"302":3,"303":21,"304":24,"305":2,"306":16,"307":8,"308":8,"309":62,"310":62,"311":67,"312":62,"313":46,"314":46,"315":2,"316":0,"317":2,"318":46,"319":46,"320":2,"321":0,"322":2,"323":46,"324":51,"325":46,"326":49,"327":46,"328":2,"329":46,"330":51,"331":46,"332":46,"333":46,"334":46,"335":0,"336":46,"337":43,"338":46,"339":0,"340":46,"341":46,"342":46,"343":0,"344":46,"345":41,"346":5,"347":2,"348":2,"349":2,"350":1,"351":1,"352":2,"353":1,"354":4,"355":4,"356":4,"357":4,"358":1,"359":1,"360":1,"361":2,"362":12,"363":12,"364":496,"365":12,"366":64,"367":422,"368":248,"369":64,"370":64,"371":12,"372":2,"373":1,"374":1,"375":1,"376":1,"377":1,"378":1,"379":1,"380":1,"381":1,"382":0,"383":0,"384":1,"385":1,"386":1,"387":2,"388":3,"389":9,"390":2,"391":6,"392":15,"393":2,"394":9,"395":23,"396":2,"397":0,"398":0,"399":2,"400":11,"401":10,"402":30,"403":10,"404":9,"405":27,"406":1,"407":2,"408":6,"409":3,"410":2,"411":10,"412":5,"413":2,"414":147,"415":154,"416":154,"417":154,"418":123,"419":9,"420":114,"421":110,"422":114,"423":76,"424":38,"425":38,"426":38,"427":38,"428":83,"429":2,"430":3,"431":3,"432":9,"433":3,"434":2,"435":2},"f":{"0":0,"1":0,"2":0,"3":0,"4":0,"5":0,"6":0,"7":29,"8":0,"9":0,"10":0,"11":0,"12":0,"13":0,"14":0,"15":0,"16":0,"17":79,"18":88,"19":26,"20":78,"21":13,"22":28,"23":13,"24":16,"25":6,"26":12,"27":24,"28":24,"29":0,"30":0,"31":0,"32":0,"33":0,"34":0,"35":0,"36":0,"37":0,"38":0,"39":0,"40":0,"41":0,"42":0,"43":0,"44":8,"45":548,"46":235,"47":1868,"48":0,"49":9,"50":154,"51":6,"52":110,"53":313,"54":40,"55":14,"56":46,"57":16,"58":2,"59":8,"60":8,"61":24,"62":1,"63":3,"64":13,"65":46,"66":0,"67":502,"68":11,"69":5,"70":5,"71":3,"72":13,"73":27,"74":0,"75":0,"76":0,"77":0,"78":18,"79":13,"80":82,"81":82,"82":82,"83":5,"84":88,"85":88,"86":949,"87":24,"88":8,"89":62,"90":62,"91":67,"92":62,"93":46,"94":46,"95":51,"96":49,"97":51,"98":46,"99":46,"100":46,"101":2,"102":1,"103":1,"104":4,"105":12,"106":496,"107":64,"108":422,"109":248,"110":1,"111":0,"112":3,"113":9,"114":6,"115":15,"116":9,"117":23,"118":0,"119":0,"120":10,"121":30,"122":27,"123":3,"124":5,"125":123,"126":110,"127":83,"128":3,"129":9,"130":0},"b":{"0":[0,0],"1":[0,0],"2":[29,0],"3":[0,0],"4":[0,0],"5":[0,0],"6":[0,0],"7":[0,0],"8":[0,0],"9":[0,0],"10":[0,0],"11":[0,0],"12":[0,0],"13":[0,0,0],"14":[0,0],"15":[0,0],"16":[0,0],"17":[11,68],"18":[4,64],"19":[88,0],"20":[12,76],"21":[18,8],"22":[26,6,23,20],"23":[43,35],"24":[59,19],"25":[10,49],"26":[19,59],"27":[78,78],"28":[0,13],"29":[1,12],"30":[5,11],"31":[2,3],"32":[6,0],"33":[2,10],"34":[6,6],"35":[12,0],"36":[0,12],"37":[0,0],"38":[0,0],"39":[0,0],"40":[0,0],"41":[0,0],"42":[0,0],"43":[0,0],"44":[0,0],"45":[2,546],"46":[548,491],"47":[1,234],"48":[7,2],"49":[6,0],"50":[0,6],"51":[313,219],"52":[46,36],"53":[0,0],"54":[0,502],"55":[5,6],"56":[6,5],"57":[2,3],"58":[3,0],"59":[0,0],"60":[0,0],"61":[5,8],"62":[5,8],"63":[67,15],"64":[5,10],"65":[5,77],"66":[5,77],"67":[88,20],"68":[88,0],"69":[93,856],"70":[17,932],"71":[949,93,27,22],"72":[8,16],"73":[3,21],"74":[8,0],"75":[62,62],"76":[2,44],"77":[0,2],"78":[2,44],"79":[0,2],"80":[2,44],"81":[0,46],"82":[43,3],"83":[0,46],"84":[0,46],"85":[41,5],"86":[46,46],"87":[39,2],"88":[1,3],"89":[1,3],"90":[2,2],"91":[4,3],"92":[74,174],"93":[1,0],"94":[0,1],"95":[0,1],"96":[0,1],"97":[0,0],"98":[1,9],"99":[9,1],"100":[3,0],"101":[5,0],"102":[24,99],"103":[31,92],"104":[31,92],"105":[31,92],"106":[9,114],"107":[123,24,13],"108":[76,38],"109":[62,14],"110":[38,0]}}
}
