TN:
SF:/Users/felix/projects/jazzband/coverage/lcov-report/block-navigation.js
FN:1,init
FN:16,toggleClass
FN:21,makeCurrent
FN:28,goToPrevious
FN:39,goToNext
FN:49,jump
FNF:6
FNH:0
FNDA:0,init
FNDA:0,toggleClass
FNDA:0,makeCurrent
FNDA:0,goToPrevious
FNDA:0,goToNext
FNDA:0,jump
DA:1,0
DA:3,0
DA:6,0
DA:9,0
DA:12,0
DA:17,0
DA:18,0
DA:22,0
DA:23,0
DA:24,0
DA:29,0
DA:30,0
DA:31,0
DA:32,0
DA:33,0
DA:36,0
DA:40,0
DA:42,0
DA:43,0
DA:46,0
DA:49,0
DA:50,0
DA:53,0
DA:54,0
DA:58,0
DA:59,0
DA:63,0
LF:27
LH:0
BRDA:30,0,0,0
BRDA:30,0,1,0
BRDA:30,1,0,0
BRDA:30,1,1,0
BRDA:32,2,0,0
BRDA:32,2,1,0
BRDA:42,3,0,0
BRDA:42,3,1,0
BRDA:42,4,0,0
BRDA:42,4,1,0
BRDA:50,5,0,0
BRDA:50,5,1,0
BRDA:50,5,2,0
BRDA:50,5,3,0
BRDA:50,5,4,0
BRF:15
BRH:0
end_of_record
TN:
SF:/Users/felix/projects/jazzband/coverage/lcov-report/prettify.js
FN:1,(anonymous_0)
FN:1,k
FN:1,ab
FN:1,T
FN:1,X
FN:1,(anonymous_5)
FN:1,W
FN:1,(anonymous_7)
FN:1,a
FN:1,aa
FN:1,B
FN:1,o
FN:1,g
FN:1,(anonymous_13)
FN:1,(anonymous_14)
FN:1,i
FN:1,Q
FN:1,ae
FN:1,ad
FN:1,ai
FN:1,D
FN:1,c
FN:1,q
FN:1,d
FN:1,y
FN:1,b
FN:1,Y
FN:1,(anonymous_27)
FN:1,U
FNF:29
FNH:0
FNDA:0,(anonymous_0)
FNDA:0,k
FNDA:0,ab
FNDA:0,T
FNDA:0,X
FNDA:0,(anonymous_5)
FNDA:0,W
FNDA:0,(anonymous_7)
FNDA:0,a
FNDA:0,aa
FNDA:0,B
FNDA:0,o
FNDA:0,g
FNDA:0,(anonymous_13)
FNDA:0,(anonymous_14)
FNDA:0,i
FNDA:0,Q
FNDA:0,ae
FNDA:0,ad
FNDA:0,ai
FNDA:0,D
FNDA:0,c
FNDA:0,q
FNDA:0,d
FNDA:0,y
FNDA:0,b
FNDA:0,Y
FNDA:0,(anonymous_27)
FNDA:0,U
DA:1,0
LF:1
LH:0
BRDA:1,0,0,0
BRDA:1,0,1,0
BRDA:1,1,0,0
BRDA:1,1,1,0
BRDA:1,2,0,0
BRDA:1,2,1,0
BRDA:1,3,0,0
BRDA:1,3,1,0
BRDA:1,4,0,0
BRDA:1,4,1,0
BRDA:1,5,0,0
BRDA:1,5,1,0
BRDA:1,6,0,0
BRDA:1,6,1,0
BRDA:1,7,0,0
BRDA:1,7,1,0
BRDA:1,8,0,0
BRDA:1,8,1,0
BRDA:1,9,0,0
BRDA:1,9,1,0
BRDA:1,10,0,0
BRDA:1,10,1,0
BRDA:1,11,0,0
BRDA:1,11,1,0
BRDA:1,11,2,0
BRDA:1,11,3,0
BRDA:1,12,0,0
BRDA:1,12,1,0
BRDA:1,13,0,0
BRDA:1,13,1,0
BRDA:1,14,0,0
BRDA:1,14,1,0
BRDA:1,15,0,0
BRDA:1,15,1,0
BRDA:1,16,0,0
BRDA:1,16,1,0
BRDA:1,17,0,0
BRDA:1,17,1,0
BRDA:1,18,0,0
BRDA:1,18,1,0
BRDA:1,19,0,0
BRDA:1,19,1,0
BRDA:1,20,0,0
BRDA:1,20,1,0
BRDA:1,21,0,0
BRDA:1,21,1,0
BRDA:1,22,0,0
BRDA:1,22,1,0
BRDA:1,23,0,0
BRDA:1,23,1,0
BRDA:1,24,0,0
BRDA:1,24,1,0
BRDA:1,25,0,0
BRDA:1,25,1,0
BRDA:1,26,0,0
BRDA:1,26,1,0
BRDA:1,27,0,0
BRDA:1,27,1,0
BRDA:1,28,0,0
BRDA:1,28,1,0
BRDA:1,29,0,0
BRDA:1,29,1,0
BRDA:1,30,0,0
BRDA:1,30,1,0
BRDA:1,31,0,0
BRDA:1,31,1,0
BRDA:1,32,0,0
BRDA:1,32,1,0
BRDA:1,33,0,0
BRDA:1,33,1,0
BRDA:1,34,0,0
BRDA:1,34,1,0
BRDA:1,35,0,0
BRDA:1,35,1,0
BRDA:1,36,0,0
BRDA:1,36,1,0
BRDA:1,37,0,0
BRDA:1,37,1,0
BRDA:1,38,0,0
BRDA:1,38,1,0
BRDA:1,39,0,0
BRDA:1,39,1,0
BRDA:1,40,0,0
BRDA:1,40,1,0
BRDA:1,41,0,0
BRDA:1,41,1,0
BRDA:1,42,0,0
BRDA:1,42,1,0
BRDA:1,43,0,0
BRDA:1,43,1,0
BRDA:1,44,0,0
BRDA:1,44,1,0
BRDA:1,45,0,0
BRDA:1,45,1,0
BRDA:1,46,0,0
BRDA:1,46,1,0
BRDA:1,47,0,0
BRDA:1,47,1,0
BRDA:1,48,0,0
BRDA:1,48,1,0
BRDA:1,49,0,0
BRDA:1,49,1,0
BRDA:1,49,2,0
BRDA:1,50,0,0
BRDA:1,50,1,0
BRDA:1,51,0,0
BRDA:1,51,1,0
BRDA:1,52,0,0
BRDA:1,52,1,0
BRDA:1,53,0,0
BRDA:1,53,1,0
BRDA:1,54,0,0
BRDA:1,54,1,0
BRDA:1,55,0,0
BRDA:1,55,1,0
BRDA:1,56,0,0
BRDA:1,56,1,0
BRDA:1,57,0,0
BRDA:1,57,1,0
BRDA:1,58,0,0
BRDA:1,58,1,0
BRDA:1,59,0,0
BRDA:1,59,1,0
BRDA:1,60,0,0
BRDA:1,60,1,0
BRDA:1,61,0,0
BRDA:1,61,1,0
BRDA:1,62,0,0
BRDA:1,62,1,0
BRDA:1,63,0,0
BRDA:1,63,1,0
BRDA:1,64,0,0
BRDA:1,64,1,0
BRDA:1,65,0,0
BRDA:1,65,1,0
BRDA:1,66,0,0
BRDA:1,66,1,0
BRDA:1,67,0,0
BRDA:1,67,1,0
BRDA:1,68,0,0
BRDA:1,68,1,0
BRDA:1,69,0,0
BRDA:1,69,1,0
BRDA:1,70,0,0
BRDA:1,70,1,0
BRDA:1,71,0,0
BRDA:1,71,1,0
BRDA:1,72,0,0
BRDA:1,72,1,0
BRDA:1,73,0,0
BRDA:1,73,1,0
BRDA:1,74,0,0
BRDA:1,74,1,0
BRDA:1,75,0,0
BRDA:1,75,1,0
BRDA:1,76,0,0
BRDA:1,76,1,0
BRDA:1,77,0,0
BRDA:1,77,1,0
BRDA:1,78,0,0
BRDA:1,78,1,0
BRDA:1,79,0,0
BRDA:1,79,1,0
BRDA:1,80,0,0
BRDA:1,80,1,0
BRDA:1,81,0,0
BRDA:1,81,1,0
BRDA:1,82,0,0
BRDA:1,82,1,0
BRDA:1,83,0,0
BRDA:1,83,1,0
BRDA:1,84,0,0
BRDA:1,84,1,0
BRDA:1,85,0,0
BRDA:1,85,1,0
BRDA:1,86,0,0
BRDA:1,86,1,0
BRDA:1,87,0,0
BRDA:1,87,1,0
BRDA:1,88,0,0
BRDA:1,88,1,0
BRDA:1,88,2,0
BRDA:1,89,0,0
BRDA:1,89,1,0
BRDA:1,90,0,0
BRDA:1,90,1,0
BRDA:1,91,0,0
BRDA:1,91,1,0
BRDA:1,92,0,0
BRDA:1,92,1,0
BRDA:1,93,0,0
BRDA:1,93,1,0
BRDA:1,94,0,0
BRDA:1,94,1,0
BRDA:1,95,0,0
BRDA:1,95,1,0
BRDA:1,96,0,0
BRDA:1,96,1,0
BRDA:1,97,0,0
BRDA:1,97,1,0
BRDA:1,98,0,0
BRDA:1,98,1,0
BRDA:1,99,0,0
BRDA:1,99,1,0
BRDA:1,100,0,0
BRDA:1,100,1,0
BRDA:1,101,0,0
BRDA:1,101,1,0
BRDA:1,102,0,0
BRDA:1,102,1,0
BRDA:1,103,0,0
BRDA:1,103,1,0
BRDA:1,104,0,0
BRDA:1,104,1,0
BRDA:1,105,0,0
BRDA:1,105,1,0
BRDA:1,106,0,0
BRDA:1,106,1,0
BRDA:1,107,0,0
BRDA:1,107,1,0
BRDA:1,108,0,0
BRDA:1,108,1,0
BRDA:1,109,0,0
BRDA:1,109,1,0
BRDA:1,110,0,0
BRDA:1,110,1,0
BRDA:1,111,0,0
BRDA:1,111,1,0
BRDA:1,112,0,0
BRDA:1,112,1,0
BRDA:1,113,0,0
BRDA:1,113,1,0
BRDA:1,114,0,0
BRDA:1,114,1,0
BRDA:1,115,0,0
BRDA:1,115,1,0
BRDA:1,116,0,0
BRDA:1,116,1,0
BRDA:1,117,0,0
BRDA:1,117,1,0
BRDA:1,118,0,0
BRDA:1,118,1,0
BRDA:1,119,0,0
BRDA:1,119,1,0
BRDA:1,120,0,0
BRDA:1,120,1,0
BRDA:1,121,0,0
BRDA:1,121,1,0
BRDA:1,122,0,0
BRDA:1,122,1,0
BRDA:1,123,0,0
BRDA:1,123,1,0
BRDA:1,124,0,0
BRDA:1,124,1,0
BRDA:1,125,0,0
BRDA:1,125,1,0
BRDA:1,126,0,0
BRDA:1,126,1,0
BRDA:1,127,0,0
BRDA:1,127,1,0
BRDA:1,127,2,0
BRDA:1,128,0,0
BRDA:1,128,1,0
BRDA:1,129,0,0
BRDA:1,129,1,0
BRDA:1,130,0,0
BRDA:1,130,1,0
BRDA:1,130,2,0
BRDA:1,130,3,0
BRDA:1,130,4,0
BRDA:1,131,0,0
BRDA:1,131,1,0
BRDA:1,132,0,0
BRDA:1,132,1,0
BRDA:1,133,0,0
BRDA:1,133,1,0
BRDA:1,134,0,0
BRDA:1,134,1,0
BRDA:1,135,0,0
BRDA:1,135,1,0
BRDA:1,136,0,0
BRDA:1,136,1,0
BRDA:1,137,0,0
BRDA:1,137,1,0
BRF:284
BRH:0
end_of_record
TN:
SF:/Users/felix/projects/jazzband/coverage/lcov-report/sorter.js
FN:1,(anonymous_0)
FN:10,getTable
FN:12,getTableHeader
FN:14,getTableBody
FN:16,getNthColumn
FN:19,loadColumns
FN:43,loadRowData
FN:62,loadData
FN:71,sortByIndex
FN:73,(anonymous_9)
FN:85,(anonymous_10)
FN:102,removeSortIndicators
FN:110,addSortIndicators
FN:114,enableUI
FN:117,ithSorter
FN:120,(anonymous_15)
FN:147,(anonymous_16)
FNF:17
FNH:0
FNDA:0,(anonymous_0)
FNDA:0,getTable
FNDA:0,getTableHeader
FNDA:0,getTableBody
FNDA:0,getNthColumn
FNDA:0,loadColumns
FNDA:0,loadRowData
FNDA:0,loadData
FNDA:0,sortByIndex
FNDA:0,(anonymous_9)
FNDA:0,(anonymous_10)
FNDA:0,removeSortIndicators
FNDA:0,addSortIndicators
FNDA:0,enableUI
FNDA:0,ithSorter
FNDA:0,(anonymous_15)
FNDA:0,(anonymous_16)
DA:1,0
DA:4,0
DA:10,0
DA:12,0
DA:14,0
DA:16,0
DA:20,0
DA:22,0
DA:26,0
DA:27,0
DA:28,0
DA:33,0
DA:34,0
DA:35,0
DA:36,0
DA:39,0
DA:44,0
DA:47,0
DA:50,0
DA:51,0
DA:52,0
DA:53,0
DA:54,0
DA:55,0
DA:57,0
DA:59,0
DA:63,0
DA:66,0
DA:67,0
DA:72,0
DA:73,0
DA:74,0
DA:75,0
DA:76,0
DA:78,0
DA:79,0
DA:80,0
DA:81,0
DA:84,0
DA:85,0
DA:86,0
DA:90,0
DA:91,0
DA:92,0
DA:95,0
DA:97,0
DA:98,0
DA:103,0
DA:104,0
DA:106,0
DA:107,0
DA:111,0
DA:117,0
DA:118,0
DA:120,0
DA:121,0
DA:123,0
DA:124,0
DA:126,0
DA:127,0
DA:128,0
DA:129,0
DA:130,0
DA:133,0
DA:134,0
DA:137,0
DA:138,0
DA:139,0
DA:141,0
DA:147,0
DA:148,0
DA:149,0
DA:151,0
DA:152,0
DA:153,0
DA:154,0
DA:158,0
LF:77
LH:0
BRDA:31,0,0,0
BRDA:31,0,1,0
BRDA:34,1,0,0
BRDA:34,1,1,0
BRDA:54,2,0,0
BRDA:54,2,1,0
BRDA:76,3,0,0
BRDA:76,3,1,0
BRDA:76,4,0,0
BRDA:76,4,1,0
BRDA:84,5,0,0
BRDA:84,5,1,0
BRDA:111,6,0,0
BRDA:111,6,1,0
BRDA:123,7,0,0
BRDA:123,7,1,0
BRDA:134,8,0,0
BRDA:134,8,1,0
BRDA:138,9,0,0
BRDA:138,9,1,0
BRDA:148,10,0,0
BRDA:148,10,1,0
BRF:22
BRH:0
end_of_record
TN:
SF:/Users/felix/projects/jazzband/lib/util.js
FN:2,(anonymous_0)
FN:14,randomNumber
FN:18,arraySum
FN:19,(anonymous_3)
FN:22,randomElement
FN:28,(anonymous_5)
FN:29,(anonymous_6)
FN:32,shuffleArray
FN:41,getTonalChord
FN:58,getMidi
FN:63,getPath
FN:71,getDuration
FN:74,(anonymous_12)
FN:77,resolveChords
FN:83,(anonymous_14)
FN:95,hasOff
FN:101,offbeatReducer
FN:104,(anonymous_17)
FN:114,invertInterval
FN:129,simplifyInterval
FN:146,forceDirection
FN:155,minInterval
FN:170,mapMinInterval
FN:172,(anonymous_23)
FN:176,sortMinInterval
FN:178,(anonymous_25)
FN:188,getNearestNote
FN:195,getNearestTargets
FN:200,(anonymous_28)
FN:206,(anonymous_29)
FN:209,intervalMatrix
FN:210,(anonymous_31)
FN:211,(anonymous_32)
FN:214,(anonymous_33)
FN:219,randomSynth
FN:232,adsr
FN:242,randomDelay
FN:246,isInRange
FN:250,transposeNotes
FN:251,(anonymous_39)
FN:254,transposeToRange
FN:259,(anonymous_41)
FN:260,(anonymous_42)
FN:263,(anonymous_43)
FN:264,(anonymous_44)
FN:272,getStep
FN:295,getIntervalFromStep
FN:298,(anonymous_47)
FN:305,getChordScales
FN:309,(anonymous_49)
FN:312,pickChordScale
FN:322,findDegree
FN:324,(anonymous_52)
FN:328,hasDegree
FN:332,hasAllDegrees
FN:333,(anonymous_55)
FN:336,getScaleDegree
FN:340,getStepInChord
FN:344,getScalePattern
FN:345,(anonymous_59)
FN:348,renderIntervals
FN:349,(anonymous_61)
FN:352,renderSteps
FN:353,(anonymous_63)
FN:356,permutateIntervals
FN:357,(anonymous_65)
FN:360,getStepFromInterval
FN:364,getDegreeFromInterval
FN:369,getPatternInChord
FN:392,getDigitalPattern
FN:406,renderDigitalPattern
FN:410,getGuideTones
FN:415,getRangePosition
FN:420,isFirstInPath
FN:422,(anonymous_74)
FN:425,isBarStart
FN:429,isFormStart
FN:433,isOffbeat
FN:437,otherDirection
FN:447,wrapPipes
FN:450,formatChordSnippet
FN:458,(anonymous_81)
FN:468,(anonymous_82)
FN:475,(anonymous_83)
FN:477,(anonymous_84)
FN:484,(anonymous_85)
FN:489,(anonymous_86)
FN:501,(anonymous_87)
FN:521,minifyChordSnippet
FN:552,parseChordSnippet
FN:557,(anonymous_90)
FN:558,(anonymous_91)
FN:558,(anonymous_92)
FN:559,(anonymous_93)
FN:560,(anonymous_94)
FN:562,(anonymous_95)
FN:578,(anonymous_96)
FN:579,(anonymous_97)
FN:583,(anonymous_98)
FN:589,(anonymous_99)
FN:602,(anonymous_100)
FN:604,(anonymous_101)
FN:617,formatForDiff
FN:622,chordSnippetDiff
FN:627,totalDiff
FN:628,(anonymous_105)
FN:648,sortByDegree
FN:651,(anonymous_107)
FN:653,(anonymous_108)
FN:655,(anonymous_109)
FN:656,(anonymous_110)
FN:663,getVoicing
FN:669,(anonymous_112)
FN:679,minIntervals
FN:680,(anonymous_114)
FN:683,semitoneDifference
FN:684,(anonymous_116)
FN:689,semitoneMovement
FN:690,(anonymous_118)
FN:695,longestChild
FN:696,(anonymous_120)
FN:708,voicingIntervals
FN:710,(anonymous_122)
FN:712,(anonymous_123)
FN:717,voicingDifference
FN:722,voicingMovement
FNF:126
FNH:86
FNDA:1,(anonymous_0)
FNDA:0,randomNumber
FNDA:0,arraySum
FNDA:0,(anonymous_3)
FNDA:0,randomElement
FNDA:0,(anonymous_5)
FNDA:0,(anonymous_6)
FNDA:0,shuffleArray
FNDA:29,getTonalChord
FNDA:0,getMidi
FNDA:0,getPath
FNDA:0,getDuration
FNDA:0,(anonymous_12)
FNDA:0,resolveChords
FNDA:0,(anonymous_14)
FNDA:0,hasOff
FNDA:0,offbeatReducer
FNDA:0,(anonymous_17)
FNDA:79,invertInterval
FNDA:88,simplifyInterval
FNDA:26,forceDirection
FNDA:78,minInterval
FNDA:13,mapMinInterval
FNDA:28,(anonymous_23)
FNDA:13,sortMinInterval
FNDA:16,(anonymous_25)
FNDA:6,getNearestNote
FNDA:12,getNearestTargets
FNDA:24,(anonymous_28)
FNDA:24,(anonymous_29)
FNDA:0,intervalMatrix
FNDA:0,(anonymous_31)
FNDA:0,(anonymous_32)
FNDA:0,(anonymous_33)
FNDA:0,randomSynth
FNDA:0,adsr
FNDA:0,randomDelay
FNDA:0,isInRange
FNDA:0,transposeNotes
FNDA:0,(anonymous_39)
FNDA:0,transposeToRange
FNDA:0,(anonymous_41)
FNDA:0,(anonymous_42)
FNDA:0,(anonymous_43)
FNDA:0,(anonymous_44)
FNDA:548,getStep
FNDA:235,getIntervalFromStep
FNDA:1868,(anonymous_47)
FNDA:9,getChordScales
FNDA:154,(anonymous_49)
FNDA:6,pickChordScale
FNDA:110,findDegree
FNDA:313,(anonymous_52)
FNDA:40,hasDegree
FNDA:14,hasAllDegrees
FNDA:46,(anonymous_55)
FNDA:16,getScaleDegree
FNDA:0,getStepInChord
FNDA:2,getScalePattern
FNDA:8,(anonymous_59)
FNDA:8,renderIntervals
FNDA:24,(anonymous_61)
FNDA:1,renderSteps
FNDA:3,(anonymous_63)
FNDA:13,permutateIntervals
FNDA:46,(anonymous_65)
FNDA:0,getStepFromInterval
FNDA:502,getDegreeFromInterval
FNDA:11,getPatternInChord
FNDA:5,getDigitalPattern
FNDA:5,renderDigitalPattern
FNDA:3,getGuideTones
FNDA:8,getRangePosition
FNDA:13,isFirstInPath
FNDA:27,(anonymous_74)
FNDA:0,isBarStart
FNDA:0,isFormStart
FNDA:0,isOffbeat
FNDA:0,otherDirection
FNDA:18,wrapPipes
FNDA:13,formatChordSnippet
FNDA:82,(anonymous_81)
FNDA:82,(anonymous_82)
FNDA:82,(anonymous_83)
FNDA:5,(anonymous_84)
FNDA:88,(anonymous_85)
FNDA:88,(anonymous_86)
FNDA:949,(anonymous_87)
FNDA:24,minifyChordSnippet
FNDA:8,parseChordSnippet
FNDA:62,(anonymous_90)
FNDA:62,(anonymous_91)
FNDA:67,(anonymous_92)
FNDA:62,(anonymous_93)
FNDA:46,(anonymous_94)
FNDA:46,(anonymous_95)
FNDA:51,(anonymous_96)
FNDA:49,(anonymous_97)
FNDA:51,(anonymous_98)
FNDA:46,(anonymous_99)
FNDA:46,(anonymous_100)
FNDA:46,(anonymous_101)
FNDA:2,formatForDiff
FNDA:1,chordSnippetDiff
FNDA:1,totalDiff
FNDA:4,(anonymous_105)
FNDA:12,sortByDegree
FNDA:496,(anonymous_107)
FNDA:64,(anonymous_108)
FNDA:422,(anonymous_109)
FNDA:248,(anonymous_110)
FNDA:1,getVoicing
FNDA:0,(anonymous_112)
FNDA:3,minIntervals
FNDA:9,(anonymous_114)
FNDA:6,semitoneDifference
FNDA:15,(anonymous_116)
FNDA:9,semitoneMovement
FNDA:23,(anonymous_118)
FNDA:0,longestChild
FNDA:0,(anonymous_120)
FNDA:10,voicingIntervals
FNDA:30,(anonymous_122)
FNDA:27,(anonymous_123)
FNDA:3,voicingDifference
FNDA:5,voicingMovement
DA:2,1
DA:3,1
DA:4,0
DA:5,0
DA:6,0
DA:7,0
DA:9,1
DA:10,1
DA:11,1
DA:12,1
DA:13,1
DA:15,0
DA:17,1
DA:19,0
DA:21,1
DA:23,0
DA:24,0
DA:26,0
DA:27,0
DA:28,0
DA:29,0
DA:31,1
DA:34,0
DA:35,0
DA:36,0
DA:38,0
DA:40,1
DA:42,29
DA:53,29
DA:54,29
DA:55,29
DA:57,1
DA:59,0
DA:61,1
DA:64,0
DA:65,0
DA:66,0
DA:68,0
DA:70,1
DA:72,0
DA:73,0
DA:74,0
DA:76,1
DA:78,0
DA:79,0
DA:80,0
DA:82,0
DA:83,0
DA:85,0
DA:86,0
DA:88,0
DA:89,0
DA:90,0
DA:92,0
DA:94,1
DA:96,0
DA:97,0
DA:99,1
DA:102,0
DA:104,0
DA:105,0
DA:106,0
DA:107,0
DA:108,0
DA:110,0
DA:113,1
DA:115,79
DA:119,79
DA:120,11
DA:122,68
DA:123,4
DA:125,64
DA:127,1
DA:130,88
DA:131,88
DA:139,88
DA:140,12
DA:142,76
DA:144,1
DA:147,26
DA:149,18
DA:151,8
DA:153,1
DA:156,78
DA:157,78
DA:158,78
DA:159,59
DA:160,59
DA:161,10
DA:164,78
DA:165,19
DA:167,59
DA:169,1
DA:171,13
DA:172,28
DA:174,1
DA:177,13
DA:178,13
DA:179,16
DA:180,16
DA:181,5
DA:183,11
DA:186,1
DA:189,6
DA:190,6
DA:191,6
DA:193,1
DA:196,12
DA:197,12
DA:198,12
DA:199,12
DA:200,24
DA:203,12
DA:204,0
DA:206,24
DA:208,1
DA:210,0
DA:212,0
DA:214,0
DA:218,1
DA:220,0
DA:221,0
DA:222,0
DA:228,0
DA:229,0
DA:231,1
DA:233,0
DA:235,0
DA:236,0
DA:237,0
DA:238,0
DA:241,1
DA:243,0
DA:245,1
DA:247,0
DA:249,1
DA:251,0
DA:253,1
DA:255,0
DA:256,0
DA:257,0
DA:259,0
DA:260,0
DA:261,0
DA:263,0
DA:264,0
DA:265,0
DA:267,0
DA:269,1
DA:273,548
DA:274,2
DA:276,548
DA:278,1
DA:279,1
DA:296,235
DA:297,235
DA:298,1868
DA:299,235
DA:302,235
DA:304,1
DA:306,9
DA:307,9
DA:308,9
DA:309,154
DA:311,1
DA:313,6
DA:314,6
DA:315,6
DA:316,0
DA:317,0
DA:319,6
DA:321,1
DA:323,110
DA:324,313
DA:327,1
DA:329,40
DA:331,1
DA:333,46
DA:335,1
DA:337,16
DA:339,1
DA:341,0
DA:343,1
DA:345,8
DA:347,1
DA:349,24
DA:351,1
DA:353,3
DA:355,1
DA:357,46
DA:359,1
DA:361,0
DA:363,1
DA:365,502
DA:366,502
DA:368,1
DA:370,11
DA:371,11
DA:372,11
DA:374,11
DA:375,5
DA:379,6
DA:380,6
DA:382,11
DA:383,6
DA:385,5
DA:387,1
DA:393,5
DA:394,5
DA:395,5
DA:396,2
DA:398,3
DA:399,3
DA:402,0
DA:405,1
DA:407,5
DA:409,1
DA:411,3
DA:412,3
DA:414,1
DA:416,8
DA:417,8
DA:419,1
DA:421,13
DA:422,27
DA:424,1
DA:426,0
DA:428,1
DA:430,0
DA:432,1
DA:434,0
DA:436,1
DA:438,0
DA:439,0
DA:441,0
DA:442,0
DA:444,0
DA:446,1
DA:448,18
DA:451,13
DA:453,13
DA:454,13
DA:455,13
DA:457,5
DA:458,5
DA:459,82
DA:460,67
DA:462,15
DA:463,5
DA:465,82
DA:468,5
DA:469,82
DA:470,5
DA:472,82
DA:475,5
DA:476,82
DA:477,5
DA:478,5
DA:480,82
DA:481,82
DA:484,5
DA:485,88
DA:486,88
DA:489,5
DA:490,88
DA:491,88
DA:492,88
DA:495,88
DA:496,88
DA:498,5
DA:500,5
DA:501,5
DA:502,949
DA:503,93
DA:505,949
DA:506,17
DA:507,17
DA:509,949
DA:513,8
DA:515,13
DA:520,1
DA:522,24
DA:523,24
DA:529,24
DA:531,3
DA:541,21
DA:549,24
DA:551,1
DA:553,8
DA:554,8
DA:555,8
DA:557,62
DA:558,67
DA:559,62
DA:560,46
DA:564,46
DA:565,2
DA:566,0
DA:568,2
DA:570,46
DA:572,46
DA:573,2
DA:574,0
DA:576,2
DA:578,51
DA:579,49
DA:580,46
DA:581,2
DA:583,51
DA:585,46
DA:586,46
DA:587,46
DA:590,46
DA:591,0
DA:593,46
DA:594,43
DA:596,46
DA:597,0
DA:599,46
DA:602,46
DA:605,46
DA:606,0
DA:608,46
DA:609,41
DA:613,5
DA:616,1
DA:618,2
DA:621,1
DA:623,1
DA:624,1
DA:626,1
DA:628,1
DA:629,4
DA:630,4
DA:631,4
DA:632,4
DA:634,1
DA:635,1
DA:636,1
DA:638,1
DA:649,12
DA:651,496
DA:653,12
DA:654,64
DA:655,422
DA:656,248
DA:657,64
DA:658,64
DA:660,12
DA:662,1
DA:664,1
DA:665,1
DA:666,1
DA:667,1
DA:668,1
DA:669,0
DA:671,1
DA:673,1
DA:675,1
DA:677,1
DA:680,9
DA:682,1
DA:684,6
DA:685,15
DA:688,1
DA:690,9
DA:691,23
DA:694,1
DA:696,0
DA:698,1
DA:709,10
DA:710,30
DA:711,10
DA:712,27
DA:714,1
DA:716,1
DA:718,3
DA:719,3
DA:721,1
DA:723,5
DA:724,5
DA:726,1
LF:382
LH:291
BRDA:2,0,0,1
BRDA:2,0,1,1
BRDA:2,0,2,1
BRDA:3,1,0,1
BRDA:3,1,1,0
BRDA:3,2,0,1
BRDA:3,2,1,1
BRDA:5,3,0,0
BRDA:5,3,1,0
BRDA:5,4,0,0
BRDA:5,4,1,0
BRDA:23,5,0,0
BRDA:23,5,1,0
BRDA:28,6,0,0
BRDA:28,6,1,0
BRDA:55,7,0,29
BRDA:55,7,1,0
BRDA:64,8,0,0
BRDA:64,8,1,0
BRDA:65,9,0,0
BRDA:65,9,1,0
BRDA:65,10,0,0
BRDA:65,10,1,0
BRDA:72,11,0,0
BRDA:72,11,1,0
BRDA:73,12,0,0
BRDA:73,12,1,0
BRDA:79,13,0,0
BRDA:79,13,1,0
BRDA:80,14,0,0
BRDA:80,14,1,0
BRDA:85,15,0,0
BRDA:85,15,1,0
BRDA:89,16,0,0
BRDA:89,16,1,0
BRDA:96,17,0,0
BRDA:96,17,1,0
BRDA:97,18,0,0
BRDA:97,18,1,0
BRDA:97,18,2,0
BRDA:105,19,0,0
BRDA:105,19,1,0
BRDA:106,20,0,0
BRDA:106,20,1,0
BRDA:106,21,0,0
BRDA:106,21,1,0
BRDA:119,22,0,11
BRDA:119,22,1,68
BRDA:122,23,0,4
BRDA:122,23,1,64
BRDA:130,24,0,88
BRDA:130,24,1,0
BRDA:139,25,0,12
BRDA:139,25,1,76
BRDA:147,26,0,18
BRDA:147,26,1,8
BRDA:147,27,0,26
BRDA:147,27,1,6
BRDA:147,27,2,23
BRDA:147,27,3,20
BRDA:156,28,0,43
BRDA:156,28,1,35
BRDA:158,29,0,59
BRDA:158,29,1,19
BRDA:160,30,0,10
BRDA:160,30,1,49
BRDA:164,31,0,19
BRDA:164,31,1,59
BRDA:164,32,0,78
BRDA:164,32,1,78
BRDA:171,33,0,0
BRDA:171,33,1,13
BRDA:177,34,0,1
BRDA:177,34,1,12
BRDA:180,35,0,5
BRDA:180,35,1,11
BRDA:181,36,0,2
BRDA:181,36,1,3
BRDA:189,37,0,6
BRDA:189,37,1,0
BRDA:196,38,0,2
BRDA:196,38,1,10
BRDA:197,39,0,6
BRDA:197,39,1,6
BRDA:198,40,0,12
BRDA:198,40,1,0
BRDA:203,41,0,0
BRDA:203,41,1,12
BRDA:220,42,0,0
BRDA:220,42,1,0
BRDA:221,43,0,0
BRDA:221,43,1,0
BRDA:237,44,0,0
BRDA:237,44,1,0
BRDA:247,45,0,0
BRDA:247,45,1,0
BRDA:255,46,0,0
BRDA:255,46,1,0
BRDA:256,47,0,0
BRDA:256,47,1,0
BRDA:259,48,0,0
BRDA:259,48,1,0
BRDA:263,49,0,0
BRDA:263,49,1,0
BRDA:273,50,0,2
BRDA:273,50,1,546
BRDA:273,51,0,548
BRDA:273,51,1,491
BRDA:299,52,0,1
BRDA:299,52,1,234
BRDA:306,53,0,7
BRDA:306,53,1,2
BRDA:313,54,0,6
BRDA:313,54,1,0
BRDA:315,55,0,0
BRDA:315,55,1,6
BRDA:324,56,0,313
BRDA:324,56,1,219
BRDA:333,57,0,46
BRDA:333,57,1,36
BRDA:361,58,0,0
BRDA:361,58,1,0
BRDA:365,59,0,0
BRDA:365,59,1,502
BRDA:374,60,0,5
BRDA:374,60,1,6
BRDA:382,61,0,6
BRDA:382,61,1,5
BRDA:395,62,0,2
BRDA:395,62,1,3
BRDA:398,63,0,3
BRDA:398,63,1,0
BRDA:438,64,0,0
BRDA:438,64,1,0
BRDA:441,65,0,0
BRDA:441,65,1,0
BRDA:451,66,0,5
BRDA:451,66,1,8
BRDA:455,67,0,5
BRDA:455,67,1,8
BRDA:459,68,0,67
BRDA:459,68,1,15
BRDA:462,69,0,5
BRDA:462,69,1,10
BRDA:469,70,0,5
BRDA:469,70,1,77
BRDA:476,71,0,5
BRDA:476,71,1,77
BRDA:485,72,0,88
BRDA:485,72,1,20
BRDA:491,73,0,88
BRDA:491,73,1,0
BRDA:502,74,0,93
BRDA:502,74,1,856
BRDA:505,75,0,17
BRDA:505,75,1,932
BRDA:505,76,0,949
BRDA:505,76,1,93
BRDA:505,76,2,27
BRDA:505,76,3,22
BRDA:522,77,0,8
BRDA:522,77,1,16
BRDA:529,78,0,3
BRDA:529,78,1,21
BRDA:553,79,0,8
BRDA:553,79,1,0
BRDA:559,80,0,62
BRDA:559,80,1,62
BRDA:564,81,0,2
BRDA:564,81,1,44
BRDA:565,82,0,0
BRDA:565,82,1,2
BRDA:572,83,0,2
BRDA:572,83,1,44
BRDA:573,84,0,0
BRDA:573,84,1,2
BRDA:580,85,0,2
BRDA:580,85,1,44
BRDA:590,86,0,0
BRDA:590,86,1,46
BRDA:593,87,0,43
BRDA:593,87,1,3
BRDA:596,88,0,0
BRDA:596,88,1,46
BRDA:605,89,0,0
BRDA:605,89,1,46
BRDA:608,90,0,41
BRDA:608,90,1,5
BRDA:608,91,0,46
BRDA:608,91,1,46
BRDA:609,92,0,39
BRDA:609,92,1,2
BRDA:629,93,0,1
BRDA:629,93,1,3
BRDA:630,94,0,1
BRDA:630,94,1,3
BRDA:631,95,0,2
BRDA:631,95,1,2
BRDA:631,96,0,4
BRDA:631,96,1,3
BRDA:656,97,0,74
BRDA:656,97,1,174
BRDA:664,98,0,1
BRDA:664,98,1,0
BRDA:668,99,0,0
BRDA:668,99,1,1
BRDA:671,100,0,0
BRDA:671,100,1,1
BRDA:673,101,0,0
BRDA:673,101,1,1
BRDA:696,102,0,0
BRDA:696,102,1,0
BRDA:709,103,0,1
BRDA:709,103,1,9
BRDA:711,104,0,9
BRDA:711,104,1,1
BRDA:718,105,0,3
BRDA:718,105,1,0
BRDA:723,106,0,5
BRDA:723,106,1,0
BRF:220
BRH:135
end_of_record
TN:
SF:/Users/felix/projects/jazzband/src/util.ts
FN:7,randomNumber
FN:11,arraySum
FN:12,(anonymous_3)
FN:15,randomElement
FN:21,(anonymous_5)
FN:22,(anonymous_6)
FN:25,shuffleArray
FN:33,getTonalChord
FN:50,getMidi
FN:55,getPath
FN:62,getDuration
FN:63,(anonymous_12)
FN:66,resolveChords
FN:70,(anonymous_14)
FN:82,hasOff
FN:87,offbeatReducer
FN:89,(anonymous_17)
FN:99,invertInterval
FN:114,simplifyInterval
FN:135,forceDirection
FN:146,minInterval
FN:160,mapMinInterval
FN:161,(anonymous_23)
FN:165,sortMinInterval
FN:166,(anonymous_25)
FN:176,getNearestNote
FN:182,getNearestTargets
FN:184,(anonymous_28)
FN:190,(anonymous_29)
FN:193,intervalMatrix
FN:194,(anonymous_31)
FN:195,(anonymous_32)
FN:198,(anonymous_33)
FN:203,randomSynth
FN:224,adsr
FN:233,randomDelay
FN:237,isInRange
FN:241,transposeNotes
FN:242,(anonymous_39)
FN:245,transposeToRange
FN:249,(anonymous_41)
FN:250,(anonymous_42)
FN:253,(anonymous_43)
FN:254,(anonymous_44)
FN:260,getRangePosition
FN:268,getStep
FN:292,getIntervalFromStep
FN:295,(anonymous_48)
FN:302,getStepInChord
FN:310,getChordScales
FN:313,(anonymous_51)
FN:316,pickChordScale
FN:325,findDegree
FN:327,(anonymous_54)
FN:331,hasDegree
FN:335,hasAllDegrees
FN:336,(anonymous_57)
FN:339,getScaleDegree
FN:344,getScalePattern
FN:345,(anonymous_60)
FN:348,renderIntervals
FN:349,(anonymous_62)
FN:352,renderSteps
FN:353,(anonymous_64)
FN:356,permutateIntervals
FN:357,(anonymous_66)
FN:360,getStepFromInterval
FN:364,getDegreeFromInterval
FN:368,getPatternInChord
FN:391,getDigitalPattern
FN:403,renderDigitalPattern
FN:407,getGuideTones
FN:413,isFirstInPath
FN:415,(anonymous_74)
FN:418,isBarStart
FN:422,isFormStart
FN:426,isOffbeat
FN:431,otherDirection
FN:440,wrapPipes
FN:444,formatChordSnippet
FN:452,(anonymous_81)
FN:461,(anonymous_82)
FN:468,(anonymous_83)
FN:470,(anonymous_84)
FN:477,(anonymous_85)
FN:482,(anonymous_86)
FN:495,(anonymous_87)
FN:514,minifyChordSnippet
FN:543,parseChordSnippet
FN:547,(anonymous_90)
FN:548,(anonymous_91)
FN:548,(anonymous_92)
FN:549,(anonymous_93)
FN:550,(anonymous_94)
FN:552,(anonymous_95)
FN:568,(anonymous_96)
FN:569,(anonymous_97)
FN:573,(anonymous_98)
FN:579,(anonymous_99)
FN:592,(anonymous_100)
FN:594,(anonymous_101)
FN:607,formatForDiff
FN:612,chordSnippetDiff
FN:619,totalDiff
FN:620,(anonymous_105)
FN:641,sortByDegree
FN:644,(anonymous_107)
FN:646,(anonymous_108)
FN:648,(anonymous_109)
FN:649,(anonymous_110)
FN:657,getVoicing
FN:667,(anonymous_112)
FN:678,minIntervals
FN:679,(anonymous_114)
FN:682,semitoneDifference
FN:683,(anonymous_116)
FN:687,semitoneMovement
FN:688,(anonymous_118)
FN:693,longestChild
FN:694,(anonymous_120)
FN:707,voicingIntervals
FN:708,(anonymous_122)
FN:710,(anonymous_123)
FN:715,voicingDifference
FN:719,voicingMovement
FN:723,mapTree
FN:738,(anonymous_127)
FN:745,(anonymous_128)
FN:756,flattenTree
FN:758,(anonymous_130)
FN:762,expandTree
FNF:131
FNH:90
FNDA:0,randomNumber
FNDA:0,arraySum
FNDA:0,(anonymous_3)
FNDA:0,randomElement
FNDA:0,(anonymous_5)
FNDA:0,(anonymous_6)
FNDA:0,shuffleArray
FNDA:29,getTonalChord
FNDA:0,getMidi
FNDA:0,getPath
FNDA:0,getDuration
FNDA:0,(anonymous_12)
FNDA:0,resolveChords
FNDA:0,(anonymous_14)
FNDA:0,hasOff
FNDA:0,offbeatReducer
FNDA:0,(anonymous_17)
FNDA:79,invertInterval
FNDA:88,simplifyInterval
FNDA:26,forceDirection
FNDA:78,minInterval
FNDA:13,mapMinInterval
FNDA:28,(anonymous_23)
FNDA:13,sortMinInterval
FNDA:16,(anonymous_25)
FNDA:6,getNearestNote
FNDA:12,getNearestTargets
FNDA:24,(anonymous_28)
FNDA:24,(anonymous_29)
FNDA:0,intervalMatrix
FNDA:0,(anonymous_31)
FNDA:0,(anonymous_32)
FNDA:0,(anonymous_33)
FNDA:0,randomSynth
FNDA:0,adsr
FNDA:0,randomDelay
FNDA:0,isInRange
FNDA:0,transposeNotes
FNDA:0,(anonymous_39)
FNDA:0,transposeToRange
FNDA:0,(anonymous_41)
FNDA:0,(anonymous_42)
FNDA:0,(anonymous_43)
FNDA:0,(anonymous_44)
FNDA:8,getRangePosition
FNDA:548,getStep
FNDA:235,getIntervalFromStep
FNDA:1868,(anonymous_48)
FNDA:0,getStepInChord
FNDA:9,getChordScales
FNDA:154,(anonymous_51)
FNDA:6,pickChordScale
FNDA:110,findDegree
FNDA:313,(anonymous_54)
FNDA:40,hasDegree
FNDA:14,hasAllDegrees
FNDA:46,(anonymous_57)
FNDA:16,getScaleDegree
FNDA:2,getScalePattern
FNDA:8,(anonymous_60)
FNDA:8,renderIntervals
FNDA:24,(anonymous_62)
FNDA:1,renderSteps
FNDA:3,(anonymous_64)
FNDA:13,permutateIntervals
FNDA:46,(anonymous_66)
FNDA:0,getStepFromInterval
FNDA:502,getDegreeFromInterval
FNDA:11,getPatternInChord
FNDA:5,getDigitalPattern
FNDA:5,renderDigitalPattern
FNDA:3,getGuideTones
FNDA:13,isFirstInPath
FNDA:27,(anonymous_74)
FNDA:0,isBarStart
FNDA:0,isFormStart
FNDA:0,isOffbeat
FNDA:0,otherDirection
FNDA:18,wrapPipes
FNDA:13,formatChordSnippet
FNDA:82,(anonymous_81)
FNDA:82,(anonymous_82)
FNDA:82,(anonymous_83)
FNDA:5,(anonymous_84)
FNDA:88,(anonymous_85)
FNDA:88,(anonymous_86)
FNDA:949,(anonymous_87)
FNDA:24,minifyChordSnippet
FNDA:8,parseChordSnippet
FNDA:62,(anonymous_90)
FNDA:62,(anonymous_91)
FNDA:67,(anonymous_92)
FNDA:62,(anonymous_93)
FNDA:46,(anonymous_94)
FNDA:46,(anonymous_95)
FNDA:51,(anonymous_96)
FNDA:49,(anonymous_97)
FNDA:51,(anonymous_98)
FNDA:46,(anonymous_99)
FNDA:46,(anonymous_100)
FNDA:46,(anonymous_101)
FNDA:2,formatForDiff
FNDA:1,chordSnippetDiff
FNDA:1,totalDiff
FNDA:4,(anonymous_105)
FNDA:12,sortByDegree
FNDA:496,(anonymous_107)
FNDA:64,(anonymous_108)
FNDA:422,(anonymous_109)
FNDA:248,(anonymous_110)
FNDA:1,getVoicing
FNDA:0,(anonymous_112)
FNDA:3,minIntervals
FNDA:9,(anonymous_114)
FNDA:6,semitoneDifference
FNDA:15,(anonymous_116)
FNDA:9,semitoneMovement
FNDA:23,(anonymous_118)
FNDA:0,longestChild
FNDA:0,(anonymous_120)
FNDA:10,voicingIntervals
FNDA:30,(anonymous_122)
FNDA:27,(anonymous_123)
FNDA:3,voicingDifference
FNDA:5,voicingMovement
FNDA:123,mapTree
FNDA:110,(anonymous_127)
FNDA:83,(anonymous_128)
FNDA:3,flattenTree
FNDA:9,(anonymous_130)
FNDA:0,expandTree
DA:1,2
DA:2,2
DA:3,2
DA:4,2
DA:7,2
DA:8,0
DA:11,2
DA:12,0
DA:15,2
DA:16,0
DA:17,0
DA:19,0
DA:20,0
DA:21,0
DA:22,0
DA:25,2
DA:26,0
DA:27,0
DA:28,0
DA:30,0
DA:33,2
DA:34,29
DA:45,29
DA:46,29
DA:47,29
DA:50,2
DA:51,0
DA:55,2
DA:56,0
DA:57,0
DA:59,0
DA:62,2
DA:63,0
DA:66,2
DA:67,0
DA:69,0
DA:70,0
DA:72,0
DA:73,0
DA:75,0
DA:76,0
DA:77,0
DA:79,0
DA:82,2
DA:83,0
DA:87,2
DA:89,0
DA:90,0
DA:91,0
DA:92,0
DA:93,0
DA:95,0
DA:99,2
DA:100,79
DA:104,79
DA:105,11
DA:107,68
DA:108,4
DA:110,64
DA:114,2
DA:115,88
DA:117,88
DA:126,88
DA:127,12
DA:129,76
DA:135,2
DA:136,26
DA:140,18
DA:142,8
DA:146,121
DA:147,78
DA:148,78
DA:149,59
DA:150,59
DA:151,10
DA:154,78
DA:155,19
DA:157,59
DA:160,13
DA:161,28
DA:165,14
DA:166,13
DA:167,16
DA:168,16
DA:169,5
DA:171,11
DA:176,12
DA:177,6
DA:178,6
DA:182,24
DA:183,12
DA:184,24
DA:187,12
DA:188,0
DA:190,24
DA:193,2
DA:194,0
DA:196,0
DA:198,0
DA:203,2
DA:204,0
DA:210,0
DA:211,0
DA:224,2
DA:226,0
DA:227,0
DA:228,0
DA:229,0
DA:233,2
DA:234,0
DA:237,2
DA:238,0
DA:241,2
DA:242,0
DA:245,2
DA:246,0
DA:247,0
DA:249,0
DA:250,0
DA:251,0
DA:253,0
DA:254,0
DA:255,0
DA:257,0
DA:260,2
DA:261,8
DA:262,8
DA:268,2
DA:269,548
DA:270,2
DA:272,548
DA:275,2
DA:292,2
DA:293,235
DA:294,235
DA:295,1868
DA:296,235
DA:299,235
DA:302,2
DA:303,0
DA:310,16
DA:311,9
DA:312,9
DA:313,154
DA:316,12
DA:317,6
DA:318,6
DA:319,0
DA:320,0
DA:322,6
DA:325,2
DA:326,110
DA:327,313
DA:331,2
DA:332,40
DA:335,2
DA:336,46
DA:339,2
DA:340,16
DA:344,2
DA:345,8
DA:348,2
DA:349,24
DA:352,2
DA:353,3
DA:356,2
DA:357,46
DA:360,2
DA:361,0
DA:364,502
DA:365,502
DA:368,2
DA:369,11
DA:370,11
DA:371,11
DA:373,11
DA:374,5
DA:377,6
DA:378,6
DA:380,11
DA:381,6
DA:383,5
DA:391,2
DA:392,5
DA:393,5
DA:394,5
DA:395,2
DA:396,3
DA:397,3
DA:399,0
DA:403,2
DA:404,5
DA:407,2
DA:408,3
DA:409,3
DA:413,2
DA:414,13
DA:415,27
DA:418,2
DA:419,0
DA:422,2
DA:423,0
DA:426,2
DA:427,0
DA:431,2
DA:432,0
DA:433,0
DA:434,0
DA:435,0
DA:437,0
DA:441,18
DA:444,18
DA:446,13
DA:447,13
DA:449,13
DA:451,5
DA:452,5
DA:453,82
DA:454,67
DA:455,15
DA:456,5
DA:458,82
DA:461,5
DA:462,82
DA:463,5
DA:465,82
DA:468,5
DA:469,82
DA:470,5
DA:471,5
DA:473,82
DA:474,82
DA:477,5
DA:478,88
DA:479,88
DA:482,5
DA:483,88
DA:484,88
DA:485,88
DA:488,88
DA:489,88
DA:492,5
DA:494,5
DA:495,5
DA:496,949
DA:497,93
DA:499,949
DA:500,17
DA:501,17
DA:503,949
DA:506,8
DA:508,13
DA:514,32
DA:515,24
DA:521,24
DA:523,3
DA:532,21
DA:540,24
DA:543,16
DA:544,8
DA:545,8
DA:547,62
DA:548,67
DA:549,62
DA:550,46
DA:554,46
DA:555,2
DA:556,0
DA:558,2
DA:560,46
DA:562,46
DA:563,2
DA:564,0
DA:566,2
DA:568,51
DA:569,49
DA:570,46
DA:571,2
DA:573,51
DA:575,46
DA:576,46
DA:577,46
DA:580,46
DA:581,0
DA:583,46
DA:584,43
DA:586,46
DA:587,0
DA:589,46
DA:592,46
DA:595,46
DA:596,0
DA:598,46
DA:599,41
DA:603,5
DA:607,2
DA:608,2
DA:612,2
DA:613,1
DA:614,1
DA:619,2
DA:620,1
DA:621,4
DA:622,4
DA:623,4
DA:624,4
DA:626,1
DA:627,1
DA:628,1
DA:641,2
DA:642,12
DA:644,496
DA:646,12
DA:647,64
DA:648,422
DA:649,248
DA:650,64
DA:651,64
DA:654,12
DA:657,2
DA:663,1
DA:664,1
DA:665,1
DA:666,1
DA:667,0
DA:669,1
DA:671,1
DA:674,1
DA:678,2
DA:679,9
DA:682,2
DA:683,6
DA:684,15
DA:687,2
DA:688,9
DA:689,23
DA:693,2
DA:694,0
DA:707,11
DA:708,30
DA:709,10
DA:710,27
DA:712,1
DA:715,6
DA:716,3
DA:719,10
DA:720,5
DA:723,2
DA:726,147
DA:727,154
DA:728,154
DA:729,154
DA:731,123
DA:732,9
DA:738,114
DA:739,114
DA:740,76
DA:742,38
DA:743,38
DA:744,38
DA:745,38
DA:746,83
DA:756,2
DA:757,3
DA:758,9
DA:759,3
DA:762,2
LF:367
LH:291
BRDA:16,0,0,0
BRDA:16,0,1,0
BRDA:21,1,0,0
BRDA:21,1,1,0
BRDA:47,2,0,29
BRDA:47,2,1,0
BRDA:55,3,0,0
BRDA:55,3,1,0
BRDA:56,4,0,0
BRDA:56,4,1,0
BRDA:56,5,0,0
BRDA:56,5,1,0
BRDA:62,6,0,0
BRDA:62,6,1,0
BRDA:62,7,0,0
BRDA:62,7,1,0
BRDA:66,8,0,0
BRDA:66,8,1,0
BRDA:67,9,0,0
BRDA:67,9,1,0
BRDA:72,10,0,0
BRDA:72,10,1,0
BRDA:76,11,0,0
BRDA:76,11,1,0
BRDA:82,12,0,0
BRDA:82,12,1,0
BRDA:83,13,0,0
BRDA:83,13,1,0
BRDA:83,13,2,0
BRDA:90,14,0,0
BRDA:90,14,1,0
BRDA:91,15,0,0
BRDA:91,15,1,0
BRDA:91,16,0,0
BRDA:91,16,1,0
BRDA:104,17,0,11
BRDA:104,17,1,68
BRDA:107,18,0,4
BRDA:107,18,1,64
BRDA:115,19,0,88
BRDA:115,19,1,0
BRDA:126,20,0,12
BRDA:126,20,1,76
BRDA:136,21,0,18
BRDA:136,21,1,8
BRDA:137,22,0,26
BRDA:137,22,1,6
BRDA:137,22,2,23
BRDA:137,22,3,20
BRDA:146,23,0,43
BRDA:146,23,1,35
BRDA:148,24,0,59
BRDA:148,24,1,19
BRDA:150,25,0,10
BRDA:150,25,1,49
BRDA:154,26,0,19
BRDA:154,26,1,59
BRDA:154,27,0,78
BRDA:154,27,1,78
BRDA:160,28,0,0
BRDA:160,28,1,13
BRDA:165,29,0,1
BRDA:165,29,1,12
BRDA:168,30,0,5
BRDA:168,30,1,11
BRDA:169,31,0,2
BRDA:169,31,1,3
BRDA:176,32,0,6
BRDA:176,32,1,0
BRDA:182,33,0,2
BRDA:182,33,1,10
BRDA:182,34,0,6
BRDA:182,34,1,6
BRDA:182,35,0,12
BRDA:182,35,1,0
BRDA:187,36,0,0
BRDA:187,36,1,12
BRDA:203,37,0,0
BRDA:203,37,1,0
BRDA:203,38,0,0
BRDA:203,38,1,0
BRDA:228,39,0,0
BRDA:228,39,1,0
BRDA:238,40,0,0
BRDA:238,40,1,0
BRDA:245,41,0,0
BRDA:245,41,1,0
BRDA:246,42,0,0
BRDA:246,42,1,0
BRDA:249,43,0,0
BRDA:249,43,1,0
BRDA:253,44,0,0
BRDA:253,44,1,0
BRDA:269,45,0,2
BRDA:269,45,1,546
BRDA:269,46,0,548
BRDA:269,46,1,491
BRDA:296,47,0,1
BRDA:296,47,1,234
BRDA:310,48,0,7
BRDA:310,48,1,2
BRDA:316,49,0,6
BRDA:316,49,1,0
BRDA:318,50,0,0
BRDA:318,50,1,6
BRDA:327,51,0,313
BRDA:327,51,1,219
BRDA:336,52,0,46
BRDA:336,52,1,36
BRDA:361,53,0,0
BRDA:361,53,1,0
BRDA:364,54,0,0
BRDA:364,54,1,502
BRDA:373,55,0,5
BRDA:373,55,1,6
BRDA:380,56,0,6
BRDA:380,56,1,5
BRDA:394,57,0,2
BRDA:394,57,1,3
BRDA:396,58,0,3
BRDA:396,58,1,0
BRDA:432,59,0,0
BRDA:432,59,1,0
BRDA:434,60,0,0
BRDA:434,60,1,0
BRDA:444,61,0,5
BRDA:444,61,1,8
BRDA:449,62,0,5
BRDA:449,62,1,8
BRDA:453,63,0,67
BRDA:453,63,1,15
BRDA:455,64,0,5
BRDA:455,64,1,10
BRDA:462,65,0,5
BRDA:462,65,1,77
BRDA:469,66,0,5
BRDA:469,66,1,77
BRDA:478,67,0,88
BRDA:478,67,1,20
BRDA:484,68,0,88
BRDA:484,68,1,0
BRDA:496,69,0,93
BRDA:496,69,1,856
BRDA:499,70,0,17
BRDA:499,70,1,932
BRDA:499,71,0,949
BRDA:499,71,1,93
BRDA:499,71,2,27
BRDA:499,71,3,22
BRDA:514,72,0,8
BRDA:514,72,1,16
BRDA:521,73,0,3
BRDA:521,73,1,21
BRDA:543,74,0,8
BRDA:543,74,1,0
BRDA:549,75,0,62
BRDA:549,75,1,62
BRDA:554,76,0,2
BRDA:554,76,1,44
BRDA:555,77,0,0
BRDA:555,77,1,2
BRDA:562,78,0,2
BRDA:562,78,1,44
BRDA:563,79,0,0
BRDA:563,79,1,2
BRDA:570,80,0,2
BRDA:570,80,1,44
BRDA:580,81,0,0
BRDA:580,81,1,46
BRDA:583,82,0,43
BRDA:583,82,1,3
BRDA:586,83,0,0
BRDA:586,83,1,46
BRDA:595,84,0,0
BRDA:595,84,1,46
BRDA:598,85,0,41
BRDA:598,85,1,5
BRDA:598,86,0,46
BRDA:598,86,1,46
BRDA:600,87,0,39
BRDA:600,87,1,2
BRDA:621,88,0,1
BRDA:621,88,1,3
BRDA:622,89,0,1
BRDA:622,89,1,3
BRDA:623,90,0,2
BRDA:623,90,1,2
BRDA:623,91,0,4
BRDA:623,91,1,3
BRDA:649,92,0,74
BRDA:649,92,1,174
BRDA:657,93,0,1
BRDA:657,93,1,0
BRDA:666,94,0,0
BRDA:666,94,1,1
BRDA:669,95,0,0
BRDA:669,95,1,1
BRDA:671,96,0,0
BRDA:671,96,1,1
BRDA:694,97,0,0
BRDA:694,97,1,0
BRDA:707,98,0,1
BRDA:707,98,1,9
BRDA:709,99,0,9
BRDA:709,99,1,1
BRDA:715,100,0,3
BRDA:715,100,1,0
BRDA:719,101,0,5
BRDA:719,101,1,0
BRDA:726,102,0,24
BRDA:726,102,1,99
BRDA:727,103,0,31
BRDA:727,103,1,92
BRDA:728,104,0,31
BRDA:728,104,1,92
BRDA:729,105,0,31
BRDA:729,105,1,92
BRDA:731,106,0,9
BRDA:731,106,1,114
BRDA:731,107,0,123
BRDA:731,107,1,24
BRDA:731,107,2,13
BRDA:739,108,0,76
BRDA:739,108,1,38
BRDA:740,109,0,62
BRDA:740,109,1,14
BRDA:742,110,0,38
BRDA:742,110,1,0
BRF:228
BRH:147
end_of_record
